---------------------------------------------------------------
[ 2018-09-22T23:14:47+08:00 ] 203.93.18.117 GET /
[ sql ] [ DB ] CONNECT:[ UseTime:0.000651s ] mysql:host=127.0.0.1;dbname=lib;charset=utf8
[ sql ] [ SQL ] SHOW COLUMNS FROM `lib_label_list` [ RunTime:0.040210s ]
[ sql ] [ SQL ] SELECT `id`,`name` FROM `lib_label_list` WHERE  `status` = 1  AND `isdelete` = 0 [ RunTime:0.000433s ]
[ sql ] [ SQL ] SHOW COLUMNS FROM `lib_label_article` [ RunTime:0.000780s ]
[ sql ] [ SQL ] SELECT `id`,`name`,`read_account` FROM `lib_label_article` WHERE  `status` = 1  AND `isdelete` = 0 ORDER BY `read_account` DESC,`id` LIMIT 5 [ RunTime:0.000295s ]
[ sql ] [ SQL ] SELECT `id` FROM `lib_label_list` WHERE  `status` = 1  AND `isdelete` = 0 [ RunTime:0.000226s ]
[ sql ] [ SQL ] SELECT COUNT(*) AS tp_count FROM `lib_label_article` WHERE  `label_id` IN (1,2) LIMIT 1 [ RunTime:0.000280s ]
[ sql ] [ SQL ] SELECT `id`,`name`,`read_account`,`label_id`,`author_id`,`create_time` FROM `lib_label_article` WHERE  `label_id` IN (1,2) ORDER BY `create_time` DESC LIMIT 0,5 [ RunTime:0.000269s ]
[ sql ] [ SQL ] SELECT `name` FROM `lib_label_list` WHERE  `id` = 1 LIMIT 1 [ RunTime:0.000270s ]
[ sql ] [ SQL ] SHOW COLUMNS FROM `lib_admin_user` [ RunTime:0.000655s ]
[ sql ] [ SQL ] SELECT `account` FROM `lib_admin_user` WHERE  `id` = 1 LIMIT 1 [ RunTime:0.000229s ]
[ sql ] [ SQL ] SELECT `name` FROM `lib_label_list` WHERE  `id` = 2 LIMIT 1 [ RunTime:0.000215s ]
[ sql ] [ SQL ] SELECT `account` FROM `lib_admin_user` WHERE  `id` = 1 LIMIT 1 [ RunTime:0.000161s ]
[ sql ] [ SQL ] SELECT `name` FROM `lib_label_list` WHERE  `id` = 2 LIMIT 1 [ RunTime:0.000165s ]
[ sql ] [ SQL ] SELECT `account` FROM `lib_admin_user` WHERE  `id` = 1 LIMIT 1 [ RunTime:0.000154s ]
[ sql ] [ SQL ] SELECT `name` FROM `lib_label_list` WHERE  `id` = 1 LIMIT 1 [ RunTime:0.000176s ]
[ sql ] [ SQL ] SELECT `account` FROM `lib_admin_user` WHERE  `id` = 1 LIMIT 1 [ RunTime:0.000157s ]
[ sql ] [ SQL ] SELECT `name` FROM `lib_label_list` WHERE  `id` = 2 LIMIT 1 [ RunTime:0.000153s ]
[ sql ] [ SQL ] SELECT `account` FROM `lib_admin_user` WHERE  `id` = 1 LIMIT 1 [ RunTime:0.000155s ]
---------------------------------------------------------------
[ 2018-09-22T23:14:51+08:00 ] 203.93.18.117 GET /index/index/detail/detail/8.html
[ sql ] [ DB ] CONNECT:[ UseTime:0.000670s ] mysql:host=127.0.0.1;dbname=lib;charset=utf8
[ sql ] [ SQL ] SHOW COLUMNS FROM `lib_label_list` [ RunTime:0.001333s ]
[ sql ] [ SQL ] SELECT `id`,`name` FROM `lib_label_list` WHERE  `status` = 1  AND `isdelete` = 0 [ RunTime:0.000232s ]
[ sql ] [ SQL ] SHOW COLUMNS FROM `lib_label_article` [ RunTime:0.000583s ]
[ sql ] [ SQL ] SELECT `id`,`name`,`content` FROM `lib_label_article` WHERE  `id` = 8 LIMIT 1 [ RunTime:0.000299s ]
[ sql ] [ SQL ] UPDATE `lib_label_article`  SET `read_account`=`read_account`+1  WHERE  `id` = 8 [ RunTime:0.006576s ]
---------------------------------------------------------------
[ 2018-09-22T23:14:54+08:00 ] 203.93.18.117 GET /index/index/detail/detail/7.html
[ sql ] [ DB ] CONNECT:[ UseTime:0.000691s ] mysql:host=127.0.0.1;dbname=lib;charset=utf8
[ sql ] [ SQL ] SHOW COLUMNS FROM `lib_label_list` [ RunTime:0.001345s ]
[ sql ] [ SQL ] SELECT `id`,`name` FROM `lib_label_list` WHERE  `status` = 1  AND `isdelete` = 0 [ RunTime:0.000235s ]
[ sql ] [ SQL ] SHOW COLUMNS FROM `lib_label_article` [ RunTime:0.000915s ]
[ sql ] [ SQL ] SELECT `id`,`name`,`content` FROM `lib_label_article` WHERE  `id` = 7 LIMIT 1 [ RunTime:0.000359s ]
[ sql ] [ SQL ] UPDATE `lib_label_article`  SET `read_account`=`read_account`+1  WHERE  `id` = 7 [ RunTime:0.005312s ]
---------------------------------------------------------------
[ 2018-09-22T23:15:06+08:00 ] 203.93.18.117 POST /admin/pub/checklogin.html
[ sql ] [ DB ] CONNECT:[ UseTime:0.000675s ] mysql:host=127.0.0.1;dbname=lib;charset=utf8
[ sql ] [ SQL ] SHOW COLUMNS FROM `lib_admin_user` [ RunTime:0.040603s ]
[ sql ] [ SQL ] SELECT `id`,`realname`,`password`,`last_login_time` FROM `lib_admin_user` WHERE  `status` = 1  AND `account` = 'admin' LIMIT 1 [ RunTime:0.000535s ]
[ sql ] [ SQL ] UPDATE `lib_admin_user`  SET `login_account`=login_account+1,`last_login_time`=1537629306  WHERE  `id` = 1 [ RunTime:0.008087s ]
---------------------------------------------------------------
[ 2018-09-22T23:15:06+08:00 ] 203.93.18.117 GET /admin/index/index.html
[ sql ] [ DB ] CONNECT:[ UseTime:0.000747s ] mysql:host=127.0.0.1;dbname=lib;charset=utf8
[ sql ] [ SQL ] SHOW COLUMNS FROM `lib_node` [ RunTime:0.001545s ]
[ sql ] [ SQL ] SELECT `id`,`pid`,`group_id`,`name`,`title` FROM `lib_node` WHERE  `status` = 1  AND `isdelete` = 0  AND `group_id` > 0 ORDER BY `sort`,`id` [ RunTime:0.000398s ]
[ sql ] [ SQL ] SHOW COLUMNS FROM `lib_admin_group` [ RunTime:0.000682s ]
[ sql ] [ SQL ] SELECT `id`,`name`,`icon` FROM `lib_admin_group` WHERE  `status` = 1  AND `isdelete` = 0  AND `id` IN (1,2) [ RunTime:0.000316s ]
---------------------------------------------------------------
[ 2018-09-22T23:15:08+08:00 ] 203.93.18.117 GET /admin/label_list/index?page=1&limit=10
[ sql ] [ DB ] CONNECT:[ UseTime:0.000855s ] mysql:host=127.0.0.1;dbname=lib;charset=utf8
[ sql ] [ SQL ] SHOW COLUMNS FROM `lib_label_list` [ RunTime:0.001604s ]
[ sql ] [ SQL ] SELECT * FROM `lib_label_list` WHERE  `isdelete` = 0 ORDER BY `id` DESC LIMIT 0,10 [ RunTime:0.000424s ]
[ sql ] [ SQL ] SELECT COUNT(*) AS tp_count FROM `lib_label_list` WHERE  `isdelete` = 0 LIMIT 1 [ RunTime:0.000369s ]
---------------------------------------------------------------
[ 2018-09-22T23:15:12+08:00 ] 203.93.18.117 POST /admin/label_list/forbid.html
[ sql ] [ DB ] CONNECT:[ UseTime:0.000670s ] mysql:host=127.0.0.1;dbname=lib;charset=utf8
[ sql ] [ SQL ] SHOW COLUMNS FROM `lib_label_list` [ RunTime:0.003330s ]
[ sql ] [ SQL ] UPDATE `lib_label_list`  SET `status`=0  WHERE  `id` IN (2) [ RunTime:0.005927s ]
---------------------------------------------------------------
[ 2018-09-22T23:15:12+08:00 ] 203.93.18.117 GET /admin/label_list/index?page=1&limit=10
[ sql ] [ DB ] CONNECT:[ UseTime:0.000654s ] mysql:host=127.0.0.1;dbname=lib;charset=utf8
[ sql ] [ SQL ] SHOW COLUMNS FROM `lib_label_list` [ RunTime:0.003137s ]
[ sql ] [ SQL ] SELECT * FROM `lib_label_list` WHERE  `isdelete` = 0 ORDER BY `id` DESC LIMIT 0,10 [ RunTime:0.000417s ]
[ sql ] [ SQL ] SELECT COUNT(*) AS tp_count FROM `lib_label_list` WHERE  `isdelete` = 0 LIMIT 1 [ RunTime:0.000239s ]
---------------------------------------------------------------
[ 2018-09-22T23:15:15+08:00 ] 203.93.18.117 POST /admin/label_list/normal.html
[ sql ] [ DB ] CONNECT:[ UseTime:0.000642s ] mysql:host=127.0.0.1;dbname=lib;charset=utf8
[ sql ] [ SQL ] SHOW COLUMNS FROM `lib_label_list` [ RunTime:0.001308s ]
[ sql ] [ SQL ] UPDATE `lib_label_list`  SET `status`=1  WHERE  `id` IN (2) [ RunTime:0.005531s ]
---------------------------------------------------------------
[ 2018-09-22T23:15:15+08:00 ] 203.93.18.117 GET /admin/label_list/index?page=1&limit=10
[ sql ] [ DB ] CONNECT:[ UseTime:0.000662s ] mysql:host=127.0.0.1;dbname=lib;charset=utf8
[ sql ] [ SQL ] SHOW COLUMNS FROM `lib_label_list` [ RunTime:0.001297s ]
[ sql ] [ SQL ] SELECT * FROM `lib_label_list` WHERE  `isdelete` = 0 ORDER BY `id` DESC LIMIT 0,10 [ RunTime:0.000325s ]
[ sql ] [ SQL ] SELECT COUNT(*) AS tp_count FROM `lib_label_list` WHERE  `isdelete` = 0 LIMIT 1 [ RunTime:0.000236s ]
---------------------------------------------------------------
[ 2018-09-22T23:15:19+08:00 ] 203.93.18.117 GET /admin/label_article/index?page=1&limit=10
[ sql ] [ DB ] CONNECT:[ UseTime:0.000683s ] mysql:host=127.0.0.1;dbname=lib;charset=utf8
[ sql ] [ SQL ] SHOW COLUMNS FROM `lib_label_article` [ RunTime:0.001676s ]
[ sql ] [ SQL ] SELECT * FROM `lib_label_article` WHERE  `isdelete` = 0 ORDER BY `id` DESC LIMIT 0,10 [ RunTime:0.000479s ]
[ sql ] [ SQL ] SELECT COUNT(*) AS tp_count FROM `lib_label_article` WHERE  `isdelete` = 0 LIMIT 1 [ RunTime:0.000252s ]
[ sql ] [ SQL ] SHOW COLUMNS FROM `lib_label_list` [ RunTime:0.000587s ]
[ sql ] [ SQL ] SELECT `name` FROM `lib_label_list` WHERE  `id` = 1 LIMIT 1 [ RunTime:0.000254s ]
[ sql ] [ SQL ] SHOW COLUMNS FROM `lib_admin_user` [ RunTime:0.000594s ]
[ sql ] [ SQL ] SELECT `account` FROM `lib_admin_user` WHERE  `id` = 1 LIMIT 1 [ RunTime:0.000240s ]
[ sql ] [ SQL ] SELECT `name` FROM `lib_label_list` WHERE  `id` = 2 LIMIT 1 [ RunTime:0.000223s ]
[ sql ] [ SQL ] SELECT `account` FROM `lib_admin_user` WHERE  `id` = 1 LIMIT 1 [ RunTime:0.000163s ]
[ sql ] [ SQL ] SELECT `name` FROM `lib_label_list` WHERE  `id` = 2 LIMIT 1 [ RunTime:0.000162s ]
[ sql ] [ SQL ] SELECT `account` FROM `lib_admin_user` WHERE  `id` = 1 LIMIT 1 [ RunTime:0.000156s ]
[ sql ] [ SQL ] SELECT `name` FROM `lib_label_list` WHERE  `id` = 1 LIMIT 1 [ RunTime:0.000165s ]
[ sql ] [ SQL ] SELECT `account` FROM `lib_admin_user` WHERE  `id` = 1 LIMIT 1 [ RunTime:0.000159s ]
[ sql ] [ SQL ] SELECT `name` FROM `lib_label_list` WHERE  `id` = 2 LIMIT 1 [ RunTime:0.000177s ]
[ sql ] [ SQL ] SELECT `account` FROM `lib_admin_user` WHERE  `id` = 1 LIMIT 1 [ RunTime:0.000170s ]
[ sql ] [ SQL ] SELECT `name` FROM `lib_label_list` WHERE  `id` = 2 LIMIT 1 [ RunTime:0.000160s ]
[ sql ] [ SQL ] SELECT `account` FROM `lib_admin_user` WHERE  `id` = 1 LIMIT 1 [ RunTime:0.000175s ]
[ sql ] [ SQL ] SELECT `name` FROM `lib_label_list` WHERE  `id` = 1 LIMIT 1 [ RunTime:0.000321s ]
[ sql ] [ SQL ] SELECT `account` FROM `lib_admin_user` WHERE  `id` = 1 LIMIT 1 [ RunTime:0.000160s ]
[ sql ] [ SQL ] SELECT `name` FROM `lib_label_list` WHERE  `id` = 1 LIMIT 1 [ RunTime:0.000164s ]
[ sql ] [ SQL ] SELECT `account` FROM `lib_admin_user` WHERE  `id` = 1 LIMIT 1 [ RunTime:0.000171s ]
---------------------------------------------------------------
[ 2018-09-22T23:15:21+08:00 ] 203.93.18.117 GET /admin/label_article/add.html
[ sql ] [ DB ] CONNECT:[ UseTime:0.000622s ] mysql:host=127.0.0.1;dbname=lib;charset=utf8
[ sql ] [ SQL ] SHOW COLUMNS FROM `lib_label_list` [ RunTime:0.001572s ]
[ sql ] [ SQL ] SELECT `id`,`name` FROM `lib_label_list` WHERE  `status` = 1  AND `isdelete` = 0 [ RunTime:0.000366s ]
---------------------------------------------------------------
[ 2018-09-22T23:15:25+08:00 ] 203.93.18.117 GET /admin/label_article/edit.html?id=8
[ sql ] [ DB ] CONNECT:[ UseTime:0.000649s ] mysql:host=127.0.0.1;dbname=lib;charset=utf8
[ sql ] [ SQL ] SHOW COLUMNS FROM `lib_label_list` [ RunTime:0.005389s ]
[ sql ] [ SQL ] SELECT `id`,`name` FROM `lib_label_list` WHERE  `status` = 1  AND `isdelete` = 0 [ RunTime:0.000268s ]
[ sql ] [ SQL ] SHOW COLUMNS FROM `lib_label_article` [ RunTime:0.000796s ]
[ sql ] [ SQL ] SELECT * FROM `lib_label_article` WHERE  `id` = 8 LIMIT 1 [ RunTime:0.000316s ]
[ sql ] [ SQL ] SHOW COLUMNS FROM `lib_admin_user` [ RunTime:0.000729s ]
[ sql ] [ SQL ] SELECT `account` FROM `lib_admin_user` WHERE  `id` = 1 LIMIT 1 [ RunTime:0.000210s ]
[ sql ] [ SQL ] SELECT `name` FROM `lib_label_list` WHERE  `id` = 1 LIMIT 1 [ RunTime:0.000203s ]
---------------------------------------------------------------
[ 2018-09-22T23:15:29+08:00 ] 203.93.18.117 POST /admin/label_article/edit
[ sql ] [ DB ] CONNECT:[ UseTime:0.000613s ] mysql:host=127.0.0.1;dbname=lib;charset=utf8
[ sql ] [ SQL ] SHOW COLUMNS FROM `lib_label_article` [ RunTime:0.001689s ]
[ sql ] [ SQL ] UPDATE `lib_label_article`  SET `author_id`=1,`label_id`=1,`name`=' Prime-time ban proposed for overseas-made TV, radio shows',`remark`='阿风俗的',`status`=1,`content`='发送到爱上范德萨',`update_time`=1537629329  WHERE  `id` = 8 [ RunTime:0.004620s ]
---------------------------------------------------------------
[ 2018-09-22T23:15:29+08:00 ] 203.93.18.117 GET /admin/label_article/index?page=1&limit=10
[ sql ] [ DB ] CONNECT:[ UseTime:0.000669s ] mysql:host=127.0.0.1;dbname=lib;charset=utf8
[ sql ] [ SQL ] SHOW COLUMNS FROM `lib_label_article` [ RunTime:0.001406s ]
[ sql ] [ SQL ] SELECT * FROM `lib_label_article` WHERE  `isdelete` = 0 ORDER BY `id` DESC LIMIT 0,10 [ RunTime:0.000432s ]
[ sql ] [ SQL ] SELECT COUNT(*) AS tp_count FROM `lib_label_article` WHERE  `isdelete` = 0 LIMIT 1 [ RunTime:0.000242s ]
[ sql ] [ SQL ] SHOW COLUMNS FROM `lib_label_list` [ RunTime:0.000568s ]
[ sql ] [ SQL ] SELECT `name` FROM `lib_label_list` WHERE  `id` = 1 LIMIT 1 [ RunTime:0.000179s ]
[ sql ] [ SQL ] SHOW COLUMNS FROM `lib_admin_user` [ RunTime:0.000564s ]
[ sql ] [ SQL ] SELECT `account` FROM `lib_admin_user` WHERE  `id` = 1 LIMIT 1 [ RunTime:0.000246s ]
[ sql ] [ SQL ] SELECT `name` FROM `lib_label_list` WHERE  `id` = 2 LIMIT 1 [ RunTime:0.000157s ]
[ sql ] [ SQL ] SELECT `account` FROM `lib_admin_user` WHERE  `id` = 1 LIMIT 1 [ RunTime:0.000150s ]
[ sql ] [ SQL ] SELECT `name` FROM `lib_label_list` WHERE  `id` = 2 LIMIT 1 [ RunTime:0.000155s ]
[ sql ] [ SQL ] SELECT `account` FROM `lib_admin_user` WHERE  `id` = 1 LIMIT 1 [ RunTime:0.000161s ]
[ sql ] [ SQL ] SELECT `name` FROM `lib_label_list` WHERE  `id` = 1 LIMIT 1 [ RunTime:0.000172s ]
[ sql ] [ SQL ] SELECT `account` FROM `lib_admin_user` WHERE  `id` = 1 LIMIT 1 [ RunTime:0.000159s ]
[ sql ] [ SQL ] SELECT `name` FROM `lib_label_list` WHERE  `id` = 2 LIMIT 1 [ RunTime:0.000151s ]
[ sql ] [ SQL ] SELECT `account` FROM `lib_admin_user` WHERE  `id` = 1 LIMIT 1 [ RunTime:0.000165s ]
[ sql ] [ SQL ] SELECT `name` FROM `lib_label_list` WHERE  `id` = 2 LIMIT 1 [ RunTime:0.000164s ]
[ sql ] [ SQL ] SELECT `account` FROM `lib_admin_user` WHERE  `id` = 1 LIMIT 1 [ RunTime:0.000147s ]
[ sql ] [ SQL ] SELECT `name` FROM `lib_label_list` WHERE  `id` = 1 LIMIT 1 [ RunTime:0.000166s ]
[ sql ] [ SQL ] SELECT `account` FROM `lib_admin_user` WHERE  `id` = 1 LIMIT 1 [ RunTime:0.000159s ]
[ sql ] [ SQL ] SELECT `name` FROM `lib_label_list` WHERE  `id` = 1 LIMIT 1 [ RunTime:0.000149s ]
[ sql ] [ SQL ] SELECT `account` FROM `lib_admin_user` WHERE  `id` = 1 LIMIT 1 [ RunTime:0.000149s ]
---------------------------------------------------------------
[ 2018-09-22T23:15:33+08:00 ] 203.93.18.117 GET /index/index/index.html
[ sql ] [ DB ] CONNECT:[ UseTime:0.000674s ] mysql:host=127.0.0.1;dbname=lib;charset=utf8
[ sql ] [ SQL ] SHOW COLUMNS FROM `lib_label_list` [ RunTime:0.001341s ]
[ sql ] [ SQL ] SELECT `id`,`name` FROM `lib_label_list` WHERE  `status` = 1  AND `isdelete` = 0 [ RunTime:0.000221s ]
[ sql ] [ SQL ] SHOW COLUMNS FROM `lib_label_article` [ RunTime:0.000634s ]
[ sql ] [ SQL ] SELECT `id`,`name`,`read_account` FROM `lib_label_article` WHERE  `status` = 1  AND `isdelete` = 0 ORDER BY `read_account` DESC,`id` LIMIT 5 [ RunTime:0.000322s ]
[ sql ] [ SQL ] SELECT `id` FROM `lib_label_list` WHERE  `status` = 1  AND `isdelete` = 0 [ RunTime:0.000249s ]
[ sql ] [ SQL ] SELECT COUNT(*) AS tp_count FROM `lib_label_article` WHERE  `label_id` IN (1,2) LIMIT 1 [ RunTime:0.000291s ]
[ sql ] [ SQL ] SELECT `id`,`name`,`read_account`,`label_id`,`author_id`,`create_time` FROM `lib_label_article` WHERE  `label_id` IN (1,2) ORDER BY `create_time` DESC LIMIT 0,5 [ RunTime:0.000290s ]
[ sql ] [ SQL ] SELECT `name` FROM `lib_label_list` WHERE  `id` = 1 LIMIT 1 [ RunTime:0.000179s ]
[ sql ] [ SQL ] SHOW COLUMNS FROM `lib_admin_user` [ RunTime:0.000623s ]
[ sql ] [ SQL ] SELECT `account` FROM `lib_admin_user` WHERE  `id` = 1 LIMIT 1 [ RunTime:0.000181s ]
[ sql ] [ SQL ] SELECT `name` FROM `lib_label_list` WHERE  `id` = 2 LIMIT 1 [ RunTime:0.000159s ]
[ sql ] [ SQL ] SELECT `account` FROM `lib_admin_user` WHERE  `id` = 1 LIMIT 1 [ RunTime:0.000157s ]
[ sql ] [ SQL ] SELECT `name` FROM `lib_label_list` WHERE  `id` = 2 LIMIT 1 [ RunTime:0.000152s ]
[ sql ] [ SQL ] SELECT `account` FROM `lib_admin_user` WHERE  `id` = 1 LIMIT 1 [ RunTime:0.000159s ]
[ sql ] [ SQL ] SELECT `name` FROM `lib_label_list` WHERE  `id` = 1 LIMIT 1 [ RunTime:0.000154s ]
[ sql ] [ SQL ] SELECT `account` FROM `lib_admin_user` WHERE  `id` = 1 LIMIT 1 [ RunTime:0.000153s ]
[ sql ] [ SQL ] SELECT `name` FROM `lib_label_list` WHERE  `id` = 2 LIMIT 1 [ RunTime:0.000153s ]
[ sql ] [ SQL ] SELECT `account` FROM `lib_admin_user` WHERE  `id` = 1 LIMIT 1 [ RunTime:0.000156s ]
---------------------------------------------------------------
[ 2018-09-22T23:15:35+08:00 ] 203.93.18.117 GET /index/index/detail/detail/6.html
[ sql ] [ DB ] CONNECT:[ UseTime:0.000642s ] mysql:host=127.0.0.1;dbname=lib;charset=utf8
[ sql ] [ SQL ] SHOW COLUMNS FROM `lib_label_list` [ RunTime:0.002573s ]
[ sql ] [ SQL ] SELECT `id`,`name` FROM `lib_label_list` WHERE  `status` = 1  AND `isdelete` = 0 [ RunTime:0.000234s ]
[ sql ] [ SQL ] SHOW COLUMNS FROM `lib_label_article` [ RunTime:0.000613s ]
[ sql ] [ SQL ] SELECT `id`,`name`,`content` FROM `lib_label_article` WHERE  `id` = 6 LIMIT 1 [ RunTime:0.000274s ]
[ sql ] [ SQL ] UPDATE `lib_label_article`  SET `read_account`=`read_account`+1  WHERE  `id` = 6 [ RunTime:0.004620s ]
---------------------------------------------------------------
[ 2018-09-22T23:15:39+08:00 ] 203.93.18.117 GET /index/index/detail/detail/4.html
[ sql ] [ DB ] CONNECT:[ UseTime:0.000624s ] mysql:host=127.0.0.1;dbname=lib;charset=utf8
[ sql ] [ SQL ] SHOW COLUMNS FROM `lib_label_list` [ RunTime:0.001678s ]
[ sql ] [ SQL ] SELECT `id`,`name` FROM `lib_label_list` WHERE  `status` = 1  AND `isdelete` = 0 [ RunTime:0.000240s ]
[ sql ] [ SQL ] SHOW COLUMNS FROM `lib_label_article` [ RunTime:0.000587s ]
[ sql ] [ SQL ] SELECT `id`,`name`,`content` FROM `lib_label_article` WHERE  `id` = 4 LIMIT 1 [ RunTime:0.000296s ]
[ sql ] [ SQL ] UPDATE `lib_label_article`  SET `read_account`=`read_account`+1  WHERE  `id` = 4 [ RunTime:0.057570s ]
---------------------------------------------------------------
[ 2018-09-22T23:15:44+08:00 ] 203.93.18.117 GET /index/index/index/label_id/1.html
[ sql ] [ DB ] CONNECT:[ UseTime:0.000622s ] mysql:host=127.0.0.1;dbname=lib;charset=utf8
[ sql ] [ SQL ] SHOW COLUMNS FROM `lib_label_list` [ RunTime:0.001338s ]
[ sql ] [ SQL ] SELECT `id`,`name` FROM `lib_label_list` WHERE  `status` = 1  AND `isdelete` = 0 [ RunTime:0.000214s ]
[ sql ] [ SQL ] SHOW COLUMNS FROM `lib_label_article` [ RunTime:0.000576s ]
[ sql ] [ SQL ] SELECT `id`,`name`,`read_account` FROM `lib_label_article` WHERE  `status` = 1  AND `isdelete` = 0 ORDER BY `read_account` DESC,`id` LIMIT 5 [ RunTime:0.000348s ]
[ sql ] [ SQL ] SELECT COUNT(*) AS tp_count FROM `lib_label_article` WHERE  `label_id` = 1 LIMIT 1 [ RunTime:0.000306s ]
[ sql ] [ SQL ] SELECT `id`,`name`,`read_account`,`label_id`,`author_id`,`create_time` FROM `lib_label_article` WHERE  `label_id` = 1 ORDER BY `create_time` DESC LIMIT 0,5 [ RunTime:0.000271s ]
[ sql ] [ SQL ] SELECT `name` FROM `lib_label_list` WHERE  `id` = 1 LIMIT 1 [ RunTime:0.000187s ]
[ sql ] [ SQL ] SHOW COLUMNS FROM `lib_admin_user` [ RunTime:0.000593s ]
[ sql ] [ SQL ] SELECT `account` FROM `lib_admin_user` WHERE  `id` = 1 LIMIT 1 [ RunTime:0.000157s ]
[ sql ] [ SQL ] SELECT `name` FROM `lib_label_list` WHERE  `id` = 1 LIMIT 1 [ RunTime:0.000152s ]
[ sql ] [ SQL ] SELECT `account` FROM `lib_admin_user` WHERE  `id` = 1 LIMIT 1 [ RunTime:0.000155s ]
[ sql ] [ SQL ] SELECT `name` FROM `lib_label_list` WHERE  `id` = 1 LIMIT 1 [ RunTime:0.000149s ]
[ sql ] [ SQL ] SELECT `account` FROM `lib_admin_user` WHERE  `id` = 1 LIMIT 1 [ RunTime:0.000149s ]
[ sql ] [ SQL ] SELECT `name` FROM `lib_label_list` WHERE  `id` = 1 LIMIT 1 [ RunTime:0.000150s ]
[ sql ] [ SQL ] SELECT `account` FROM `lib_admin_user` WHERE  `id` = 1 LIMIT 1 [ RunTime:0.000149s ]
---------------------------------------------------------------
[ 2018-09-22T23:15:44+08:00 ] 203.93.18.117 GET /index/index/index/label_id/2.html
[ sql ] [ DB ] CONNECT:[ UseTime:0.000652s ] mysql:host=127.0.0.1;dbname=lib;charset=utf8
[ sql ] [ SQL ] SHOW COLUMNS FROM `lib_label_list` [ RunTime:0.001316s ]
[ sql ] [ SQL ] SELECT `id`,`name` FROM `lib_label_list` WHERE  `status` = 1  AND `isdelete` = 0 [ RunTime:0.000217s ]
[ sql ] [ SQL ] SHOW COLUMNS FROM `lib_label_article` [ RunTime:0.000613s ]
[ sql ] [ SQL ] SELECT `id`,`name`,`read_account` FROM `lib_label_article` WHERE  `status` = 1  AND `isdelete` = 0 ORDER BY `read_account` DESC,`id` LIMIT 5 [ RunTime:0.000184s ]
[ sql ] [ SQL ] SELECT COUNT(*) AS tp_count FROM `lib_label_article` WHERE  `label_id` = 2 LIMIT 1 [ RunTime:0.000294s ]
[ sql ] [ SQL ] SELECT `id`,`name`,`read_account`,`label_id`,`author_id`,`create_time` FROM `lib_label_article` WHERE  `label_id` = 2 ORDER BY `create_time` DESC LIMIT 0,5 [ RunTime:0.000291s ]
[ sql ] [ SQL ] SELECT `name` FROM `lib_label_list` WHERE  `id` = 2 LIMIT 1 [ RunTime:0.000197s ]
[ sql ] [ SQL ] SHOW COLUMNS FROM `lib_admin_user` [ RunTime:0.000600s ]
[ sql ] [ SQL ] SELECT `account` FROM `lib_admin_user` WHERE  `id` = 1 LIMIT 1 [ RunTime:0.000177s ]
[ sql ] [ SQL ] SELECT `name` FROM `lib_label_list` WHERE  `id` = 2 LIMIT 1 [ RunTime:0.000159s ]
[ sql ] [ SQL ] SELECT `account` FROM `lib_admin_user` WHERE  `id` = 1 LIMIT 1 [ RunTime:0.000183s ]
[ sql ] [ SQL ] SELECT `name` FROM `lib_label_list` WHERE  `id` = 2 LIMIT 1 [ RunTime:0.000157s ]
[ sql ] [ SQL ] SELECT `account` FROM `lib_admin_user` WHERE  `id` = 1 LIMIT 1 [ RunTime:0.000156s ]
[ sql ] [ SQL ] SELECT `name` FROM `lib_label_list` WHERE  `id` = 2 LIMIT 1 [ RunTime:0.000230s ]
[ sql ] [ SQL ] SELECT `account` FROM `lib_admin_user` WHERE  `id` = 1 LIMIT 1 [ RunTime:0.000159s ]
---------------------------------------------------------------
[ 2018-09-22T23:15:45+08:00 ] 203.93.18.117 GET /index/index/index/label_id/1.html
[ sql ] [ DB ] CONNECT:[ UseTime:0.000643s ] mysql:host=127.0.0.1;dbname=lib;charset=utf8
[ sql ] [ SQL ] SHOW COLUMNS FROM `lib_label_list` [ RunTime:0.001305s ]
[ sql ] [ SQL ] SELECT `id`,`name` FROM `lib_label_list` WHERE  `status` = 1  AND `isdelete` = 0 [ RunTime:0.000215s ]
[ sql ] [ SQL ] SHOW COLUMNS FROM `lib_label_article` [ RunTime:0.000580s ]
[ sql ] [ SQL ] SELECT `id`,`name`,`read_account` FROM `lib_label_article` WHERE  `status` = 1  AND `isdelete` = 0 ORDER BY `read_account` DESC,`id` LIMIT 5 [ RunTime:0.000177s ]
[ sql ] [ SQL ] SELECT COUNT(*) AS tp_count FROM `lib_label_article` WHERE  `label_id` = 1 LIMIT 1 [ RunTime:0.000204s ]
[ sql ] [ SQL ] SELECT `id`,`name`,`read_account`,`label_id`,`author_id`,`create_time` FROM `lib_label_article` WHERE  `label_id` = 1 ORDER BY `create_time` DESC LIMIT 0,5 [ RunTime:0.000192s ]
[ sql ] [ SQL ] SELECT `name` FROM `lib_label_list` WHERE  `id` = 1 LIMIT 1 [ RunTime:0.000188s ]
[ sql ] [ SQL ] SHOW COLUMNS FROM `lib_admin_user` [ RunTime:0.000599s ]
[ sql ] [ SQL ] SELECT `account` FROM `lib_admin_user` WHERE  `id` = 1 LIMIT 1 [ RunTime:0.000159s ]
[ sql ] [ SQL ] SELECT `name` FROM `lib_label_list` WHERE  `id` = 1 LIMIT 1 [ RunTime:0.000154s ]
[ sql ] [ SQL ] SELECT `account` FROM `lib_admin_user` WHERE  `id` = 1 LIMIT 1 [ RunTime:0.000169s ]
[ sql ] [ SQL ] SELECT `name` FROM `lib_label_list` WHERE  `id` = 1 LIMIT 1 [ RunTime:0.000150s ]
[ sql ] [ SQL ] SELECT `account` FROM `lib_admin_user` WHERE  `id` = 1 LIMIT 1 [ RunTime:0.000171s ]
[ sql ] [ SQL ] SELECT `name` FROM `lib_label_list` WHERE  `id` = 1 LIMIT 1 [ RunTime:0.000162s ]
[ sql ] [ SQL ] SELECT `account` FROM `lib_admin_user` WHERE  `id` = 1 LIMIT 1 [ RunTime:0.000151s ]
---------------------------------------------------------------
[ 2018-09-22T23:15:46+08:00 ] 203.93.18.117 GET /index/index/index.html
[ sql ] [ DB ] CONNECT:[ UseTime:0.000713s ] mysql:host=127.0.0.1;dbname=lib;charset=utf8
[ sql ] [ SQL ] SHOW COLUMNS FROM `lib_label_list` [ RunTime:0.001566s ]
[ sql ] [ SQL ] SELECT `id`,`name` FROM `lib_label_list` WHERE  `status` = 1  AND `isdelete` = 0 [ RunTime:0.000241s ]
[ sql ] [ SQL ] SHOW COLUMNS FROM `lib_label_article` [ RunTime:0.000642s ]
[ sql ] [ SQL ] SELECT `id`,`name`,`read_account` FROM `lib_label_article` WHERE  `status` = 1  AND `isdelete` = 0 ORDER BY `read_account` DESC,`id` LIMIT 5 [ RunTime:0.000208s ]
[ sql ] [ SQL ] SELECT `id` FROM `lib_label_list` WHERE  `status` = 1  AND `isdelete` = 0 [ RunTime:0.000309s ]
[ sql ] [ SQL ] SELECT COUNT(*) AS tp_count FROM `lib_label_article` WHERE  `label_id` IN (1,2) LIMIT 1 [ RunTime:0.000339s ]
[ sql ] [ SQL ] SELECT `id`,`name`,`read_account`,`label_id`,`author_id`,`create_time` FROM `lib_label_article` WHERE  `label_id` IN (1,2) ORDER BY `create_time` DESC LIMIT 0,5 [ RunTime:0.000286s ]
[ sql ] [ SQL ] SELECT `name` FROM `lib_label_list` WHERE  `id` = 1 LIMIT 1 [ RunTime:0.000331s ]
[ sql ] [ SQL ] SHOW COLUMNS FROM `lib_admin_user` [ RunTime:0.000623s ]
[ sql ] [ SQL ] SELECT `account` FROM `lib_admin_user` WHERE  `id` = 1 LIMIT 1 [ RunTime:0.000202s ]
[ sql ] [ SQL ] SELECT `name` FROM `lib_label_list` WHERE  `id` = 2 LIMIT 1 [ RunTime:0.000182s ]
[ sql ] [ SQL ] SELECT `account` FROM `lib_admin_user` WHERE  `id` = 1 LIMIT 1 [ RunTime:0.000159s ]
[ sql ] [ SQL ] SELECT `name` FROM `lib_label_list` WHERE  `id` = 2 LIMIT 1 [ RunTime:0.000184s ]
[ sql ] [ SQL ] SELECT `account` FROM `lib_admin_user` WHERE  `id` = 1 LIMIT 1 [ RunTime:0.000162s ]
[ sql ] [ SQL ] SELECT `name` FROM `lib_label_list` WHERE  `id` = 1 LIMIT 1 [ RunTime:0.000165s ]
[ sql ] [ SQL ] SELECT `account` FROM `lib_admin_user` WHERE  `id` = 1 LIMIT 1 [ RunTime:0.000179s ]
[ sql ] [ SQL ] SELECT `name` FROM `lib_label_list` WHERE  `id` = 2 LIMIT 1 [ RunTime:0.000157s ]
[ sql ] [ SQL ] SELECT `account` FROM `lib_admin_user` WHERE  `id` = 1 LIMIT 1 [ RunTime:0.000214s ]
---------------------------------------------------------------
[ 2018-09-22T23:16:46+08:00 ] 203.93.18.117 GET /
[ sql ] [ DB ] CONNECT:[ UseTime:0.000668s ] mysql:host=127.0.0.1;dbname=lib;charset=utf8
[ sql ] [ SQL ] SHOW COLUMNS FROM `lib_label_list` [ RunTime:0.035183s ]
[ sql ] [ SQL ] SELECT `id`,`name` FROM `lib_label_list` WHERE  `status` = 1  AND `isdelete` = 0 [ RunTime:0.000377s ]
[ sql ] [ SQL ] SHOW COLUMNS FROM `lib_label_article` [ RunTime:0.000920s ]
[ sql ] [ SQL ] SELECT `id`,`name`,`read_account` FROM `lib_label_article` WHERE  `status` = 1  AND `isdelete` = 0 ORDER BY `read_account` DESC,`id` LIMIT 5 [ RunTime:0.000224s ]
[ sql ] [ SQL ] SELECT `id` FROM `lib_label_list` WHERE  `status` = 1  AND `isdelete` = 0 [ RunTime:0.000155s ]
[ sql ] [ SQL ] SELECT COUNT(*) AS tp_count FROM `lib_label_article` WHERE  `label_id` IN (1,2) LIMIT 1 [ RunTime:0.000197s ]
[ sql ] [ SQL ] SELECT `id`,`name`,`read_account`,`label_id`,`author_id`,`create_time` FROM `lib_label_article` WHERE  `label_id` IN (1,2) ORDER BY `create_time` DESC LIMIT 0,5 [ RunTime:0.000194s ]
[ sql ] [ SQL ] SELECT `name` FROM `lib_label_list` WHERE  `id` = 1 LIMIT 1 [ RunTime:0.000253s ]
[ sql ] [ SQL ] SHOW COLUMNS FROM `lib_admin_user` [ RunTime:0.001109s ]
[ sql ] [ SQL ] SELECT `account` FROM `lib_admin_user` WHERE  `id` = 1 LIMIT 1 [ RunTime:0.000193s ]
[ sql ] [ SQL ] SELECT `name` FROM `lib_label_list` WHERE  `id` = 2 LIMIT 1 [ RunTime:0.000158s ]
[ sql ] [ SQL ] SELECT `account` FROM `lib_admin_user` WHERE  `id` = 1 LIMIT 1 [ RunTime:0.000151s ]
[ sql ] [ SQL ] SELECT `name` FROM `lib_label_list` WHERE  `id` = 2 LIMIT 1 [ RunTime:0.000170s ]
[ sql ] [ SQL ] SELECT `account` FROM `lib_admin_user` WHERE  `id` = 1 LIMIT 1 [ RunTime:0.000151s ]
[ sql ] [ SQL ] SELECT `name` FROM `lib_label_list` WHERE  `id` = 1 LIMIT 1 [ RunTime:0.000147s ]
[ sql ] [ SQL ] SELECT `account` FROM `lib_admin_user` WHERE  `id` = 1 LIMIT 1 [ RunTime:0.000163s ]
[ sql ] [ SQL ] SELECT `name` FROM `lib_label_list` WHERE  `id` = 2 LIMIT 1 [ RunTime:0.000147s ]
[ sql ] [ SQL ] SELECT `account` FROM `lib_admin_user` WHERE  `id` = 1 LIMIT 1 [ RunTime:0.000145s ]
---------------------------------------------------------------
[ 2018-09-22T23:16:52+08:00 ] 203.93.18.117 GET /index/index/detail/detail/6.html
[ sql ] [ DB ] CONNECT:[ UseTime:0.000643s ] mysql:host=127.0.0.1;dbname=lib;charset=utf8
[ sql ] [ SQL ] SHOW COLUMNS FROM `lib_label_list` [ RunTime:0.001513s ]
[ sql ] [ SQL ] SELECT `id`,`name` FROM `lib_label_list` WHERE  `status` = 1  AND `isdelete` = 0 [ RunTime:0.000222s ]
[ sql ] [ SQL ] SHOW COLUMNS FROM `lib_label_article` [ RunTime:0.000567s ]
[ sql ] [ SQL ] SELECT `id`,`name`,`content` FROM `lib_label_article` WHERE  `id` = 6 LIMIT 1 [ RunTime:0.000279s ]
[ sql ] [ SQL ] UPDATE `lib_label_article`  SET `read_account`=`read_account`+1  WHERE  `id` = 6 [ RunTime:0.005798s ]
---------------------------------------------------------------
[ 2018-09-22T23:17:01+08:00 ] 203.93.18.117 GET /index/index/index/label_id/1.html
[ sql ] [ DB ] CONNECT:[ UseTime:0.000642s ] mysql:host=127.0.0.1;dbname=lib;charset=utf8
[ sql ] [ SQL ] SHOW COLUMNS FROM `lib_label_list` [ RunTime:0.001373s ]
[ sql ] [ SQL ] SELECT `id`,`name` FROM `lib_label_list` WHERE  `status` = 1  AND `isdelete` = 0 [ RunTime:0.000239s ]
[ sql ] [ SQL ] SHOW COLUMNS FROM `lib_label_article` [ RunTime:0.000588s ]
[ sql ] [ SQL ] SELECT `id`,`name`,`read_account` FROM `lib_label_article` WHERE  `status` = 1  AND `isdelete` = 0 ORDER BY `read_account` DESC,`id` LIMIT 5 [ RunTime:0.000482s ]
[ sql ] [ SQL ] SELECT COUNT(*) AS tp_count FROM `lib_label_article` WHERE  `label_id` = 1 LIMIT 1 [ RunTime:0.000284s ]
[ sql ] [ SQL ] SELECT `id`,`name`,`read_account`,`label_id`,`author_id`,`create_time` FROM `lib_label_article` WHERE  `label_id` = 1 ORDER BY `create_time` DESC LIMIT 0,5 [ RunTime:0.000257s ]
[ sql ] [ SQL ] SELECT `name` FROM `lib_label_list` WHERE  `id` = 1 LIMIT 1 [ RunTime:0.000203s ]
[ sql ] [ SQL ] SHOW COLUMNS FROM `lib_admin_user` [ RunTime:0.000594s ]
[ sql ] [ SQL ] SELECT `account` FROM `lib_admin_user` WHERE  `id` = 1 LIMIT 1 [ RunTime:0.000206s ]
[ sql ] [ SQL ] SELECT `name` FROM `lib_label_list` WHERE  `id` = 1 LIMIT 1 [ RunTime:0.000165s ]
[ sql ] [ SQL ] SELECT `account` FROM `lib_admin_user` WHERE  `id` = 1 LIMIT 1 [ RunTime:0.000183s ]
[ sql ] [ SQL ] SELECT `name` FROM `lib_label_list` WHERE  `id` = 1 LIMIT 1 [ RunTime:0.000184s ]
[ sql ] [ SQL ] SELECT `account` FROM `lib_admin_user` WHERE  `id` = 1 LIMIT 1 [ RunTime:0.000160s ]
[ sql ] [ SQL ] SELECT `name` FROM `lib_label_list` WHERE  `id` = 1 LIMIT 1 [ RunTime:0.000170s ]
[ sql ] [ SQL ] SELECT `account` FROM `lib_admin_user` WHERE  `id` = 1 LIMIT 1 [ RunTime:0.000162s ]
---------------------------------------------------------------
[ 2018-09-22T23:17:03+08:00 ] 203.93.18.117 GET /index/index/index/label_id/2.html
[ sql ] [ DB ] CONNECT:[ UseTime:0.000596s ] mysql:host=127.0.0.1;dbname=lib;charset=utf8
[ sql ] [ SQL ] SHOW COLUMNS FROM `lib_label_list` [ RunTime:0.039445s ]
[ sql ] [ SQL ] SELECT `id`,`name` FROM `lib_label_list` WHERE  `status` = 1  AND `isdelete` = 0 [ RunTime:0.000288s ]
[ sql ] [ SQL ] SHOW COLUMNS FROM `lib_label_article` [ RunTime:0.000773s ]
[ sql ] [ SQL ] SELECT `id`,`name`,`read_account` FROM `lib_label_article` WHERE  `status` = 1  AND `isdelete` = 0 ORDER BY `read_account` DESC,`id` LIMIT 5 [ RunTime:0.000198s ]
[ sql ] [ SQL ] SELECT COUNT(*) AS tp_count FROM `lib_label_article` WHERE  `label_id` = 2 LIMIT 1 [ RunTime:0.000283s ]
[ sql ] [ SQL ] SELECT `id`,`name`,`read_account`,`label_id`,`author_id`,`create_time` FROM `lib_label_article` WHERE  `label_id` = 2 ORDER BY `create_time` DESC LIMIT 0,5 [ RunTime:0.000257s ]
[ sql ] [ SQL ] SELECT `name` FROM `lib_label_list` WHERE  `id` = 2 LIMIT 1 [ RunTime:0.000189s ]
[ sql ] [ SQL ] SHOW COLUMNS FROM `lib_admin_user` [ RunTime:0.000691s ]
[ sql ] [ SQL ] SELECT `account` FROM `lib_admin_user` WHERE  `id` = 1 LIMIT 1 [ RunTime:0.000190s ]
[ sql ] [ SQL ] SELECT `name` FROM `lib_label_list` WHERE  `id` = 2 LIMIT 1 [ RunTime:0.000153s ]
[ sql ] [ SQL ] SELECT `account` FROM `lib_admin_user` WHERE  `id` = 1 LIMIT 1 [ RunTime:0.000166s ]
[ sql ] [ SQL ] SELECT `name` FROM `lib_label_list` WHERE  `id` = 2 LIMIT 1 [ RunTime:0.000152s ]
[ sql ] [ SQL ] SELECT `account` FROM `lib_admin_user` WHERE  `id` = 1 LIMIT 1 [ RunTime:0.000149s ]
[ sql ] [ SQL ] SELECT `name` FROM `lib_label_list` WHERE  `id` = 2 LIMIT 1 [ RunTime:0.000168s ]
[ sql ] [ SQL ] SELECT `account` FROM `lib_admin_user` WHERE  `id` = 1 LIMIT 1 [ RunTime:0.000151s ]
---------------------------------------------------------------
[ 2018-09-22T23:17:05+08:00 ] 203.93.18.117 GET /index/index/detail/detail/8.html
[ sql ] [ DB ] CONNECT:[ UseTime:0.000628s ] mysql:host=127.0.0.1;dbname=lib;charset=utf8
[ sql ] [ SQL ] SHOW COLUMNS FROM `lib_label_list` [ RunTime:0.001333s ]
[ sql ] [ SQL ] SELECT `id`,`name` FROM `lib_label_list` WHERE  `status` = 1  AND `isdelete` = 0 [ RunTime:0.000214s ]
[ sql ] [ SQL ] SHOW COLUMNS FROM `lib_label_article` [ RunTime:0.000588s ]
[ sql ] [ SQL ] SELECT `id`,`name`,`content` FROM `lib_label_article` WHERE  `id` = 8 LIMIT 1 [ RunTime:0.000257s ]
[ sql ] [ SQL ] UPDATE `lib_label_article`  SET `read_account`=`read_account`+1  WHERE  `id` = 8 [ RunTime:0.004788s ]
---------------------------------------------------------------
[ 2018-09-22T23:17:09+08:00 ] 203.93.18.117 GET /index/index/detail/detail/8.html
[ sql ] [ DB ] CONNECT:[ UseTime:0.000696s ] mysql:host=127.0.0.1;dbname=lib;charset=utf8
[ sql ] [ SQL ] SHOW COLUMNS FROM `lib_label_list` [ RunTime:0.039733s ]
[ sql ] [ SQL ] SELECT `id`,`name` FROM `lib_label_list` WHERE  `status` = 1  AND `isdelete` = 0 [ RunTime:0.000452s ]
[ sql ] [ SQL ] SHOW COLUMNS FROM `lib_label_article` [ RunTime:0.000881s ]
[ sql ] [ SQL ] SELECT `id`,`name`,`content` FROM `lib_label_article` WHERE  `id` = 8 LIMIT 1 [ RunTime:0.000294s ]
---------------------------------------------------------------
[ 2018-09-22T23:17:12+08:00 ] 203.93.18.117 GET /index/index/index.html
[ sql ] [ DB ] CONNECT:[ UseTime:0.000643s ] mysql:host=127.0.0.1;dbname=lib;charset=utf8
[ sql ] [ SQL ] SHOW COLUMNS FROM `lib_label_list` [ RunTime:0.001306s ]
[ sql ] [ SQL ] SELECT `id`,`name` FROM `lib_label_list` WHERE  `status` = 1  AND `isdelete` = 0 [ RunTime:0.000239s ]
[ sql ] [ SQL ] SHOW COLUMNS FROM `lib_label_article` [ RunTime:0.000558s ]
[ sql ] [ SQL ] SELECT `id`,`name`,`read_account` FROM `lib_label_article` WHERE  `status` = 1  AND `isdelete` = 0 ORDER BY `read_account` DESC,`id` LIMIT 5 [ RunTime:0.000311s ]
[ sql ] [ SQL ] SELECT `id` FROM `lib_label_list` WHERE  `status` = 1  AND `isdelete` = 0 [ RunTime:0.000157s ]
[ sql ] [ SQL ] SELECT COUNT(*) AS tp_count FROM `lib_label_article` WHERE  `label_id` IN (1,2) LIMIT 1 [ RunTime:0.000276s ]
[ sql ] [ SQL ] SELECT `id`,`name`,`read_account`,`label_id`,`author_id`,`create_time` FROM `lib_label_article` WHERE  `label_id` IN (1,2) ORDER BY `create_time` DESC LIMIT 0,5 [ RunTime:0.000253s ]
[ sql ] [ SQL ] SELECT `name` FROM `lib_label_list` WHERE  `id` = 1 LIMIT 1 [ RunTime:0.000200s ]
[ sql ] [ SQL ] SHOW COLUMNS FROM `lib_admin_user` [ RunTime:0.000566s ]
[ sql ] [ SQL ] SELECT `account` FROM `lib_admin_user` WHERE  `id` = 1 LIMIT 1 [ RunTime:0.000170s ]
[ sql ] [ SQL ] SELECT `name` FROM `lib_label_list` WHERE  `id` = 2 LIMIT 1 [ RunTime:0.000152s ]
[ sql ] [ SQL ] SELECT `account` FROM `lib_admin_user` WHERE  `id` = 1 LIMIT 1 [ RunTime:0.000149s ]
[ sql ] [ SQL ] SELECT `name` FROM `lib_label_list` WHERE  `id` = 2 LIMIT 1 [ RunTime:0.000158s ]
[ sql ] [ SQL ] SELECT `account` FROM `lib_admin_user` WHERE  `id` = 1 LIMIT 1 [ RunTime:0.000148s ]
[ sql ] [ SQL ] SELECT `name` FROM `lib_label_list` WHERE  `id` = 1 LIMIT 1 [ RunTime:0.000144s ]
[ sql ] [ SQL ] SELECT `account` FROM `lib_admin_user` WHERE  `id` = 1 LIMIT 1 [ RunTime:0.000159s ]
[ sql ] [ SQL ] SELECT `name` FROM `lib_label_list` WHERE  `id` = 2 LIMIT 1 [ RunTime:0.000144s ]
[ sql ] [ SQL ] SELECT `account` FROM `lib_admin_user` WHERE  `id` = 1 LIMIT 1 [ RunTime:0.000147s ]
---------------------------------------------------------------
[ 2018-09-22T23:17:18+08:00 ] 203.93.18.117 GET /index/index/detail/detail/8.html
[ sql ] [ DB ] CONNECT:[ UseTime:0.000641s ] mysql:host=127.0.0.1;dbname=lib;charset=utf8
[ sql ] [ SQL ] SHOW COLUMNS FROM `lib_label_list` [ RunTime:0.001318s ]
[ sql ] [ SQL ] SELECT `id`,`name` FROM `lib_label_list` WHERE  `status` = 1  AND `isdelete` = 0 [ RunTime:0.000211s ]
[ sql ] [ SQL ] SHOW COLUMNS FROM `lib_label_article` [ RunTime:0.000596s ]
[ sql ] [ SQL ] SELECT `id`,`name`,`content` FROM `lib_label_article` WHERE  `id` = 8 LIMIT 1 [ RunTime:0.000162s ]
---------------------------------------------------------------
[ 2018-09-22T23:17:26+08:00 ] 203.93.18.117 GET /index/index/index.html
[ sql ] [ DB ] CONNECT:[ UseTime:0.000676s ] mysql:host=127.0.0.1;dbname=lib;charset=utf8
[ sql ] [ SQL ] SHOW COLUMNS FROM `lib_label_list` [ RunTime:0.001496s ]
[ sql ] [ SQL ] SELECT `id`,`name` FROM `lib_label_list` WHERE  `status` = 1  AND `isdelete` = 0 [ RunTime:0.000224s ]
[ sql ] [ SQL ] SHOW COLUMNS FROM `lib_label_article` [ RunTime:0.000615s ]
[ sql ] [ SQL ] SELECT `id`,`name`,`read_account` FROM `lib_label_article` WHERE  `status` = 1  AND `isdelete` = 0 ORDER BY `read_account` DESC,`id` LIMIT 5 [ RunTime:0.000183s ]
[ sql ] [ SQL ] SELECT `id` FROM `lib_label_list` WHERE  `status` = 1  AND `isdelete` = 0 [ RunTime:0.000161s ]
[ sql ] [ SQL ] SELECT COUNT(*) AS tp_count FROM `lib_label_article` WHERE  `label_id` IN (1,2) LIMIT 1 [ RunTime:0.000196s ]
[ sql ] [ SQL ] SELECT `id`,`name`,`read_account`,`label_id`,`author_id`,`create_time` FROM `lib_label_article` WHERE  `label_id` IN (1,2) ORDER BY `create_time` DESC LIMIT 0,5 [ RunTime:0.000194s ]
[ sql ] [ SQL ] SELECT `name` FROM `lib_label_list` WHERE  `id` = 1 LIMIT 1 [ RunTime:0.000191s ]
[ sql ] [ SQL ] SHOW COLUMNS FROM `lib_admin_user` [ RunTime:0.000612s ]
[ sql ] [ SQL ] SELECT `account` FROM `lib_admin_user` WHERE  `id` = 1 LIMIT 1 [ RunTime:0.000163s ]
[ sql ] [ SQL ] SELECT `name` FROM `lib_label_list` WHERE  `id` = 2 LIMIT 1 [ RunTime:0.000163s ]
[ sql ] [ SQL ] SELECT `account` FROM `lib_admin_user` WHERE  `id` = 1 LIMIT 1 [ RunTime:0.000173s ]
[ sql ] [ SQL ] SELECT `name` FROM `lib_label_list` WHERE  `id` = 2 LIMIT 1 [ RunTime:0.000155s ]
[ sql ] [ SQL ] SELECT `account` FROM `lib_admin_user` WHERE  `id` = 1 LIMIT 1 [ RunTime:0.000156s ]
[ sql ] [ SQL ] SELECT `name` FROM `lib_label_list` WHERE  `id` = 1 LIMIT 1 [ RunTime:0.000158s ]
[ sql ] [ SQL ] SELECT `account` FROM `lib_admin_user` WHERE  `id` = 1 LIMIT 1 [ RunTime:0.000156s ]
[ sql ] [ SQL ] SELECT `name` FROM `lib_label_list` WHERE  `id` = 2 LIMIT 1 [ RunTime:0.000170s ]
[ sql ] [ SQL ] SELECT `account` FROM `lib_admin_user` WHERE  `id` = 1 LIMIT 1 [ RunTime:0.000158s ]
---------------------------------------------------------------
[ 2018-09-22T23:17:28+08:00 ] 203.93.18.117 GET /index/index/index.html
[ sql ] [ DB ] CONNECT:[ UseTime:0.000621s ] mysql:host=127.0.0.1;dbname=lib;charset=utf8
[ sql ] [ SQL ] SHOW COLUMNS FROM `lib_label_list` [ RunTime:0.001330s ]
[ sql ] [ SQL ] SELECT `id`,`name` FROM `lib_label_list` WHERE  `status` = 1  AND `isdelete` = 0 [ RunTime:0.000236s ]
[ sql ] [ SQL ] SHOW COLUMNS FROM `lib_label_article` [ RunTime:0.000593s ]
[ sql ] [ SQL ] SELECT `id`,`name`,`read_account` FROM `lib_label_article` WHERE  `status` = 1  AND `isdelete` = 0 ORDER BY `read_account` DESC,`id` LIMIT 5 [ RunTime:0.000175s ]
[ sql ] [ SQL ] SELECT `id` FROM `lib_label_list` WHERE  `status` = 1  AND `isdelete` = 0 [ RunTime:0.000152s ]
[ sql ] [ SQL ] SELECT COUNT(*) AS tp_count FROM `lib_label_article` WHERE  `label_id` IN (1,2) LIMIT 1 [ RunTime:0.000189s ]
[ sql ] [ SQL ] SELECT `id`,`name`,`read_account`,`label_id`,`author_id`,`create_time` FROM `lib_label_article` WHERE  `label_id` IN (1,2) ORDER BY `create_time` DESC LIMIT 0,5 [ RunTime:0.000168s ]
[ sql ] [ SQL ] SELECT `name` FROM `lib_label_list` WHERE  `id` = 1 LIMIT 1 [ RunTime:0.000171s ]
[ sql ] [ SQL ] SHOW COLUMNS FROM `lib_admin_user` [ RunTime:0.000571s ]
[ sql ] [ SQL ] SELECT `account` FROM `lib_admin_user` WHERE  `id` = 1 LIMIT 1 [ RunTime:0.000186s ]
[ sql ] [ SQL ] SELECT `name` FROM `lib_label_list` WHERE  `id` = 2 LIMIT 1 [ RunTime:0.000151s ]
[ sql ] [ SQL ] SELECT `account` FROM `lib_admin_user` WHERE  `id` = 1 LIMIT 1 [ RunTime:0.000150s ]
[ sql ] [ SQL ] SELECT `name` FROM `lib_label_list` WHERE  `id` = 2 LIMIT 1 [ RunTime:0.000162s ]
[ sql ] [ SQL ] SELECT `account` FROM `lib_admin_user` WHERE  `id` = 1 LIMIT 1 [ RunTime:0.000180s ]
[ sql ] [ SQL ] SELECT `name` FROM `lib_label_list` WHERE  `id` = 1 LIMIT 1 [ RunTime:0.000147s ]
[ sql ] [ SQL ] SELECT `account` FROM `lib_admin_user` WHERE  `id` = 1 LIMIT 1 [ RunTime:0.000153s ]
[ sql ] [ SQL ] SELECT `name` FROM `lib_label_list` WHERE  `id` = 2 LIMIT 1 [ RunTime:0.000146s ]
[ sql ] [ SQL ] SELECT `account` FROM `lib_admin_user` WHERE  `id` = 1 LIMIT 1 [ RunTime:0.000147s ]
---------------------------------------------------------------
[ 2018-09-22T23:17:53+08:00 ] 61.151.178.197 GET /index/index/detail/detail/6.html
[ sql ] [ DB ] CONNECT:[ UseTime:0.000678s ] mysql:host=127.0.0.1;dbname=lib;charset=utf8
[ sql ] [ SQL ] SHOW COLUMNS FROM `lib_label_list` [ RunTime:0.001345s ]
[ sql ] [ SQL ] SELECT `id`,`name` FROM `lib_label_list` WHERE  `status` = 1  AND `isdelete` = 0 [ RunTime:0.000231s ]
[ sql ] [ SQL ] SHOW COLUMNS FROM `lib_label_article` [ RunTime:0.000557s ]
[ sql ] [ SQL ] SELECT `id`,`name`,`content` FROM `lib_label_article` WHERE  `id` = 6 LIMIT 1 [ RunTime:0.000298s ]
[ sql ] [ SQL ] UPDATE `lib_label_article`  SET `read_account`=`read_account`+1  WHERE  `id` = 6 [ RunTime:0.004470s ]
---------------------------------------------------------------
[ 2018-09-22T23:18:01+08:00 ] 101.89.239.232 GET /index/index/index/label_id/1.html
[ sql ] [ DB ] CONNECT:[ UseTime:0.000669s ] mysql:host=127.0.0.1;dbname=lib;charset=utf8
[ sql ] [ SQL ] SHOW COLUMNS FROM `lib_label_list` [ RunTime:0.001406s ]
[ sql ] [ SQL ] SELECT `id`,`name` FROM `lib_label_list` WHERE  `status` = 1  AND `isdelete` = 0 [ RunTime:0.000233s ]
[ sql ] [ SQL ] SHOW COLUMNS FROM `lib_label_article` [ RunTime:0.000603s ]
[ sql ] [ SQL ] SELECT `id`,`name`,`read_account` FROM `lib_label_article` WHERE  `status` = 1  AND `isdelete` = 0 ORDER BY `read_account` DESC,`id` LIMIT 5 [ RunTime:0.000315s ]
[ sql ] [ SQL ] SELECT COUNT(*) AS tp_count FROM `lib_label_article` WHERE  `label_id` = 1 LIMIT 1 [ RunTime:0.000275s ]
[ sql ] [ SQL ] SELECT `id`,`name`,`read_account`,`label_id`,`author_id`,`create_time` FROM `lib_label_article` WHERE  `label_id` = 1 ORDER BY `create_time` DESC LIMIT 0,5 [ RunTime:0.000257s ]
[ sql ] [ SQL ] SELECT `name` FROM `lib_label_list` WHERE  `id` = 1 LIMIT 1 [ RunTime:0.000202s ]
[ sql ] [ SQL ] SHOW COLUMNS FROM `lib_admin_user` [ RunTime:0.000719s ]
[ sql ] [ SQL ] SELECT `account` FROM `lib_admin_user` WHERE  `id` = 1 LIMIT 1 [ RunTime:0.000175s ]
[ sql ] [ SQL ] SELECT `name` FROM `lib_label_list` WHERE  `id` = 1 LIMIT 1 [ RunTime:0.000160s ]
[ sql ] [ SQL ] SELECT `account` FROM `lib_admin_user` WHERE  `id` = 1 LIMIT 1 [ RunTime:0.000179s ]
[ sql ] [ SQL ] SELECT `name` FROM `lib_label_list` WHERE  `id` = 1 LIMIT 1 [ RunTime:0.000158s ]
[ sql ] [ SQL ] SELECT `account` FROM `lib_admin_user` WHERE  `id` = 1 LIMIT 1 [ RunTime:0.000155s ]
[ sql ] [ SQL ] SELECT `name` FROM `lib_label_list` WHERE  `id` = 1 LIMIT 1 [ RunTime:0.000157s ]
[ sql ] [ SQL ] SELECT `account` FROM `lib_admin_user` WHERE  `id` = 1 LIMIT 1 [ RunTime:0.000157s ]
---------------------------------------------------------------
[ 2018-09-22T23:18:03+08:00 ] 61.151.178.165 GET /index/index/index/label_id/2.html
[ sql ] [ DB ] CONNECT:[ UseTime:0.000672s ] mysql:host=127.0.0.1;dbname=lib;charset=utf8
[ sql ] [ SQL ] SHOW COLUMNS FROM `lib_label_list` [ RunTime:0.040604s ]
[ sql ] [ SQL ] SELECT `id`,`name` FROM `lib_label_list` WHERE  `status` = 1  AND `isdelete` = 0 [ RunTime:0.000362s ]
[ sql ] [ SQL ] SHOW COLUMNS FROM `lib_label_article` [ RunTime:0.000839s ]
[ sql ] [ SQL ] SELECT `id`,`name`,`read_account` FROM `lib_label_article` WHERE  `status` = 1  AND `isdelete` = 0 ORDER BY `read_account` DESC,`id` LIMIT 5 [ RunTime:0.000195s ]
[ sql ] [ SQL ] SELECT COUNT(*) AS tp_count FROM `lib_label_article` WHERE  `label_id` = 2 LIMIT 1 [ RunTime:0.000307s ]
[ sql ] [ SQL ] SELECT `id`,`name`,`read_account`,`label_id`,`author_id`,`create_time` FROM `lib_label_article` WHERE  `label_id` = 2 ORDER BY `create_time` DESC LIMIT 0,5 [ RunTime:0.000285s ]
[ sql ] [ SQL ] SELECT `name` FROM `lib_label_list` WHERE  `id` = 2 LIMIT 1 [ RunTime:0.000181s ]
[ sql ] [ SQL ] SHOW COLUMNS FROM `lib_admin_user` [ RunTime:0.000745s ]
[ sql ] [ SQL ] SELECT `account` FROM `lib_admin_user` WHERE  `id` = 1 LIMIT 1 [ RunTime:0.000175s ]
[ sql ] [ SQL ] SELECT `name` FROM `lib_label_list` WHERE  `id` = 2 LIMIT 1 [ RunTime:0.000150s ]
[ sql ] [ SQL ] SELECT `account` FROM `lib_admin_user` WHERE  `id` = 1 LIMIT 1 [ RunTime:0.000163s ]
[ sql ] [ SQL ] SELECT `name` FROM `lib_label_list` WHERE  `id` = 2 LIMIT 1 [ RunTime:0.000147s ]
[ sql ] [ SQL ] SELECT `account` FROM `lib_admin_user` WHERE  `id` = 1 LIMIT 1 [ RunTime:0.000167s ]
[ sql ] [ SQL ] SELECT `name` FROM `lib_label_list` WHERE  `id` = 2 LIMIT 1 [ RunTime:0.000148s ]
[ sql ] [ SQL ] SELECT `account` FROM `lib_admin_user` WHERE  `id` = 1 LIMIT 1 [ RunTime:0.000146s ]
---------------------------------------------------------------
[ 2018-09-22T23:18:05+08:00 ] 61.151.178.164 GET /index/index/detail/detail/8.html
[ sql ] [ DB ] CONNECT:[ UseTime:0.000702s ] mysql:host=127.0.0.1;dbname=lib;charset=utf8
[ sql ] [ SQL ] SHOW COLUMNS FROM `lib_label_list` [ RunTime:0.001341s ]
[ sql ] [ SQL ] SELECT `id`,`name` FROM `lib_label_list` WHERE  `status` = 1  AND `isdelete` = 0 [ RunTime:0.000256s ]
[ sql ] [ SQL ] SHOW COLUMNS FROM `lib_label_article` [ RunTime:0.000585s ]
[ sql ] [ SQL ] SELECT `id`,`name`,`content` FROM `lib_label_article` WHERE  `id` = 8 LIMIT 1 [ RunTime:0.000278s ]
[ sql ] [ SQL ] UPDATE `lib_label_article`  SET `read_account`=`read_account`+1  WHERE  `id` = 8 [ RunTime:0.007373s ]
---------------------------------------------------------------
[ 2018-09-22T23:18:12+08:00 ] 61.129.6.225 GET /index/index/index.html
[ sql ] [ DB ] CONNECT:[ UseTime:0.000595s ] mysql:host=127.0.0.1;dbname=lib;charset=utf8
[ sql ] [ SQL ] SHOW COLUMNS FROM `lib_label_list` [ RunTime:0.001674s ]
[ sql ] [ SQL ] SELECT `id`,`name` FROM `lib_label_list` WHERE  `status` = 1  AND `isdelete` = 0 [ RunTime:0.000251s ]
[ sql ] [ SQL ] SHOW COLUMNS FROM `lib_label_article` [ RunTime:0.000585s ]
[ sql ] [ SQL ] SELECT `id`,`name`,`read_account` FROM `lib_label_article` WHERE  `status` = 1  AND `isdelete` = 0 ORDER BY `read_account` DESC,`id` LIMIT 5 [ RunTime:0.000323s ]
[ sql ] [ SQL ] SELECT `id` FROM `lib_label_list` WHERE  `status` = 1  AND `isdelete` = 0 [ RunTime:0.000156s ]
[ sql ] [ SQL ] SELECT COUNT(*) AS tp_count FROM `lib_label_article` WHERE  `label_id` IN (1,2) LIMIT 1 [ RunTime:0.000254s ]
[ sql ] [ SQL ] SELECT `id`,`name`,`read_account`,`label_id`,`author_id`,`create_time` FROM `lib_label_article` WHERE  `label_id` IN (1,2) ORDER BY `create_time` DESC LIMIT 0,5 [ RunTime:0.000274s ]
[ sql ] [ SQL ] SELECT `name` FROM `lib_label_list` WHERE  `id` = 1 LIMIT 1 [ RunTime:0.000173s ]
[ sql ] [ SQL ] SHOW COLUMNS FROM `lib_admin_user` [ RunTime:0.000599s ]
[ sql ] [ SQL ] SELECT `account` FROM `lib_admin_user` WHERE  `id` = 1 LIMIT 1 [ RunTime:0.000190s ]
[ sql ] [ SQL ] SELECT `name` FROM `lib_label_list` WHERE  `id` = 2 LIMIT 1 [ RunTime:0.000174s ]
[ sql ] [ SQL ] SELECT `account` FROM `lib_admin_user` WHERE  `id` = 1 LIMIT 1 [ RunTime:0.000152s ]
[ sql ] [ SQL ] SELECT `name` FROM `lib_label_list` WHERE  `id` = 2 LIMIT 1 [ RunTime:0.000172s ]
[ sql ] [ SQL ] SELECT `account` FROM `lib_admin_user` WHERE  `id` = 1 LIMIT 1 [ RunTime:0.000171s ]
[ sql ] [ SQL ] SELECT `name` FROM `lib_label_list` WHERE  `id` = 1 LIMIT 1 [ RunTime:0.000149s ]
[ sql ] [ SQL ] SELECT `account` FROM `lib_admin_user` WHERE  `id` = 1 LIMIT 1 [ RunTime:0.000155s ]
[ sql ] [ SQL ] SELECT `name` FROM `lib_label_list` WHERE  `id` = 2 LIMIT 1 [ RunTime:0.000157s ]
[ sql ] [ SQL ] SELECT `account` FROM `lib_admin_user` WHERE  `id` = 1 LIMIT 1 [ RunTime:0.000149s ]
---------------------------------------------------------------
[ 2018-09-22T23:18:18+08:00 ] 61.129.6.251 GET /index/index/detail/detail/8.html
[ sql ] [ DB ] CONNECT:[ UseTime:0.000649s ] mysql:host=127.0.0.1;dbname=lib;charset=utf8
[ sql ] [ SQL ] SHOW COLUMNS FROM `lib_label_list` [ RunTime:0.001311s ]
[ sql ] [ SQL ] SELECT `id`,`name` FROM `lib_label_list` WHERE  `status` = 1  AND `isdelete` = 0 [ RunTime:0.000230s ]
[ sql ] [ SQL ] SHOW COLUMNS FROM `lib_label_article` [ RunTime:0.000583s ]
[ sql ] [ SQL ] SELECT `id`,`name`,`content` FROM `lib_label_article` WHERE  `id` = 8 LIMIT 1 [ RunTime:0.000294s ]
[ sql ] [ SQL ] UPDATE `lib_label_article`  SET `read_account`=`read_account`+1  WHERE  `id` = 8 [ RunTime:0.006269s ]
