---------------------------------------------------------------
[ 2018-09-26T00:06:08+08:00 ] 203.93.18.117 GET /
[ sql ] [ DB ] CONNECT:[ UseTime:0.000635s ] mysql:host=127.0.0.1;dbname=lib;charset=utf8
[ sql ] [ SQL ] SHOW COLUMNS FROM `lib_label_list` [ RunTime:0.001304s ]
[ sql ] [ SQL ] SELECT `id`,`name` FROM `lib_label_list` WHERE  `status` = 1  AND `isdelete` = 0 [ RunTime:0.000209s ]
[ sql ] [ SQL ] SHOW COLUMNS FROM `lib_label_article` [ RunTime:0.000552s ]
[ sql ] [ SQL ] SELECT `id`,`name`,`read_account` FROM `lib_label_article` WHERE  `status` = 1  AND `isdelete` = 0 ORDER BY `read_account` DESC,`id` LIMIT 5 [ RunTime:0.000196s ]
[ sql ] [ SQL ] SELECT `id` FROM `lib_label_list` WHERE  `status` = 1  AND `isdelete` = 0 [ RunTime:0.000153s ]
[ sql ] [ SQL ] SELECT COUNT(*) AS tp_count FROM `lib_label_article` WHERE  `label_id` IN (1,2) LIMIT 1 [ RunTime:0.000281s ]
[ sql ] [ SQL ] SELECT `id`,`name`,`read_account`,`label_id`,`author_id`,`create_time` FROM `lib_label_article` WHERE  `label_id` IN (1,2) ORDER BY `create_time` DESC LIMIT 0,5 [ RunTime:0.000167s ]
[ sql ] [ SQL ] SELECT `name` FROM `lib_label_list` WHERE  `id` = 1 LIMIT 1 [ RunTime:0.000170s ]
[ sql ] [ SQL ] SHOW COLUMNS FROM `lib_admin_user` [ RunTime:0.000586s ]
[ sql ] [ SQL ] SELECT `account` FROM `lib_admin_user` WHERE  `id` = 1 LIMIT 1 [ RunTime:0.000152s ]
[ sql ] [ SQL ] SELECT `name` FROM `lib_label_list` WHERE  `id` = 2 LIMIT 1 [ RunTime:0.000177s ]
[ sql ] [ SQL ] SELECT `account` FROM `lib_admin_user` WHERE  `id` = 1 LIMIT 1 [ RunTime:0.000154s ]
[ sql ] [ SQL ] SELECT `name` FROM `lib_label_list` WHERE  `id` = 2 LIMIT 1 [ RunTime:0.000148s ]
[ sql ] [ SQL ] SELECT `account` FROM `lib_admin_user` WHERE  `id` = 1 LIMIT 1 [ RunTime:0.000169s ]
[ sql ] [ SQL ] SELECT `name` FROM `lib_label_list` WHERE  `id` = 1 LIMIT 1 [ RunTime:0.000146s ]
[ sql ] [ SQL ] SELECT `account` FROM `lib_admin_user` WHERE  `id` = 1 LIMIT 1 [ RunTime:0.000146s ]
[ sql ] [ SQL ] SELECT `name` FROM `lib_label_list` WHERE  `id` = 2 LIMIT 1 [ RunTime:0.000164s ]
[ sql ] [ SQL ] SELECT `account` FROM `lib_admin_user` WHERE  `id` = 1 LIMIT 1 [ RunTime:0.000146s ]
---------------------------------------------------------------
[ 2018-09-26T00:06:11+08:00 ] 203.93.18.117 GET /index/index/detail/detail/8.html
[ sql ] [ DB ] CONNECT:[ UseTime:0.000662s ] mysql:host=127.0.0.1;dbname=lib;charset=utf8
[ sql ] [ SQL ] SHOW COLUMNS FROM `lib_label_list` [ RunTime:0.001450s ]
[ sql ] [ SQL ] SELECT `id`,`name` FROM `lib_label_list` WHERE  `status` = 1  AND `isdelete` = 0 [ RunTime:0.000272s ]
[ sql ] [ SQL ] SHOW COLUMNS FROM `lib_label_article` [ RunTime:0.000601s ]
[ sql ] [ SQL ] SELECT `id`,`name`,`content` FROM `lib_label_article` WHERE  `id` = 8 LIMIT 1 [ RunTime:0.000307s ]
[ sql ] [ SQL ] UPDATE `lib_label_article`  SET `read_account`=`read_account`+1  WHERE  `id` = 8 [ RunTime:0.006914s ]
---------------------------------------------------------------
[ 2018-09-26T00:06:22+08:00 ] 203.93.18.117 POST /admin/pub/checklogin.html
[ sql ] [ DB ] CONNECT:[ UseTime:0.000642s ] mysql:host=127.0.0.1;dbname=lib;charset=utf8
[ sql ] [ SQL ] SHOW COLUMNS FROM `lib_admin_user` [ RunTime:0.001452s ]
[ sql ] [ SQL ] SELECT `id`,`realname`,`password`,`last_login_time` FROM `lib_admin_user` WHERE  `status` = 1  AND `account` = 'admin' LIMIT 1 [ RunTime:0.000366s ]
[ sql ] [ SQL ] UPDATE `lib_admin_user`  SET `login_account`=login_account+1,`last_login_time`=1537891582  WHERE  `id` = 1 [ RunTime:0.005203s ]
---------------------------------------------------------------
[ 2018-09-26T00:06:22+08:00 ] 203.93.18.117 GET /admin/index/index.html
[ sql ] [ DB ] CONNECT:[ UseTime:0.000699s ] mysql:host=127.0.0.1;dbname=lib;charset=utf8
[ sql ] [ SQL ] SHOW COLUMNS FROM `lib_node` [ RunTime:0.001399s ]
[ sql ] [ SQL ] SELECT `id`,`pid`,`group_id`,`name`,`title` FROM `lib_node` WHERE  `status` = 1  AND `isdelete` = 0  AND `group_id` > 0 ORDER BY `sort`,`id` [ RunTime:0.000254s ]
[ sql ] [ SQL ] SHOW COLUMNS FROM `lib_admin_group` [ RunTime:0.000772s ]
[ sql ] [ SQL ] SELECT `id`,`name`,`icon` FROM `lib_admin_group` WHERE  `status` = 1  AND `isdelete` = 0  AND `id` IN (1,2) [ RunTime:0.000201s ]
---------------------------------------------------------------
[ 2018-09-26T00:06:26+08:00 ] 203.93.18.117 GET /admin/admin_group/index?page=1&limit=10
[ sql ] [ DB ] CONNECT:[ UseTime:0.000780s ] mysql:host=127.0.0.1;dbname=lib;charset=utf8
[ sql ] [ SQL ] SHOW COLUMNS FROM `lib_admin_group` [ RunTime:0.000777s ]
[ sql ] [ SQL ] SELECT * FROM `lib_admin_group` WHERE  `isdelete` = 0 ORDER BY `id` DESC LIMIT 0,10 [ RunTime:0.000348s ]
[ sql ] [ SQL ] SELECT COUNT(*) AS tp_count FROM `lib_admin_group` WHERE  `isdelete` = 0 LIMIT 1 [ RunTime:0.000186s ]
---------------------------------------------------------------
[ 2018-09-26T00:06:28+08:00 ] 203.93.18.117 GET /admin/pub/info.html
[ sql ] [ DB ] CONNECT:[ UseTime:0.000966s ] mysql:host=127.0.0.1;dbname=lib;charset=utf8
[ sql ] [ SQL ] SHOW COLUMNS FROM `lib_admin_user` [ RunTime:0.001743s ]
[ sql ] [ SQL ] SELECT `account`,`realname`,`email` FROM `lib_admin_user` WHERE  `id` = 1 LIMIT 1 [ RunTime:0.000424s ]
---------------------------------------------------------------
[ 2018-09-26T00:06:30+08:00 ] 203.93.18.117 GET /admin/node/index.html
[ sql ] [ DB ] CONNECT:[ UseTime:0.000692s ] mysql:host=127.0.0.1;dbname=lib;charset=utf8
[ sql ] [ SQL ] SHOW COLUMNS FROM `lib_node` [ RunTime:0.001342s ]
[ sql ] [ SQL ] SELECT id,pid,group_id,name,title,status FROM `lib_node` ORDER BY `sort`,`id` [ RunTime:0.000195s ]
[ sql ] [ SQL ] SHOW COLUMNS FROM `lib_admin_group` [ RunTime:0.000561s ]
[ sql ] [ SQL ] SELECT `id`,`name`,`icon` FROM `lib_admin_group` WHERE  `id` IN (1,2) [ RunTime:0.000174s ]
---------------------------------------------------------------
[ 2018-09-26T00:06:34+08:00 ] 203.93.18.117 GET /admin/admin_role/index?page=1&limit=10
[ sql ] [ DB ] CONNECT:[ UseTime:0.000686s ] mysql:host=127.0.0.1;dbname=lib;charset=utf8
[ sql ] [ SQL ] SHOW COLUMNS FROM `lib_admin_role` [ RunTime:0.001302s ]
[ sql ] [ SQL ] SELECT * FROM `lib_admin_role` WHERE  `isdelete` = 0 ORDER BY `id` DESC LIMIT 0,10 [ RunTime:0.000217s ]
[ sql ] [ SQL ] SELECT COUNT(*) AS tp_count FROM `lib_admin_role` WHERE  `isdelete` = 0 LIMIT 1 [ RunTime:0.000170s ]
---------------------------------------------------------------
[ 2018-09-26T00:06:36+08:00 ] 203.93.18.117 GET /admin/admin_user/index?page=1&limit=10
[ sql ] [ DB ] CONNECT:[ UseTime:0.000612s ] mysql:host=127.0.0.1;dbname=lib;charset=utf8
[ sql ] [ SQL ] SHOW COLUMNS FROM `lib_admin_user` [ RunTime:0.001316s ]
[ sql ] [ SQL ] SELECT * FROM `lib_admin_user` WHERE  `isdelete` = 0 ORDER BY `id` DESC LIMIT 0,10 [ RunTime:0.000371s ]
[ sql ] [ SQL ] SELECT COUNT(*) AS tp_count FROM `lib_admin_user` WHERE  `isdelete` = 0 LIMIT 1 [ RunTime:0.000245s ]
---------------------------------------------------------------
[ 2018-09-26T00:06:41+08:00 ] 203.93.18.117 GET /admin/label_list/index?page=1&limit=10
[ sql ] [ DB ] CONNECT:[ UseTime:0.000671s ] mysql:host=127.0.0.1;dbname=lib;charset=utf8
[ sql ] [ SQL ] SHOW COLUMNS FROM `lib_label_list` [ RunTime:0.001346s ]
[ sql ] [ SQL ] SELECT * FROM `lib_label_list` WHERE  `isdelete` = 0 ORDER BY `id` DESC LIMIT 0,10 [ RunTime:0.000231s ]
[ sql ] [ SQL ] SELECT COUNT(*) AS tp_count FROM `lib_label_list` WHERE  `isdelete` = 0 LIMIT 1 [ RunTime:0.000188s ]
---------------------------------------------------------------
[ 2018-09-26T00:06:42+08:00 ] 203.93.18.117 GET /admin/label_article/index?page=1&limit=10
[ sql ] [ DB ] CONNECT:[ UseTime:0.000630s ] mysql:host=127.0.0.1;dbname=lib;charset=utf8
[ sql ] [ SQL ] SHOW COLUMNS FROM `lib_label_article` [ RunTime:0.001357s ]
[ sql ] [ SQL ] SELECT * FROM `lib_label_article` WHERE  `isdelete` = 0 ORDER BY `id` DESC LIMIT 0,10 [ RunTime:0.000458s ]
[ sql ] [ SQL ] SELECT COUNT(*) AS tp_count FROM `lib_label_article` WHERE  `isdelete` = 0 LIMIT 1 [ RunTime:0.000240s ]
[ sql ] [ SQL ] SHOW COLUMNS FROM `lib_label_list` [ RunTime:0.000591s ]
[ sql ] [ SQL ] SELECT `name` FROM `lib_label_list` WHERE  `id` = 1 LIMIT 1 [ RunTime:0.000158s ]
[ sql ] [ SQL ] SHOW COLUMNS FROM `lib_admin_user` [ RunTime:0.000590s ]
[ sql ] [ SQL ] SELECT `account` FROM `lib_admin_user` WHERE  `id` = 1 LIMIT 1 [ RunTime:0.000220s ]
[ sql ] [ SQL ] SELECT `name` FROM `lib_label_list` WHERE  `id` = 2 LIMIT 1 [ RunTime:0.000155s ]
[ sql ] [ SQL ] SELECT `account` FROM `lib_admin_user` WHERE  `id` = 1 LIMIT 1 [ RunTime:0.000153s ]
[ sql ] [ SQL ] SELECT `name` FROM `lib_label_list` WHERE  `id` = 2 LIMIT 1 [ RunTime:0.000150s ]
[ sql ] [ SQL ] SELECT `account` FROM `lib_admin_user` WHERE  `id` = 1 LIMIT 1 [ RunTime:0.000148s ]
[ sql ] [ SQL ] SELECT `name` FROM `lib_label_list` WHERE  `id` = 1 LIMIT 1 [ RunTime:0.000153s ]
[ sql ] [ SQL ] SELECT `account` FROM `lib_admin_user` WHERE  `id` = 1 LIMIT 1 [ RunTime:0.000146s ]
[ sql ] [ SQL ] SELECT `name` FROM `lib_label_list` WHERE  `id` = 2 LIMIT 1 [ RunTime:0.000169s ]
[ sql ] [ SQL ] SELECT `account` FROM `lib_admin_user` WHERE  `id` = 1 LIMIT 1 [ RunTime:0.000147s ]
[ sql ] [ SQL ] SELECT `name` FROM `lib_label_list` WHERE  `id` = 2 LIMIT 1 [ RunTime:0.000158s ]
[ sql ] [ SQL ] SELECT `account` FROM `lib_admin_user` WHERE  `id` = 1 LIMIT 1 [ RunTime:0.000163s ]
[ sql ] [ SQL ] SELECT `name` FROM `lib_label_list` WHERE  `id` = 1 LIMIT 1 [ RunTime:0.000148s ]
[ sql ] [ SQL ] SELECT `account` FROM `lib_admin_user` WHERE  `id` = 1 LIMIT 1 [ RunTime:0.000144s ]
[ sql ] [ SQL ] SELECT `name` FROM `lib_label_list` WHERE  `id` = 1 LIMIT 1 [ RunTime:0.000165s ]
[ sql ] [ SQL ] SELECT `account` FROM `lib_admin_user` WHERE  `id` = 1 LIMIT 1 [ RunTime:0.000145s ]
---------------------------------------------------------------
[ 2018-09-26T01:07:45+08:00 ] 80.153.183.23 GET /
[ sql ] [ DB ] CONNECT:[ UseTime:0.000638s ] mysql:host=127.0.0.1;dbname=lib;charset=utf8
[ sql ] [ SQL ] SHOW COLUMNS FROM `lib_label_list` [ RunTime:0.001277s ]
[ sql ] [ SQL ] SELECT `id`,`name` FROM `lib_label_list` WHERE  `status` = 1  AND `isdelete` = 0 [ RunTime:0.000212s ]
[ sql ] [ SQL ] SHOW COLUMNS FROM `lib_label_article` [ RunTime:0.000588s ]
[ sql ] [ SQL ] SELECT `id`,`name`,`read_account` FROM `lib_label_article` WHERE  `status` = 1  AND `isdelete` = 0 ORDER BY `read_account` DESC,`id` LIMIT 5 [ RunTime:0.000338s ]
[ sql ] [ SQL ] SELECT `id` FROM `lib_label_list` WHERE  `status` = 1  AND `isdelete` = 0 [ RunTime:0.000157s ]
[ sql ] [ SQL ] SELECT COUNT(*) AS tp_count FROM `lib_label_article` WHERE  `label_id` IN (1,2) LIMIT 1 [ RunTime:0.000485s ]
[ sql ] [ SQL ] SELECT `id`,`name`,`read_account`,`label_id`,`author_id`,`create_time` FROM `lib_label_article` WHERE  `label_id` IN (1,2) ORDER BY `create_time` DESC LIMIT 0,5 [ RunTime:0.000270s ]
[ sql ] [ SQL ] SELECT `name` FROM `lib_label_list` WHERE  `id` = 1 LIMIT 1 [ RunTime:0.000171s ]
[ sql ] [ SQL ] SHOW COLUMNS FROM `lib_admin_user` [ RunTime:0.000590s ]
[ sql ] [ SQL ] SELECT `account` FROM `lib_admin_user` WHERE  `id` = 1 LIMIT 1 [ RunTime:0.000152s ]
[ sql ] [ SQL ] SELECT `name` FROM `lib_label_list` WHERE  `id` = 2 LIMIT 1 [ RunTime:0.000153s ]
[ sql ] [ SQL ] SELECT `account` FROM `lib_admin_user` WHERE  `id` = 1 LIMIT 1 [ RunTime:0.000153s ]
[ sql ] [ SQL ] SELECT `name` FROM `lib_label_list` WHERE  `id` = 2 LIMIT 1 [ RunTime:0.000147s ]
[ sql ] [ SQL ] SELECT `account` FROM `lib_admin_user` WHERE  `id` = 1 LIMIT 1 [ RunTime:0.000147s ]
[ sql ] [ SQL ] SELECT `name` FROM `lib_label_list` WHERE  `id` = 1 LIMIT 1 [ RunTime:0.000151s ]
[ sql ] [ SQL ] SELECT `account` FROM `lib_admin_user` WHERE  `id` = 1 LIMIT 1 [ RunTime:0.000145s ]
[ sql ] [ SQL ] SELECT `name` FROM `lib_label_list` WHERE  `id` = 2 LIMIT 1 [ RunTime:0.000251s ]
[ sql ] [ SQL ] SELECT `account` FROM `lib_admin_user` WHERE  `id` = 1 LIMIT 1 [ RunTime:0.000149s ]
---------------------------------------------------------------
[ 2018-09-26T01:47:27+08:00 ] 159.192.253.12 GET /
[ sql ] [ DB ] CONNECT:[ UseTime:0.000674s ] mysql:host=127.0.0.1;dbname=lib;charset=utf8
[ sql ] [ SQL ] SHOW COLUMNS FROM `lib_label_list` [ RunTime:0.001353s ]
[ sql ] [ SQL ] SELECT `id`,`name` FROM `lib_label_list` WHERE  `status` = 1  AND `isdelete` = 0 [ RunTime:0.000211s ]
[ sql ] [ SQL ] SHOW COLUMNS FROM `lib_label_article` [ RunTime:0.000614s ]
[ sql ] [ SQL ] SELECT `id`,`name`,`read_account` FROM `lib_label_article` WHERE  `status` = 1  AND `isdelete` = 0 ORDER BY `read_account` DESC,`id` LIMIT 5 [ RunTime:0.000174s ]
[ sql ] [ SQL ] SELECT `id` FROM `lib_label_list` WHERE  `status` = 1  AND `isdelete` = 0 [ RunTime:0.000153s ]
[ sql ] [ SQL ] SELECT COUNT(*) AS tp_count FROM `lib_label_article` WHERE  `label_id` IN (1,2) LIMIT 1 [ RunTime:0.000186s ]
[ sql ] [ SQL ] SELECT `id`,`name`,`read_account`,`label_id`,`author_id`,`create_time` FROM `lib_label_article` WHERE  `label_id` IN (1,2) ORDER BY `create_time` DESC LIMIT 0,5 [ RunTime:0.000201s ]
[ sql ] [ SQL ] SELECT `name` FROM `lib_label_list` WHERE  `id` = 1 LIMIT 1 [ RunTime:0.000198s ]
[ sql ] [ SQL ] SHOW COLUMNS FROM `lib_admin_user` [ RunTime:0.000614s ]
[ sql ] [ SQL ] SELECT `account` FROM `lib_admin_user` WHERE  `id` = 1 LIMIT 1 [ RunTime:0.000155s ]
[ sql ] [ SQL ] SELECT `name` FROM `lib_label_list` WHERE  `id` = 2 LIMIT 1 [ RunTime:0.000151s ]
[ sql ] [ SQL ] SELECT `account` FROM `lib_admin_user` WHERE  `id` = 1 LIMIT 1 [ RunTime:0.000170s ]
[ sql ] [ SQL ] SELECT `name` FROM `lib_label_list` WHERE  `id` = 2 LIMIT 1 [ RunTime:0.000153s ]
[ sql ] [ SQL ] SELECT `account` FROM `lib_admin_user` WHERE  `id` = 1 LIMIT 1 [ RunTime:0.000175s ]
[ sql ] [ SQL ] SELECT `name` FROM `lib_label_list` WHERE  `id` = 1 LIMIT 1 [ RunTime:0.000177s ]
[ sql ] [ SQL ] SELECT `account` FROM `lib_admin_user` WHERE  `id` = 1 LIMIT 1 [ RunTime:0.000162s ]
[ sql ] [ SQL ] SELECT `name` FROM `lib_label_list` WHERE  `id` = 2 LIMIT 1 [ RunTime:0.000147s ]
[ sql ] [ SQL ] SELECT `account` FROM `lib_admin_user` WHERE  `id` = 1 LIMIT 1 [ RunTime:0.000157s ]
---------------------------------------------------------------
[ 2018-09-26T02:42:50+08:00 ] 45.56.79.13 GET /
[ sql ] [ DB ] CONNECT:[ UseTime:0.000614s ] mysql:host=127.0.0.1;dbname=lib;charset=utf8
[ sql ] [ SQL ] SHOW COLUMNS FROM `lib_label_list` [ RunTime:0.001352s ]
[ sql ] [ SQL ] SELECT `id`,`name` FROM `lib_label_list` WHERE  `status` = 1  AND `isdelete` = 0 [ RunTime:0.000214s ]
[ sql ] [ SQL ] SHOW COLUMNS FROM `lib_label_article` [ RunTime:0.000600s ]
[ sql ] [ SQL ] SELECT `id`,`name`,`read_account` FROM `lib_label_article` WHERE  `status` = 1  AND `isdelete` = 0 ORDER BY `read_account` DESC,`id` LIMIT 5 [ RunTime:0.000178s ]
[ sql ] [ SQL ] SELECT `id` FROM `lib_label_list` WHERE  `status` = 1  AND `isdelete` = 0 [ RunTime:0.000153s ]
[ sql ] [ SQL ] SELECT COUNT(*) AS tp_count FROM `lib_label_article` WHERE  `label_id` IN (1,2) LIMIT 1 [ RunTime:0.000186s ]
[ sql ] [ SQL ] SELECT `id`,`name`,`read_account`,`label_id`,`author_id`,`create_time` FROM `lib_label_article` WHERE  `label_id` IN (1,2) ORDER BY `create_time` DESC LIMIT 0,5 [ RunTime:0.000185s ]
[ sql ] [ SQL ] SELECT `name` FROM `lib_label_list` WHERE  `id` = 1 LIMIT 1 [ RunTime:0.000218s ]
[ sql ] [ SQL ] SHOW COLUMNS FROM `lib_admin_user` [ RunTime:0.000579s ]
[ sql ] [ SQL ] SELECT `account` FROM `lib_admin_user` WHERE  `id` = 1 LIMIT 1 [ RunTime:0.000168s ]
[ sql ] [ SQL ] SELECT `name` FROM `lib_label_list` WHERE  `id` = 2 LIMIT 1 [ RunTime:0.000159s ]
[ sql ] [ SQL ] SELECT `account` FROM `lib_admin_user` WHERE  `id` = 1 LIMIT 1 [ RunTime:0.000175s ]
[ sql ] [ SQL ] SELECT `name` FROM `lib_label_list` WHERE  `id` = 2 LIMIT 1 [ RunTime:0.000150s ]
[ sql ] [ SQL ] SELECT `account` FROM `lib_admin_user` WHERE  `id` = 1 LIMIT 1 [ RunTime:0.000161s ]
[ sql ] [ SQL ] SELECT `name` FROM `lib_label_list` WHERE  `id` = 1 LIMIT 1 [ RunTime:0.000179s ]
[ sql ] [ SQL ] SELECT `account` FROM `lib_admin_user` WHERE  `id` = 1 LIMIT 1 [ RunTime:0.000161s ]
[ sql ] [ SQL ] SELECT `name` FROM `lib_label_list` WHERE  `id` = 2 LIMIT 1 [ RunTime:0.000148s ]
[ sql ] [ SQL ] SELECT `account` FROM `lib_admin_user` WHERE  `id` = 1 LIMIT 1 [ RunTime:0.000162s ]
---------------------------------------------------------------
[ 2018-09-26T02:49:53+08:00 ] 180.163.220.4 GET /
[ sql ] [ DB ] CONNECT:[ UseTime:0.000638s ] mysql:host=127.0.0.1;dbname=lib;charset=utf8
[ sql ] [ SQL ] SHOW COLUMNS FROM `lib_label_list` [ RunTime:0.000788s ]
[ sql ] [ SQL ] SELECT `id`,`name` FROM `lib_label_list` WHERE  `status` = 1  AND `isdelete` = 0 [ RunTime:0.000212s ]
[ sql ] [ SQL ] SHOW COLUMNS FROM `lib_label_article` [ RunTime:0.000571s ]
[ sql ] [ SQL ] SELECT `id`,`name`,`read_account` FROM `lib_label_article` WHERE  `status` = 1  AND `isdelete` = 0 ORDER BY `read_account` DESC,`id` LIMIT 5 [ RunTime:0.000198s ]
[ sql ] [ SQL ] SELECT `id` FROM `lib_label_list` WHERE  `status` = 1  AND `isdelete` = 0 [ RunTime:0.000169s ]
[ sql ] [ SQL ] SELECT COUNT(*) AS tp_count FROM `lib_label_article` WHERE  `label_id` IN (1,2) LIMIT 1 [ RunTime:0.000219s ]
[ sql ] [ SQL ] SELECT `id`,`name`,`read_account`,`label_id`,`author_id`,`create_time` FROM `lib_label_article` WHERE  `label_id` IN (1,2) ORDER BY `create_time` DESC LIMIT 0,5 [ RunTime:0.000179s ]
[ sql ] [ SQL ] SELECT `name` FROM `lib_label_list` WHERE  `id` = 1 LIMIT 1 [ RunTime:0.000180s ]
[ sql ] [ SQL ] SHOW COLUMNS FROM `lib_admin_user` [ RunTime:0.000611s ]
[ sql ] [ SQL ] SELECT `account` FROM `lib_admin_user` WHERE  `id` = 1 LIMIT 1 [ RunTime:0.000160s ]
[ sql ] [ SQL ] SELECT `name` FROM `lib_label_list` WHERE  `id` = 2 LIMIT 1 [ RunTime:0.000194s ]
[ sql ] [ SQL ] SELECT `account` FROM `lib_admin_user` WHERE  `id` = 1 LIMIT 1 [ RunTime:0.000157s ]
[ sql ] [ SQL ] SELECT `name` FROM `lib_label_list` WHERE  `id` = 2 LIMIT 1 [ RunTime:0.000153s ]
[ sql ] [ SQL ] SELECT `account` FROM `lib_admin_user` WHERE  `id` = 1 LIMIT 1 [ RunTime:0.000168s ]
[ sql ] [ SQL ] SELECT `name` FROM `lib_label_list` WHERE  `id` = 1 LIMIT 1 [ RunTime:0.000152s ]
[ sql ] [ SQL ] SELECT `account` FROM `lib_admin_user` WHERE  `id` = 1 LIMIT 1 [ RunTime:0.000158s ]
[ sql ] [ SQL ] SELECT `name` FROM `lib_label_list` WHERE  `id` = 2 LIMIT 1 [ RunTime:0.000157s ]
[ sql ] [ SQL ] SELECT `account` FROM `lib_admin_user` WHERE  `id` = 1 LIMIT 1 [ RunTime:0.000178s ]
---------------------------------------------------------------
[ 2018-09-26T02:49:57+08:00 ] 180.163.220.99 GET /
[ sql ] [ DB ] CONNECT:[ UseTime:0.000653s ] mysql:host=127.0.0.1;dbname=lib;charset=utf8
[ sql ] [ SQL ] SHOW COLUMNS FROM `lib_label_list` [ RunTime:0.001307s ]
[ sql ] [ SQL ] SELECT `id`,`name` FROM `lib_label_list` WHERE  `status` = 1  AND `isdelete` = 0 [ RunTime:0.000222s ]
[ sql ] [ SQL ] SHOW COLUMNS FROM `lib_label_article` [ RunTime:0.000596s ]
[ sql ] [ SQL ] SELECT `id`,`name`,`read_account` FROM `lib_label_article` WHERE  `status` = 1  AND `isdelete` = 0 ORDER BY `read_account` DESC,`id` LIMIT 5 [ RunTime:0.000184s ]
[ sql ] [ SQL ] SELECT `id` FROM `lib_label_list` WHERE  `status` = 1  AND `isdelete` = 0 [ RunTime:0.000160s ]
[ sql ] [ SQL ] SELECT COUNT(*) AS tp_count FROM `lib_label_article` WHERE  `label_id` IN (1,2) LIMIT 1 [ RunTime:0.000193s ]
[ sql ] [ SQL ] SELECT `id`,`name`,`read_account`,`label_id`,`author_id`,`create_time` FROM `lib_label_article` WHERE  `label_id` IN (1,2) ORDER BY `create_time` DESC LIMIT 0,5 [ RunTime:0.000173s ]
[ sql ] [ SQL ] SELECT `name` FROM `lib_label_list` WHERE  `id` = 1 LIMIT 1 [ RunTime:0.000180s ]
[ sql ] [ SQL ] SHOW COLUMNS FROM `lib_admin_user` [ RunTime:0.000587s ]
[ sql ] [ SQL ] SELECT `account` FROM `lib_admin_user` WHERE  `id` = 1 LIMIT 1 [ RunTime:0.000180s ]
[ sql ] [ SQL ] SELECT `name` FROM `lib_label_list` WHERE  `id` = 2 LIMIT 1 [ RunTime:0.000193s ]
[ sql ] [ SQL ] SELECT `account` FROM `lib_admin_user` WHERE  `id` = 1 LIMIT 1 [ RunTime:0.000162s ]
[ sql ] [ SQL ] SELECT `name` FROM `lib_label_list` WHERE  `id` = 2 LIMIT 1 [ RunTime:0.000191s ]
[ sql ] [ SQL ] SELECT `account` FROM `lib_admin_user` WHERE  `id` = 1 LIMIT 1 [ RunTime:0.000157s ]
[ sql ] [ SQL ] SELECT `name` FROM `lib_label_list` WHERE  `id` = 1 LIMIT 1 [ RunTime:0.000154s ]
[ sql ] [ SQL ] SELECT `account` FROM `lib_admin_user` WHERE  `id` = 1 LIMIT 1 [ RunTime:0.000168s ]
[ sql ] [ SQL ] SELECT `name` FROM `lib_label_list` WHERE  `id` = 2 LIMIT 1 [ RunTime:0.000155s ]
[ sql ] [ SQL ] SELECT `account` FROM `lib_admin_user` WHERE  `id` = 1 LIMIT 1 [ RunTime:0.000154s ]
---------------------------------------------------------------
[ 2018-09-26T03:07:58+08:00 ] 64.6.49.82 GET /
[ sql ] [ DB ] CONNECT:[ UseTime:0.000627s ] mysql:host=127.0.0.1;dbname=lib;charset=utf8
[ sql ] [ SQL ] SHOW COLUMNS FROM `lib_label_list` [ RunTime:0.001355s ]
[ sql ] [ SQL ] SELECT `id`,`name` FROM `lib_label_list` WHERE  `status` = 1  AND `isdelete` = 0 [ RunTime:0.000216s ]
[ sql ] [ SQL ] SHOW COLUMNS FROM `lib_label_article` [ RunTime:0.000603s ]
[ sql ] [ SQL ] SELECT `id`,`name`,`read_account` FROM `lib_label_article` WHERE  `status` = 1  AND `isdelete` = 0 ORDER BY `read_account` DESC,`id` LIMIT 5 [ RunTime:0.000192s ]
[ sql ] [ SQL ] SELECT `id` FROM `lib_label_list` WHERE  `status` = 1  AND `isdelete` = 0 [ RunTime:0.000167s ]
[ sql ] [ SQL ] SELECT COUNT(*) AS tp_count FROM `lib_label_article` WHERE  `label_id` IN (1,2) LIMIT 1 [ RunTime:0.000191s ]
[ sql ] [ SQL ] SELECT `id`,`name`,`read_account`,`label_id`,`author_id`,`create_time` FROM `lib_label_article` WHERE  `label_id` IN (1,2) ORDER BY `create_time` DESC LIMIT 0,5 [ RunTime:0.000173s ]
[ sql ] [ SQL ] SELECT `name` FROM `lib_label_list` WHERE  `id` = 1 LIMIT 1 [ RunTime:0.000176s ]
[ sql ] [ SQL ] SHOW COLUMNS FROM `lib_admin_user` [ RunTime:0.000593s ]
[ sql ] [ SQL ] SELECT `account` FROM `lib_admin_user` WHERE  `id` = 1 LIMIT 1 [ RunTime:0.000179s ]
[ sql ] [ SQL ] SELECT `name` FROM `lib_label_list` WHERE  `id` = 2 LIMIT 1 [ RunTime:0.000157s ]
[ sql ] [ SQL ] SELECT `account` FROM `lib_admin_user` WHERE  `id` = 1 LIMIT 1 [ RunTime:0.000162s ]
[ sql ] [ SQL ] SELECT `name` FROM `lib_label_list` WHERE  `id` = 2 LIMIT 1 [ RunTime:0.000171s ]
[ sql ] [ SQL ] SELECT `account` FROM `lib_admin_user` WHERE  `id` = 1 LIMIT 1 [ RunTime:0.000177s ]
[ sql ] [ SQL ] SELECT `name` FROM `lib_label_list` WHERE  `id` = 1 LIMIT 1 [ RunTime:0.000151s ]
[ sql ] [ SQL ] SELECT `account` FROM `lib_admin_user` WHERE  `id` = 1 LIMIT 1 [ RunTime:0.000152s ]
[ sql ] [ SQL ] SELECT `name` FROM `lib_label_list` WHERE  `id` = 2 LIMIT 1 [ RunTime:0.000148s ]
[ sql ] [ SQL ] SELECT `account` FROM `lib_admin_user` WHERE  `id` = 1 LIMIT 1 [ RunTime:0.000150s ]
---------------------------------------------------------------
[ 2018-09-26T03:18:24+08:00 ] 187.11.35.235 GET /
[ sql ] [ DB ] CONNECT:[ UseTime:0.000643s ] mysql:host=127.0.0.1;dbname=lib;charset=utf8
[ sql ] [ SQL ] SHOW COLUMNS FROM `lib_label_list` [ RunTime:0.000786s ]
[ sql ] [ SQL ] SELECT `id`,`name` FROM `lib_label_list` WHERE  `status` = 1  AND `isdelete` = 0 [ RunTime:0.000216s ]
[ sql ] [ SQL ] SHOW COLUMNS FROM `lib_label_article` [ RunTime:0.000630s ]
[ sql ] [ SQL ] SELECT `id`,`name`,`read_account` FROM `lib_label_article` WHERE  `status` = 1  AND `isdelete` = 0 ORDER BY `read_account` DESC,`id` LIMIT 5 [ RunTime:0.000183s ]
[ sql ] [ SQL ] SELECT `id` FROM `lib_label_list` WHERE  `status` = 1  AND `isdelete` = 0 [ RunTime:0.000162s ]
[ sql ] [ SQL ] SELECT COUNT(*) AS tp_count FROM `lib_label_article` WHERE  `label_id` IN (1,2) LIMIT 1 [ RunTime:0.000201s ]
[ sql ] [ SQL ] SELECT `id`,`name`,`read_account`,`label_id`,`author_id`,`create_time` FROM `lib_label_article` WHERE  `label_id` IN (1,2) ORDER BY `create_time` DESC LIMIT 0,5 [ RunTime:0.000208s ]
[ sql ] [ SQL ] SELECT `name` FROM `lib_label_list` WHERE  `id` = 1 LIMIT 1 [ RunTime:0.000181s ]
[ sql ] [ SQL ] SHOW COLUMNS FROM `lib_admin_user` [ RunTime:0.000656s ]
[ sql ] [ SQL ] SELECT `account` FROM `lib_admin_user` WHERE  `id` = 1 LIMIT 1 [ RunTime:0.000163s ]
[ sql ] [ SQL ] SELECT `name` FROM `lib_label_list` WHERE  `id` = 2 LIMIT 1 [ RunTime:0.000175s ]
[ sql ] [ SQL ] SELECT `account` FROM `lib_admin_user` WHERE  `id` = 1 LIMIT 1 [ RunTime:0.000161s ]
[ sql ] [ SQL ] SELECT `name` FROM `lib_label_list` WHERE  `id` = 2 LIMIT 1 [ RunTime:0.000168s ]
[ sql ] [ SQL ] SELECT `account` FROM `lib_admin_user` WHERE  `id` = 1 LIMIT 1 [ RunTime:0.000174s ]
[ sql ] [ SQL ] SELECT `name` FROM `lib_label_list` WHERE  `id` = 1 LIMIT 1 [ RunTime:0.000159s ]
[ sql ] [ SQL ] SELECT `account` FROM `lib_admin_user` WHERE  `id` = 1 LIMIT 1 [ RunTime:0.000170s ]
[ sql ] [ SQL ] SELECT `name` FROM `lib_label_list` WHERE  `id` = 2 LIMIT 1 [ RunTime:0.000173s ]
[ sql ] [ SQL ] SELECT `account` FROM `lib_admin_user` WHERE  `id` = 1 LIMIT 1 [ RunTime:0.000171s ]
---------------------------------------------------------------
[ 2018-09-26T03:18:25+08:00 ] 187.11.35.235 GET /
[ sql ] [ DB ] CONNECT:[ UseTime:0.000656s ] mysql:host=127.0.0.1;dbname=lib;charset=utf8
[ sql ] [ SQL ] SHOW COLUMNS FROM `lib_label_list` [ RunTime:0.000837s ]
[ sql ] [ SQL ] SELECT `id`,`name` FROM `lib_label_list` WHERE  `status` = 1  AND `isdelete` = 0 [ RunTime:0.000217s ]
[ sql ] [ SQL ] SHOW COLUMNS FROM `lib_label_article` [ RunTime:0.000586s ]
[ sql ] [ SQL ] SELECT `id`,`name`,`read_account` FROM `lib_label_article` WHERE  `status` = 1  AND `isdelete` = 0 ORDER BY `read_account` DESC,`id` LIMIT 5 [ RunTime:0.000199s ]
[ sql ] [ SQL ] SELECT `id` FROM `lib_label_list` WHERE  `status` = 1  AND `isdelete` = 0 [ RunTime:0.000168s ]
[ sql ] [ SQL ] SELECT COUNT(*) AS tp_count FROM `lib_label_article` WHERE  `label_id` IN (1,2) LIMIT 1 [ RunTime:0.000196s ]
[ sql ] [ SQL ] SELECT `id`,`name`,`read_account`,`label_id`,`author_id`,`create_time` FROM `lib_label_article` WHERE  `label_id` IN (1,2) ORDER BY `create_time` DESC LIMIT 0,5 [ RunTime:0.000178s ]
[ sql ] [ SQL ] SELECT `name` FROM `lib_label_list` WHERE  `id` = 1 LIMIT 1 [ RunTime:0.000196s ]
[ sql ] [ SQL ] SHOW COLUMNS FROM `lib_admin_user` [ RunTime:0.000620s ]
[ sql ] [ SQL ] SELECT `account` FROM `lib_admin_user` WHERE  `id` = 1 LIMIT 1 [ RunTime:0.000163s ]
[ sql ] [ SQL ] SELECT `name` FROM `lib_label_list` WHERE  `id` = 2 LIMIT 1 [ RunTime:0.000163s ]
[ sql ] [ SQL ] SELECT `account` FROM `lib_admin_user` WHERE  `id` = 1 LIMIT 1 [ RunTime:0.000169s ]
[ sql ] [ SQL ] SELECT `name` FROM `lib_label_list` WHERE  `id` = 2 LIMIT 1 [ RunTime:0.000159s ]
[ sql ] [ SQL ] SELECT `account` FROM `lib_admin_user` WHERE  `id` = 1 LIMIT 1 [ RunTime:0.000161s ]
[ sql ] [ SQL ] SELECT `name` FROM `lib_label_list` WHERE  `id` = 1 LIMIT 1 [ RunTime:0.000168s ]
[ sql ] [ SQL ] SELECT `account` FROM `lib_admin_user` WHERE  `id` = 1 LIMIT 1 [ RunTime:0.000177s ]
[ sql ] [ SQL ] SELECT `name` FROM `lib_label_list` WHERE  `id` = 2 LIMIT 1 [ RunTime:0.000158s ]
[ sql ] [ SQL ] SELECT `account` FROM `lib_admin_user` WHERE  `id` = 1 LIMIT 1 [ RunTime:0.000157s ]
---------------------------------------------------------------
[ 2018-09-26T03:18:28+08:00 ] 187.11.35.235 GET /
[ sql ] [ DB ] CONNECT:[ UseTime:0.000654s ] mysql:host=127.0.0.1;dbname=lib;charset=utf8
[ sql ] [ SQL ] SHOW COLUMNS FROM `lib_label_list` [ RunTime:0.000875s ]
[ sql ] [ SQL ] SELECT `id`,`name` FROM `lib_label_list` WHERE  `status` = 1  AND `isdelete` = 0 [ RunTime:0.000232s ]
[ sql ] [ SQL ] SHOW COLUMNS FROM `lib_label_article` [ RunTime:0.000595s ]
[ sql ] [ SQL ] SELECT `id`,`name`,`read_account` FROM `lib_label_article` WHERE  `status` = 1  AND `isdelete` = 0 ORDER BY `read_account` DESC,`id` LIMIT 5 [ RunTime:0.000195s ]
[ sql ] [ SQL ] SELECT `id` FROM `lib_label_list` WHERE  `status` = 1  AND `isdelete` = 0 [ RunTime:0.000187s ]
[ sql ] [ SQL ] SELECT COUNT(*) AS tp_count FROM `lib_label_article` WHERE  `label_id` IN (1,2) LIMIT 1 [ RunTime:0.000196s ]
[ sql ] [ SQL ] SELECT `id`,`name`,`read_account`,`label_id`,`author_id`,`create_time` FROM `lib_label_article` WHERE  `label_id` IN (1,2) ORDER BY `create_time` DESC LIMIT 0,5 [ RunTime:0.000183s ]
[ sql ] [ SQL ] SELECT `name` FROM `lib_label_list` WHERE  `id` = 1 LIMIT 1 [ RunTime:0.000179s ]
[ sql ] [ SQL ] SHOW COLUMNS FROM `lib_admin_user` [ RunTime:0.000612s ]
[ sql ] [ SQL ] SELECT `account` FROM `lib_admin_user` WHERE  `id` = 1 LIMIT 1 [ RunTime:0.000162s ]
[ sql ] [ SQL ] SELECT `name` FROM `lib_label_list` WHERE  `id` = 2 LIMIT 1 [ RunTime:0.000162s ]
[ sql ] [ SQL ] SELECT `account` FROM `lib_admin_user` WHERE  `id` = 1 LIMIT 1 [ RunTime:0.000160s ]
[ sql ] [ SQL ] SELECT `name` FROM `lib_label_list` WHERE  `id` = 2 LIMIT 1 [ RunTime:0.000157s ]
[ sql ] [ SQL ] SELECT `account` FROM `lib_admin_user` WHERE  `id` = 1 LIMIT 1 [ RunTime:0.000157s ]
[ sql ] [ SQL ] SELECT `name` FROM `lib_label_list` WHERE  `id` = 1 LIMIT 1 [ RunTime:0.000157s ]
[ sql ] [ SQL ] SELECT `account` FROM `lib_admin_user` WHERE  `id` = 1 LIMIT 1 [ RunTime:0.000169s ]
[ sql ] [ SQL ] SELECT `name` FROM `lib_label_list` WHERE  `id` = 2 LIMIT 1 [ RunTime:0.000156s ]
[ sql ] [ SQL ] SELECT `account` FROM `lib_admin_user` WHERE  `id` = 1 LIMIT 1 [ RunTime:0.000177s ]
---------------------------------------------------------------
[ 2018-09-26T05:45:30+08:00 ] 162.243.145.38 GET /
[ sql ] [ DB ] CONNECT:[ UseTime:0.000654s ] mysql:host=127.0.0.1;dbname=lib;charset=utf8
[ sql ] [ SQL ] SHOW COLUMNS FROM `lib_label_list` [ RunTime:0.001298s ]
[ sql ] [ SQL ] SELECT `id`,`name` FROM `lib_label_list` WHERE  `status` = 1  AND `isdelete` = 0 [ RunTime:0.000224s ]
[ sql ] [ SQL ] SHOW COLUMNS FROM `lib_label_article` [ RunTime:0.000575s ]
[ sql ] [ SQL ] SELECT `id`,`name`,`read_account` FROM `lib_label_article` WHERE  `status` = 1  AND `isdelete` = 0 ORDER BY `read_account` DESC,`id` LIMIT 5 [ RunTime:0.000175s ]
[ sql ] [ SQL ] SELECT `id` FROM `lib_label_list` WHERE  `status` = 1  AND `isdelete` = 0 [ RunTime:0.000174s ]
[ sql ] [ SQL ] SELECT COUNT(*) AS tp_count FROM `lib_label_article` WHERE  `label_id` IN (1,2) LIMIT 1 [ RunTime:0.000185s ]
[ sql ] [ SQL ] SELECT `id`,`name`,`read_account`,`label_id`,`author_id`,`create_time` FROM `lib_label_article` WHERE  `label_id` IN (1,2) ORDER BY `create_time` DESC LIMIT 0,5 [ RunTime:0.000189s ]
[ sql ] [ SQL ] SELECT `name` FROM `lib_label_list` WHERE  `id` = 1 LIMIT 1 [ RunTime:0.000190s ]
[ sql ] [ SQL ] SHOW COLUMNS FROM `lib_admin_user` [ RunTime:0.000627s ]
[ sql ] [ SQL ] SELECT `account` FROM `lib_admin_user` WHERE  `id` = 1 LIMIT 1 [ RunTime:0.000154s ]
[ sql ] [ SQL ] SELECT `name` FROM `lib_label_list` WHERE  `id` = 2 LIMIT 1 [ RunTime:0.000176s ]
[ sql ] [ SQL ] SELECT `account` FROM `lib_admin_user` WHERE  `id` = 1 LIMIT 1 [ RunTime:0.000174s ]
[ sql ] [ SQL ] SELECT `name` FROM `lib_label_list` WHERE  `id` = 2 LIMIT 1 [ RunTime:0.000149s ]
[ sql ] [ SQL ] SELECT `account` FROM `lib_admin_user` WHERE  `id` = 1 LIMIT 1 [ RunTime:0.000161s ]
[ sql ] [ SQL ] SELECT `name` FROM `lib_label_list` WHERE  `id` = 1 LIMIT 1 [ RunTime:0.000169s ]
[ sql ] [ SQL ] SELECT `account` FROM `lib_admin_user` WHERE  `id` = 1 LIMIT 1 [ RunTime:0.000147s ]
[ sql ] [ SQL ] SELECT `name` FROM `lib_label_list` WHERE  `id` = 2 LIMIT 1 [ RunTime:0.000159s ]
[ sql ] [ SQL ] SELECT `account` FROM `lib_admin_user` WHERE  `id` = 1 LIMIT 1 [ RunTime:0.000165s ]
---------------------------------------------------------------
[ 2018-09-26T06:49:54+08:00 ] 180.175.147.122 GET /
[ sql ] [ DB ] CONNECT:[ UseTime:0.000596s ] mysql:host=127.0.0.1;dbname=lib;charset=utf8
[ sql ] [ SQL ] SHOW COLUMNS FROM `lib_label_list` [ RunTime:0.001284s ]
[ sql ] [ SQL ] SELECT `id`,`name` FROM `lib_label_list` WHERE  `status` = 1  AND `isdelete` = 0 [ RunTime:0.000221s ]
[ sql ] [ SQL ] SHOW COLUMNS FROM `lib_label_article` [ RunTime:0.000571s ]
[ sql ] [ SQL ] SELECT `id`,`name`,`read_account` FROM `lib_label_article` WHERE  `status` = 1  AND `isdelete` = 0 ORDER BY `read_account` DESC,`id` LIMIT 5 [ RunTime:0.000187s ]
[ sql ] [ SQL ] SELECT `id` FROM `lib_label_list` WHERE  `status` = 1  AND `isdelete` = 0 [ RunTime:0.000173s ]
[ sql ] [ SQL ] SELECT COUNT(*) AS tp_count FROM `lib_label_article` WHERE  `label_id` IN (1,2) LIMIT 1 [ RunTime:0.000197s ]
[ sql ] [ SQL ] SELECT `id`,`name`,`read_account`,`label_id`,`author_id`,`create_time` FROM `lib_label_article` WHERE  `label_id` IN (1,2) ORDER BY `create_time` DESC LIMIT 0,5 [ RunTime:0.000199s ]
[ sql ] [ SQL ] SELECT `name` FROM `lib_label_list` WHERE  `id` = 1 LIMIT 1 [ RunTime:0.000190s ]
[ sql ] [ SQL ] SHOW COLUMNS FROM `lib_admin_user` [ RunTime:0.000567s ]
[ sql ] [ SQL ] SELECT `account` FROM `lib_admin_user` WHERE  `id` = 1 LIMIT 1 [ RunTime:0.000156s ]
[ sql ] [ SQL ] SELECT `name` FROM `lib_label_list` WHERE  `id` = 2 LIMIT 1 [ RunTime:0.000151s ]
[ sql ] [ SQL ] SELECT `account` FROM `lib_admin_user` WHERE  `id` = 1 LIMIT 1 [ RunTime:0.000150s ]
[ sql ] [ SQL ] SELECT `name` FROM `lib_label_list` WHERE  `id` = 2 LIMIT 1 [ RunTime:0.000151s ]
[ sql ] [ SQL ] SELECT `account` FROM `lib_admin_user` WHERE  `id` = 1 LIMIT 1 [ RunTime:0.000147s ]
[ sql ] [ SQL ] SELECT `name` FROM `lib_label_list` WHERE  `id` = 1 LIMIT 1 [ RunTime:0.000147s ]
[ sql ] [ SQL ] SELECT `account` FROM `lib_admin_user` WHERE  `id` = 1 LIMIT 1 [ RunTime:0.000149s ]
[ sql ] [ SQL ] SELECT `name` FROM `lib_label_list` WHERE  `id` = 2 LIMIT 1 [ RunTime:0.000145s ]
[ sql ] [ SQL ] SELECT `account` FROM `lib_admin_user` WHERE  `id` = 1 LIMIT 1 [ RunTime:0.000164s ]
---------------------------------------------------------------
[ 2018-09-26T07:27:24+08:00 ] 78.189.102.225 GET /
[ sql ] [ DB ] CONNECT:[ UseTime:0.000618s ] mysql:host=127.0.0.1;dbname=lib;charset=utf8
[ sql ] [ SQL ] SHOW COLUMNS FROM `lib_label_list` [ RunTime:0.000748s ]
[ sql ] [ SQL ] SELECT `id`,`name` FROM `lib_label_list` WHERE  `status` = 1  AND `isdelete` = 0 [ RunTime:0.000202s ]
[ sql ] [ SQL ] SHOW COLUMNS FROM `lib_label_article` [ RunTime:0.000593s ]
[ sql ] [ SQL ] SELECT `id`,`name`,`read_account` FROM `lib_label_article` WHERE  `status` = 1  AND `isdelete` = 0 ORDER BY `read_account` DESC,`id` LIMIT 5 [ RunTime:0.000173s ]
[ sql ] [ SQL ] SELECT `id` FROM `lib_label_list` WHERE  `status` = 1  AND `isdelete` = 0 [ RunTime:0.000167s ]
[ sql ] [ SQL ] SELECT COUNT(*) AS tp_count FROM `lib_label_article` WHERE  `label_id` IN (1,2) LIMIT 1 [ RunTime:0.000186s ]
[ sql ] [ SQL ] SELECT `id`,`name`,`read_account`,`label_id`,`author_id`,`create_time` FROM `lib_label_article` WHERE  `label_id` IN (1,2) ORDER BY `create_time` DESC LIMIT 0,5 [ RunTime:0.000182s ]
[ sql ] [ SQL ] SELECT `name` FROM `lib_label_list` WHERE  `id` = 1 LIMIT 1 [ RunTime:0.000184s ]
[ sql ] [ SQL ] SHOW COLUMNS FROM `lib_admin_user` [ RunTime:0.000578s ]
[ sql ] [ SQL ] SELECT `account` FROM `lib_admin_user` WHERE  `id` = 1 LIMIT 1 [ RunTime:0.000154s ]
[ sql ] [ SQL ] SELECT `name` FROM `lib_label_list` WHERE  `id` = 2 LIMIT 1 [ RunTime:0.000153s ]
[ sql ] [ SQL ] SELECT `account` FROM `lib_admin_user` WHERE  `id` = 1 LIMIT 1 [ RunTime:0.000148s ]
[ sql ] [ SQL ] SELECT `name` FROM `lib_label_list` WHERE  `id` = 2 LIMIT 1 [ RunTime:0.000149s ]
[ sql ] [ SQL ] SELECT `account` FROM `lib_admin_user` WHERE  `id` = 1 LIMIT 1 [ RunTime:0.000151s ]
[ sql ] [ SQL ] SELECT `name` FROM `lib_label_list` WHERE  `id` = 1 LIMIT 1 [ RunTime:0.000146s ]
[ sql ] [ SQL ] SELECT `account` FROM `lib_admin_user` WHERE  `id` = 1 LIMIT 1 [ RunTime:0.000151s ]
[ sql ] [ SQL ] SELECT `name` FROM `lib_label_list` WHERE  `id` = 2 LIMIT 1 [ RunTime:0.000150s ]
[ sql ] [ SQL ] SELECT `account` FROM `lib_admin_user` WHERE  `id` = 1 LIMIT 1 [ RunTime:0.000148s ]
---------------------------------------------------------------
[ 2018-09-26T07:37:52+08:00 ] 104.128.228.178 GET /
[ sql ] [ DB ] CONNECT:[ UseTime:0.000628s ] mysql:host=127.0.0.1;dbname=lib;charset=utf8
[ sql ] [ SQL ] SHOW COLUMNS FROM `lib_label_list` [ RunTime:0.001299s ]
[ sql ] [ SQL ] SELECT `id`,`name` FROM `lib_label_list` WHERE  `status` = 1  AND `isdelete` = 0 [ RunTime:0.000211s ]
[ sql ] [ SQL ] SHOW COLUMNS FROM `lib_label_article` [ RunTime:0.000557s ]
[ sql ] [ SQL ] SELECT `id`,`name`,`read_account` FROM `lib_label_article` WHERE  `status` = 1  AND `isdelete` = 0 ORDER BY `read_account` DESC,`id` LIMIT 5 [ RunTime:0.000175s ]
[ sql ] [ SQL ] SELECT `id` FROM `lib_label_list` WHERE  `status` = 1  AND `isdelete` = 0 [ RunTime:0.000156s ]
[ sql ] [ SQL ] SELECT COUNT(*) AS tp_count FROM `lib_label_article` WHERE  `label_id` IN (1,2) LIMIT 1 [ RunTime:0.000184s ]
[ sql ] [ SQL ] SELECT `id`,`name`,`read_account`,`label_id`,`author_id`,`create_time` FROM `lib_label_article` WHERE  `label_id` IN (1,2) ORDER BY `create_time` DESC LIMIT 0,5 [ RunTime:0.000178s ]
[ sql ] [ SQL ] SELECT `name` FROM `lib_label_list` WHERE  `id` = 1 LIMIT 1 [ RunTime:0.000171s ]
[ sql ] [ SQL ] SHOW COLUMNS FROM `lib_admin_user` [ RunTime:0.000627s ]
[ sql ] [ SQL ] SELECT `account` FROM `lib_admin_user` WHERE  `id` = 1 LIMIT 1 [ RunTime:0.000152s ]
[ sql ] [ SQL ] SELECT `name` FROM `lib_label_list` WHERE  `id` = 2 LIMIT 1 [ RunTime:0.000154s ]
[ sql ] [ SQL ] SELECT `account` FROM `lib_admin_user` WHERE  `id` = 1 LIMIT 1 [ RunTime:0.000152s ]
[ sql ] [ SQL ] SELECT `name` FROM `lib_label_list` WHERE  `id` = 2 LIMIT 1 [ RunTime:0.000146s ]
[ sql ] [ SQL ] SELECT `account` FROM `lib_admin_user` WHERE  `id` = 1 LIMIT 1 [ RunTime:0.000146s ]
[ sql ] [ SQL ] SELECT `name` FROM `lib_label_list` WHERE  `id` = 1 LIMIT 1 [ RunTime:0.000148s ]
[ sql ] [ SQL ] SELECT `account` FROM `lib_admin_user` WHERE  `id` = 1 LIMIT 1 [ RunTime:0.000146s ]
[ sql ] [ SQL ] SELECT `name` FROM `lib_label_list` WHERE  `id` = 2 LIMIT 1 [ RunTime:0.000202s ]
[ sql ] [ SQL ] SELECT `account` FROM `lib_admin_user` WHERE  `id` = 1 LIMIT 1 [ RunTime:0.000149s ]
---------------------------------------------------------------
[ 2018-09-26T07:37:57+08:00 ] 198.23.247.139 GET /
[ sql ] [ DB ] CONNECT:[ UseTime:0.000659s ] mysql:host=127.0.0.1;dbname=lib;charset=utf8
[ sql ] [ SQL ] SHOW COLUMNS FROM `lib_label_list` [ RunTime:0.001377s ]
[ sql ] [ SQL ] SELECT `id`,`name` FROM `lib_label_list` WHERE  `status` = 1  AND `isdelete` = 0 [ RunTime:0.000225s ]
[ sql ] [ SQL ] SHOW COLUMNS FROM `lib_label_article` [ RunTime:0.000574s ]
[ sql ] [ SQL ] SELECT `id`,`name`,`read_account` FROM `lib_label_article` WHERE  `status` = 1  AND `isdelete` = 0 ORDER BY `read_account` DESC,`id` LIMIT 5 [ RunTime:0.000186s ]
[ sql ] [ SQL ] SELECT `id` FROM `lib_label_list` WHERE  `status` = 1  AND `isdelete` = 0 [ RunTime:0.000168s ]
[ sql ] [ SQL ] SELECT COUNT(*) AS tp_count FROM `lib_label_article` WHERE  `label_id` IN (1,2) LIMIT 1 [ RunTime:0.000238s ]
[ sql ] [ SQL ] SELECT `id`,`name`,`read_account`,`label_id`,`author_id`,`create_time` FROM `lib_label_article` WHERE  `label_id` IN (1,2) ORDER BY `create_time` DESC LIMIT 0,5 [ RunTime:0.000186s ]
[ sql ] [ SQL ] SELECT `name` FROM `lib_label_list` WHERE  `id` = 1 LIMIT 1 [ RunTime:0.000192s ]
[ sql ] [ SQL ] SHOW COLUMNS FROM `lib_admin_user` [ RunTime:0.000569s ]
[ sql ] [ SQL ] SELECT `account` FROM `lib_admin_user` WHERE  `id` = 1 LIMIT 1 [ RunTime:0.000154s ]
[ sql ] [ SQL ] SELECT `name` FROM `lib_label_list` WHERE  `id` = 2 LIMIT 1 [ RunTime:0.000151s ]
[ sql ] [ SQL ] SELECT `account` FROM `lib_admin_user` WHERE  `id` = 1 LIMIT 1 [ RunTime:0.000150s ]
[ sql ] [ SQL ] SELECT `name` FROM `lib_label_list` WHERE  `id` = 2 LIMIT 1 [ RunTime:0.000150s ]
[ sql ] [ SQL ] SELECT `account` FROM `lib_admin_user` WHERE  `id` = 1 LIMIT 1 [ RunTime:0.000147s ]
[ sql ] [ SQL ] SELECT `name` FROM `lib_label_list` WHERE  `id` = 1 LIMIT 1 [ RunTime:0.000148s ]
[ sql ] [ SQL ] SELECT `account` FROM `lib_admin_user` WHERE  `id` = 1 LIMIT 1 [ RunTime:0.000151s ]
[ sql ] [ SQL ] SELECT `name` FROM `lib_label_list` WHERE  `id` = 2 LIMIT 1 [ RunTime:0.000145s ]
[ sql ] [ SQL ] SELECT `account` FROM `lib_admin_user` WHERE  `id` = 1 LIMIT 1 [ RunTime:0.000147s ]
---------------------------------------------------------------
[ 2018-09-26T08:59:01+08:00 ] 43.242.38.180 GET /
[ sql ] [ DB ] CONNECT:[ UseTime:0.000665s ] mysql:host=127.0.0.1;dbname=lib;charset=utf8
[ sql ] [ SQL ] SHOW COLUMNS FROM `lib_label_list` [ RunTime:0.001365s ]
[ sql ] [ SQL ] SELECT `id`,`name` FROM `lib_label_list` WHERE  `status` = 1  AND `isdelete` = 0 [ RunTime:0.000242s ]
[ sql ] [ SQL ] SHOW COLUMNS FROM `lib_label_article` [ RunTime:0.000581s ]
[ sql ] [ SQL ] SELECT `id`,`name`,`read_account` FROM `lib_label_article` WHERE  `status` = 1  AND `isdelete` = 0 ORDER BY `read_account` DESC,`id` LIMIT 5 [ RunTime:0.000198s ]
[ sql ] [ SQL ] SELECT `id` FROM `lib_label_list` WHERE  `status` = 1  AND `isdelete` = 0 [ RunTime:0.000158s ]
[ sql ] [ SQL ] SELECT COUNT(*) AS tp_count FROM `lib_label_article` WHERE  `label_id` IN (1,2) LIMIT 1 [ RunTime:0.000202s ]
[ sql ] [ SQL ] SELECT `id`,`name`,`read_account`,`label_id`,`author_id`,`create_time` FROM `lib_label_article` WHERE  `label_id` IN (1,2) ORDER BY `create_time` DESC LIMIT 0,5 [ RunTime:0.000176s ]
[ sql ] [ SQL ] SELECT `name` FROM `lib_label_list` WHERE  `id` = 1 LIMIT 1 [ RunTime:0.000188s ]
[ sql ] [ SQL ] SHOW COLUMNS FROM `lib_admin_user` [ RunTime:0.000643s ]
[ sql ] [ SQL ] SELECT `account` FROM `lib_admin_user` WHERE  `id` = 1 LIMIT 1 [ RunTime:0.000159s ]
[ sql ] [ SQL ] SELECT `name` FROM `lib_label_list` WHERE  `id` = 2 LIMIT 1 [ RunTime:0.000156s ]
[ sql ] [ SQL ] SELECT `account` FROM `lib_admin_user` WHERE  `id` = 1 LIMIT 1 [ RunTime:0.000151s ]
[ sql ] [ SQL ] SELECT `name` FROM `lib_label_list` WHERE  `id` = 2 LIMIT 1 [ RunTime:0.000168s ]
[ sql ] [ SQL ] SELECT `account` FROM `lib_admin_user` WHERE  `id` = 1 LIMIT 1 [ RunTime:0.000155s ]
[ sql ] [ SQL ] SELECT `name` FROM `lib_label_list` WHERE  `id` = 1 LIMIT 1 [ RunTime:0.000161s ]
[ sql ] [ SQL ] SELECT `account` FROM `lib_admin_user` WHERE  `id` = 1 LIMIT 1 [ RunTime:0.000180s ]
[ sql ] [ SQL ] SELECT `name` FROM `lib_label_list` WHERE  `id` = 2 LIMIT 1 [ RunTime:0.000148s ]
[ sql ] [ SQL ] SELECT `account` FROM `lib_admin_user` WHERE  `id` = 1 LIMIT 1 [ RunTime:0.000160s ]
---------------------------------------------------------------
[ 2018-09-26T09:30:44+08:00 ] 217.65.254.220 GET /
[ sql ] [ DB ] CONNECT:[ UseTime:0.000681s ] mysql:host=127.0.0.1;dbname=lib;charset=utf8
[ sql ] [ SQL ] SHOW COLUMNS FROM `lib_label_list` [ RunTime:0.001380s ]
[ sql ] [ SQL ] SELECT `id`,`name` FROM `lib_label_list` WHERE  `status` = 1  AND `isdelete` = 0 [ RunTime:0.000223s ]
[ sql ] [ SQL ] SHOW COLUMNS FROM `lib_label_article` [ RunTime:0.000672s ]
[ sql ] [ SQL ] SELECT `id`,`name`,`read_account` FROM `lib_label_article` WHERE  `status` = 1  AND `isdelete` = 0 ORDER BY `read_account` DESC,`id` LIMIT 5 [ RunTime:0.000182s ]
[ sql ] [ SQL ] SELECT `id` FROM `lib_label_list` WHERE  `status` = 1  AND `isdelete` = 0 [ RunTime:0.000175s ]
[ sql ] [ SQL ] SELECT COUNT(*) AS tp_count FROM `lib_label_article` WHERE  `label_id` IN (1,2) LIMIT 1 [ RunTime:0.000196s ]
[ sql ] [ SQL ] SELECT `id`,`name`,`read_account`,`label_id`,`author_id`,`create_time` FROM `lib_label_article` WHERE  `label_id` IN (1,2) ORDER BY `create_time` DESC LIMIT 0,5 [ RunTime:0.000220s ]
[ sql ] [ SQL ] SELECT `name` FROM `lib_label_list` WHERE  `id` = 1 LIMIT 1 [ RunTime:0.000194s ]
[ sql ] [ SQL ] SHOW COLUMNS FROM `lib_admin_user` [ RunTime:0.000677s ]
[ sql ] [ SQL ] SELECT `account` FROM `lib_admin_user` WHERE  `id` = 1 LIMIT 1 [ RunTime:0.000165s ]
[ sql ] [ SQL ] SELECT `name` FROM `lib_label_list` WHERE  `id` = 2 LIMIT 1 [ RunTime:0.000175s ]
[ sql ] [ SQL ] SELECT `account` FROM `lib_admin_user` WHERE  `id` = 1 LIMIT 1 [ RunTime:0.000186s ]
[ sql ] [ SQL ] SELECT `name` FROM `lib_label_list` WHERE  `id` = 2 LIMIT 1 [ RunTime:0.000157s ]
[ sql ] [ SQL ] SELECT `account` FROM `lib_admin_user` WHERE  `id` = 1 LIMIT 1 [ RunTime:0.000156s ]
[ sql ] [ SQL ] SELECT `name` FROM `lib_label_list` WHERE  `id` = 1 LIMIT 1 [ RunTime:0.000178s ]
[ sql ] [ SQL ] SELECT `account` FROM `lib_admin_user` WHERE  `id` = 1 LIMIT 1 [ RunTime:0.000155s ]
[ sql ] [ SQL ] SELECT `name` FROM `lib_label_list` WHERE  `id` = 2 LIMIT 1 [ RunTime:0.000186s ]
[ sql ] [ SQL ] SELECT `account` FROM `lib_admin_user` WHERE  `id` = 1 LIMIT 1 [ RunTime:0.000159s ]
---------------------------------------------------------------
[ 2018-09-26T09:40:44+08:00 ] 61.148.221.114 GET /
[ sql ] [ DB ] CONNECT:[ UseTime:0.000611s ] mysql:host=127.0.0.1;dbname=lib;charset=utf8
[ sql ] [ SQL ] SHOW COLUMNS FROM `lib_label_list` [ RunTime:0.000743s ]
[ sql ] [ SQL ] SELECT `id`,`name` FROM `lib_label_list` WHERE  `status` = 1  AND `isdelete` = 0 [ RunTime:0.000204s ]
[ sql ] [ SQL ] SHOW COLUMNS FROM `lib_label_article` [ RunTime:0.000572s ]
[ sql ] [ SQL ] SELECT `id`,`name`,`read_account` FROM `lib_label_article` WHERE  `status` = 1  AND `isdelete` = 0 ORDER BY `read_account` DESC,`id` LIMIT 5 [ RunTime:0.000171s ]
[ sql ] [ SQL ] SELECT `id` FROM `lib_label_list` WHERE  `status` = 1  AND `isdelete` = 0 [ RunTime:0.000154s ]
[ sql ] [ SQL ] SELECT COUNT(*) AS tp_count FROM `lib_label_article` WHERE  `label_id` IN (1,2) LIMIT 1 [ RunTime:0.000268s ]
[ sql ] [ SQL ] SELECT `id`,`name`,`read_account`,`label_id`,`author_id`,`create_time` FROM `lib_label_article` WHERE  `label_id` IN (1,2) ORDER BY `create_time` DESC LIMIT 0,5 [ RunTime:0.000166s ]
[ sql ] [ SQL ] SELECT `name` FROM `lib_label_list` WHERE  `id` = 1 LIMIT 1 [ RunTime:0.000170s ]
[ sql ] [ SQL ] SHOW COLUMNS FROM `lib_admin_user` [ RunTime:0.000562s ]
[ sql ] [ SQL ] SELECT `account` FROM `lib_admin_user` WHERE  `id` = 1 LIMIT 1 [ RunTime:0.000151s ]
[ sql ] [ SQL ] SELECT `name` FROM `lib_label_list` WHERE  `id` = 2 LIMIT 1 [ RunTime:0.000153s ]
[ sql ] [ SQL ] SELECT `account` FROM `lib_admin_user` WHERE  `id` = 1 LIMIT 1 [ RunTime:0.000149s ]
[ sql ] [ SQL ] SELECT `name` FROM `lib_label_list` WHERE  `id` = 2 LIMIT 1 [ RunTime:0.000145s ]
[ sql ] [ SQL ] SELECT `account` FROM `lib_admin_user` WHERE  `id` = 1 LIMIT 1 [ RunTime:0.000150s ]
[ sql ] [ SQL ] SELECT `name` FROM `lib_label_list` WHERE  `id` = 1 LIMIT 1 [ RunTime:0.000146s ]
[ sql ] [ SQL ] SELECT `account` FROM `lib_admin_user` WHERE  `id` = 1 LIMIT 1 [ RunTime:0.000146s ]
[ sql ] [ SQL ] SELECT `name` FROM `lib_label_list` WHERE  `id` = 2 LIMIT 1 [ RunTime:0.000148s ]
[ sql ] [ SQL ] SELECT `account` FROM `lib_admin_user` WHERE  `id` = 1 LIMIT 1 [ RunTime:0.000146s ]
---------------------------------------------------------------
[ 2018-09-26T10:11:57+08:00 ] 201.76.119.225 GET /
[ sql ] [ DB ] CONNECT:[ UseTime:0.000656s ] mysql:host=127.0.0.1;dbname=lib;charset=utf8
[ sql ] [ SQL ] SHOW COLUMNS FROM `lib_label_list` [ RunTime:0.001318s ]
[ sql ] [ SQL ] SELECT `id`,`name` FROM `lib_label_list` WHERE  `status` = 1  AND `isdelete` = 0 [ RunTime:0.000210s ]
[ sql ] [ SQL ] SHOW COLUMNS FROM `lib_label_article` [ RunTime:0.000585s ]
[ sql ] [ SQL ] SELECT `id`,`name`,`read_account` FROM `lib_label_article` WHERE  `status` = 1  AND `isdelete` = 0 ORDER BY `read_account` DESC,`id` LIMIT 5 [ RunTime:0.000172s ]
[ sql ] [ SQL ] SELECT `id` FROM `lib_label_list` WHERE  `status` = 1  AND `isdelete` = 0 [ RunTime:0.000152s ]
[ sql ] [ SQL ] SELECT COUNT(*) AS tp_count FROM `lib_label_article` WHERE  `label_id` IN (1,2) LIMIT 1 [ RunTime:0.000184s ]
[ sql ] [ SQL ] SELECT `id`,`name`,`read_account`,`label_id`,`author_id`,`create_time` FROM `lib_label_article` WHERE  `label_id` IN (1,2) ORDER BY `create_time` DESC LIMIT 0,5 [ RunTime:0.000166s ]
[ sql ] [ SQL ] SELECT `name` FROM `lib_label_list` WHERE  `id` = 1 LIMIT 1 [ RunTime:0.000170s ]
[ sql ] [ SQL ] SHOW COLUMNS FROM `lib_admin_user` [ RunTime:0.000564s ]
[ sql ] [ SQL ] SELECT `account` FROM `lib_admin_user` WHERE  `id` = 1 LIMIT 1 [ RunTime:0.000172s ]
[ sql ] [ SQL ] SELECT `name` FROM `lib_label_list` WHERE  `id` = 2 LIMIT 1 [ RunTime:0.000153s ]
[ sql ] [ SQL ] SELECT `account` FROM `lib_admin_user` WHERE  `id` = 1 LIMIT 1 [ RunTime:0.000147s ]
[ sql ] [ SQL ] SELECT `name` FROM `lib_label_list` WHERE  `id` = 2 LIMIT 1 [ RunTime:0.000167s ]
[ sql ] [ SQL ] SELECT `account` FROM `lib_admin_user` WHERE  `id` = 1 LIMIT 1 [ RunTime:0.000148s ]
[ sql ] [ SQL ] SELECT `name` FROM `lib_label_list` WHERE  `id` = 1 LIMIT 1 [ RunTime:0.000145s ]
[ sql ] [ SQL ] SELECT `account` FROM `lib_admin_user` WHERE  `id` = 1 LIMIT 1 [ RunTime:0.000167s ]
[ sql ] [ SQL ] SELECT `name` FROM `lib_label_list` WHERE  `id` = 2 LIMIT 1 [ RunTime:0.000148s ]
[ sql ] [ SQL ] SELECT `account` FROM `lib_admin_user` WHERE  `id` = 1 LIMIT 1 [ RunTime:0.000145s ]
---------------------------------------------------------------
[ 2018-09-26T11:49:52+08:00 ] 47.92.122.11 GET /
[ sql ] [ DB ] CONNECT:[ UseTime:0.000651s ] mysql:host=127.0.0.1;dbname=lib;charset=utf8
[ sql ] [ SQL ] SHOW COLUMNS FROM `lib_label_list` [ RunTime:0.001338s ]
[ sql ] [ SQL ] SELECT `id`,`name` FROM `lib_label_list` WHERE  `status` = 1  AND `isdelete` = 0 [ RunTime:0.000225s ]
[ sql ] [ SQL ] SHOW COLUMNS FROM `lib_label_article` [ RunTime:0.000614s ]
[ sql ] [ SQL ] SELECT `id`,`name`,`read_account` FROM `lib_label_article` WHERE  `status` = 1  AND `isdelete` = 0 ORDER BY `read_account` DESC,`id` LIMIT 5 [ RunTime:0.000183s ]
[ sql ] [ SQL ] SELECT `id` FROM `lib_label_list` WHERE  `status` = 1  AND `isdelete` = 0 [ RunTime:0.000181s ]
[ sql ] [ SQL ] SELECT COUNT(*) AS tp_count FROM `lib_label_article` WHERE  `label_id` IN (1,2) LIMIT 1 [ RunTime:0.000347s ]
[ sql ] [ SQL ] SELECT `id`,`name`,`read_account`,`label_id`,`author_id`,`create_time` FROM `lib_label_article` WHERE  `label_id` IN (1,2) ORDER BY `create_time` DESC LIMIT 0,5 [ RunTime:0.000179s ]
[ sql ] [ SQL ] SELECT `name` FROM `lib_label_list` WHERE  `id` = 1 LIMIT 1 [ RunTime:0.000182s ]
[ sql ] [ SQL ] SHOW COLUMNS FROM `lib_admin_user` [ RunTime:0.000588s ]
[ sql ] [ SQL ] SELECT `account` FROM `lib_admin_user` WHERE  `id` = 1 LIMIT 1 [ RunTime:0.000179s ]
[ sql ] [ SQL ] SELECT `name` FROM `lib_label_list` WHERE  `id` = 2 LIMIT 1 [ RunTime:0.000160s ]
[ sql ] [ SQL ] SELECT `account` FROM `lib_admin_user` WHERE  `id` = 1 LIMIT 1 [ RunTime:0.000157s ]
[ sql ] [ SQL ] SELECT `name` FROM `lib_label_list` WHERE  `id` = 2 LIMIT 1 [ RunTime:0.000174s ]
[ sql ] [ SQL ] SELECT `account` FROM `lib_admin_user` WHERE  `id` = 1 LIMIT 1 [ RunTime:0.000156s ]
[ sql ] [ SQL ] SELECT `name` FROM `lib_label_list` WHERE  `id` = 1 LIMIT 1 [ RunTime:0.000175s ]
[ sql ] [ SQL ] SELECT `account` FROM `lib_admin_user` WHERE  `id` = 1 LIMIT 1 [ RunTime:0.000158s ]
[ sql ] [ SQL ] SELECT `name` FROM `lib_label_list` WHERE  `id` = 2 LIMIT 1 [ RunTime:0.000155s ]
[ sql ] [ SQL ] SELECT `account` FROM `lib_admin_user` WHERE  `id` = 1 LIMIT 1 [ RunTime:0.000175s ]
---------------------------------------------------------------
[ 2018-09-26T12:12:39+08:00 ] 39.107.86.51 GET /
[ sql ] [ DB ] CONNECT:[ UseTime:0.000634s ] mysql:host=127.0.0.1;dbname=lib;charset=utf8
[ sql ] [ SQL ] SHOW COLUMNS FROM `lib_label_list` [ RunTime:0.001389s ]
[ sql ] [ SQL ] SELECT `id`,`name` FROM `lib_label_list` WHERE  `status` = 1  AND `isdelete` = 0 [ RunTime:0.000252s ]
[ sql ] [ SQL ] SHOW COLUMNS FROM `lib_label_article` [ RunTime:0.000704s ]
[ sql ] [ SQL ] SELECT `id`,`name`,`read_account` FROM `lib_label_article` WHERE  `status` = 1  AND `isdelete` = 0 ORDER BY `read_account` DESC,`id` LIMIT 5 [ RunTime:0.000209s ]
[ sql ] [ SQL ] SELECT `id` FROM `lib_label_list` WHERE  `status` = 1  AND `isdelete` = 0 [ RunTime:0.000156s ]
[ sql ] [ SQL ] SELECT COUNT(*) AS tp_count FROM `lib_label_article` WHERE  `label_id` IN (1,2) LIMIT 1 [ RunTime:0.000190s ]
[ sql ] [ SQL ] SELECT `id`,`name`,`read_account`,`label_id`,`author_id`,`create_time` FROM `lib_label_article` WHERE  `label_id` IN (1,2) ORDER BY `create_time` DESC LIMIT 0,5 [ RunTime:0.000170s ]
[ sql ] [ SQL ] SELECT `name` FROM `lib_label_list` WHERE  `id` = 1 LIMIT 1 [ RunTime:0.000175s ]
[ sql ] [ SQL ] SHOW COLUMNS FROM `lib_admin_user` [ RunTime:0.000874s ]
[ sql ] [ SQL ] SELECT `account` FROM `lib_admin_user` WHERE  `id` = 1 LIMIT 1 [ RunTime:0.000190s ]
[ sql ] [ SQL ] SELECT `name` FROM `lib_label_list` WHERE  `id` = 2 LIMIT 1 [ RunTime:0.000165s ]
[ sql ] [ SQL ] SELECT `account` FROM `lib_admin_user` WHERE  `id` = 1 LIMIT 1 [ RunTime:0.000173s ]
[ sql ] [ SQL ] SELECT `name` FROM `lib_label_list` WHERE  `id` = 2 LIMIT 1 [ RunTime:0.000183s ]
[ sql ] [ SQL ] SELECT `account` FROM `lib_admin_user` WHERE  `id` = 1 LIMIT 1 [ RunTime:0.000151s ]
[ sql ] [ SQL ] SELECT `name` FROM `lib_label_list` WHERE  `id` = 1 LIMIT 1 [ RunTime:0.000168s ]
[ sql ] [ SQL ] SELECT `account` FROM `lib_admin_user` WHERE  `id` = 1 LIMIT 1 [ RunTime:0.000192s ]
[ sql ] [ SQL ] SELECT `name` FROM `lib_label_list` WHERE  `id` = 2 LIMIT 1 [ RunTime:0.000151s ]
[ sql ] [ SQL ] SELECT `account` FROM `lib_admin_user` WHERE  `id` = 1 LIMIT 1 [ RunTime:0.000170s ]
---------------------------------------------------------------
[ 2018-09-26T12:36:40+08:00 ] 47.100.100.21 GET /
[ sql ] [ DB ] CONNECT:[ UseTime:0.000644s ] mysql:host=127.0.0.1;dbname=lib;charset=utf8
[ sql ] [ SQL ] SHOW COLUMNS FROM `lib_label_list` [ RunTime:0.001333s ]
[ sql ] [ SQL ] SELECT `id`,`name` FROM `lib_label_list` WHERE  `status` = 1  AND `isdelete` = 0 [ RunTime:0.000240s ]
[ sql ] [ SQL ] SHOW COLUMNS FROM `lib_label_article` [ RunTime:0.000573s ]
[ sql ] [ SQL ] SELECT `id`,`name`,`read_account` FROM `lib_label_article` WHERE  `status` = 1  AND `isdelete` = 0 ORDER BY `read_account` DESC,`id` LIMIT 5 [ RunTime:0.000213s ]
[ sql ] [ SQL ] SELECT `id` FROM `lib_label_list` WHERE  `status` = 1  AND `isdelete` = 0 [ RunTime:0.000164s ]
[ sql ] [ SQL ] SELECT COUNT(*) AS tp_count FROM `lib_label_article` WHERE  `label_id` IN (1,2) LIMIT 1 [ RunTime:0.000214s ]
[ sql ] [ SQL ] SELECT `id`,`name`,`read_account`,`label_id`,`author_id`,`create_time` FROM `lib_label_article` WHERE  `label_id` IN (1,2) ORDER BY `create_time` DESC LIMIT 0,5 [ RunTime:0.000180s ]
[ sql ] [ SQL ] SELECT `name` FROM `lib_label_list` WHERE  `id` = 1 LIMIT 1 [ RunTime:0.000179s ]
[ sql ] [ SQL ] SHOW COLUMNS FROM `lib_admin_user` [ RunTime:0.000593s ]
[ sql ] [ SQL ] SELECT `account` FROM `lib_admin_user` WHERE  `id` = 1 LIMIT 1 [ RunTime:0.000162s ]
[ sql ] [ SQL ] SELECT `name` FROM `lib_label_list` WHERE  `id` = 2 LIMIT 1 [ RunTime:0.000167s ]
[ sql ] [ SQL ] SELECT `account` FROM `lib_admin_user` WHERE  `id` = 1 LIMIT 1 [ RunTime:0.000159s ]
[ sql ] [ SQL ] SELECT `name` FROM `lib_label_list` WHERE  `id` = 2 LIMIT 1 [ RunTime:0.000177s ]
[ sql ] [ SQL ] SELECT `account` FROM `lib_admin_user` WHERE  `id` = 1 LIMIT 1 [ RunTime:0.000158s ]
[ sql ] [ SQL ] SELECT `name` FROM `lib_label_list` WHERE  `id` = 1 LIMIT 1 [ RunTime:0.000154s ]
[ sql ] [ SQL ] SELECT `account` FROM `lib_admin_user` WHERE  `id` = 1 LIMIT 1 [ RunTime:0.000169s ]
[ sql ] [ SQL ] SELECT `name` FROM `lib_label_list` WHERE  `id` = 2 LIMIT 1 [ RunTime:0.000155s ]
[ sql ] [ SQL ] SELECT `account` FROM `lib_admin_user` WHERE  `id` = 1 LIMIT 1 [ RunTime:0.000156s ]
---------------------------------------------------------------
[ 2018-09-26T12:45:00+08:00 ] 106.15.229.102 GET /
[ sql ] [ DB ] CONNECT:[ UseTime:0.000658s ] mysql:host=127.0.0.1;dbname=lib;charset=utf8
[ sql ] [ SQL ] SHOW COLUMNS FROM `lib_label_list` [ RunTime:0.001373s ]
[ sql ] [ SQL ] SELECT `id`,`name` FROM `lib_label_list` WHERE  `status` = 1  AND `isdelete` = 0 [ RunTime:0.000217s ]
[ sql ] [ SQL ] SHOW COLUMNS FROM `lib_label_article` [ RunTime:0.000725s ]
[ sql ] [ SQL ] SELECT `id`,`name`,`read_account` FROM `lib_label_article` WHERE  `status` = 1  AND `isdelete` = 0 ORDER BY `read_account` DESC,`id` LIMIT 5 [ RunTime:0.000186s ]
[ sql ] [ SQL ] SELECT `id` FROM `lib_label_list` WHERE  `status` = 1  AND `isdelete` = 0 [ RunTime:0.000176s ]
[ sql ] [ SQL ] SELECT COUNT(*) AS tp_count FROM `lib_label_article` WHERE  `label_id` IN (1,2) LIMIT 1 [ RunTime:0.000213s ]
[ sql ] [ SQL ] SELECT `id`,`name`,`read_account`,`label_id`,`author_id`,`create_time` FROM `lib_label_article` WHERE  `label_id` IN (1,2) ORDER BY `create_time` DESC LIMIT 0,5 [ RunTime:0.000171s ]
[ sql ] [ SQL ] SELECT `name` FROM `lib_label_list` WHERE  `id` = 1 LIMIT 1 [ RunTime:0.000175s ]
[ sql ] [ SQL ] SHOW COLUMNS FROM `lib_admin_user` [ RunTime:0.000666s ]
[ sql ] [ SQL ] SELECT `account` FROM `lib_admin_user` WHERE  `id` = 1 LIMIT 1 [ RunTime:0.000178s ]
[ sql ] [ SQL ] SELECT `name` FROM `lib_label_list` WHERE  `id` = 2 LIMIT 1 [ RunTime:0.000157s ]
[ sql ] [ SQL ] SELECT `account` FROM `lib_admin_user` WHERE  `id` = 1 LIMIT 1 [ RunTime:0.000150s ]
[ sql ] [ SQL ] SELECT `name` FROM `lib_label_list` WHERE  `id` = 2 LIMIT 1 [ RunTime:0.000188s ]
[ sql ] [ SQL ] SELECT `account` FROM `lib_admin_user` WHERE  `id` = 1 LIMIT 1 [ RunTime:0.000153s ]
[ sql ] [ SQL ] SELECT `name` FROM `lib_label_list` WHERE  `id` = 1 LIMIT 1 [ RunTime:0.000147s ]
[ sql ] [ SQL ] SELECT `account` FROM `lib_admin_user` WHERE  `id` = 1 LIMIT 1 [ RunTime:0.000204s ]
[ sql ] [ SQL ] SELECT `name` FROM `lib_label_list` WHERE  `id` = 2 LIMIT 1 [ RunTime:0.000150s ]
[ sql ] [ SQL ] SELECT `account` FROM `lib_admin_user` WHERE  `id` = 1 LIMIT 1 [ RunTime:0.000166s ]
---------------------------------------------------------------
[ 2018-09-26T13:28:44+08:00 ] 165.0.8.214 GET /
[ sql ] [ DB ] CONNECT:[ UseTime:0.000719s ] mysql:host=127.0.0.1;dbname=lib;charset=utf8
[ sql ] [ SQL ] SHOW COLUMNS FROM `lib_label_list` [ RunTime:0.001421s ]
[ sql ] [ SQL ] SELECT `id`,`name` FROM `lib_label_list` WHERE  `status` = 1  AND `isdelete` = 0 [ RunTime:0.000236s ]
[ sql ] [ SQL ] SHOW COLUMNS FROM `lib_label_article` [ RunTime:0.000682s ]
[ sql ] [ SQL ] SELECT `id`,`name`,`read_account` FROM `lib_label_article` WHERE  `status` = 1  AND `isdelete` = 0 ORDER BY `read_account` DESC,`id` LIMIT 5 [ RunTime:0.000179s ]
[ sql ] [ SQL ] SELECT `id` FROM `lib_label_list` WHERE  `status` = 1  AND `isdelete` = 0 [ RunTime:0.000214s ]
[ sql ] [ SQL ] SELECT COUNT(*) AS tp_count FROM `lib_label_article` WHERE  `label_id` IN (1,2) LIMIT 1 [ RunTime:0.000222s ]
[ sql ] [ SQL ] SELECT `id`,`name`,`read_account`,`label_id`,`author_id`,`create_time` FROM `lib_label_article` WHERE  `label_id` IN (1,2) ORDER BY `create_time` DESC LIMIT 0,5 [ RunTime:0.000221s ]
[ sql ] [ SQL ] SELECT `name` FROM `lib_label_list` WHERE  `id` = 1 LIMIT 1 [ RunTime:0.000177s ]
[ sql ] [ SQL ] SHOW COLUMNS FROM `lib_admin_user` [ RunTime:0.000665s ]
[ sql ] [ SQL ] SELECT `account` FROM `lib_admin_user` WHERE  `id` = 1 LIMIT 1 [ RunTime:0.000159s ]
[ sql ] [ SQL ] SELECT `name` FROM `lib_label_list` WHERE  `id` = 2 LIMIT 1 [ RunTime:0.000167s ]
[ sql ] [ SQL ] SELECT `account` FROM `lib_admin_user` WHERE  `id` = 1 LIMIT 1 [ RunTime:0.000156s ]
[ sql ] [ SQL ] SELECT `name` FROM `lib_label_list` WHERE  `id` = 2 LIMIT 1 [ RunTime:0.000154s ]
[ sql ] [ SQL ] SELECT `account` FROM `lib_admin_user` WHERE  `id` = 1 LIMIT 1 [ RunTime:0.000266s ]
[ sql ] [ SQL ] SELECT `name` FROM `lib_label_list` WHERE  `id` = 1 LIMIT 1 [ RunTime:0.000153s ]
[ sql ] [ SQL ] SELECT `account` FROM `lib_admin_user` WHERE  `id` = 1 LIMIT 1 [ RunTime:0.000181s ]
[ sql ] [ SQL ] SELECT `name` FROM `lib_label_list` WHERE  `id` = 2 LIMIT 1 [ RunTime:0.000173s ]
[ sql ] [ SQL ] SELECT `account` FROM `lib_admin_user` WHERE  `id` = 1 LIMIT 1 [ RunTime:0.000152s ]
---------------------------------------------------------------
[ 2018-09-26T14:08:06+08:00 ] 5.57.37.238 GET /
[ sql ] [ DB ] CONNECT:[ UseTime:0.000581s ] mysql:host=127.0.0.1;dbname=lib;charset=utf8
[ sql ] [ SQL ] SHOW COLUMNS FROM `lib_label_list` [ RunTime:0.001332s ]
[ sql ] [ SQL ] SELECT `id`,`name` FROM `lib_label_list` WHERE  `status` = 1  AND `isdelete` = 0 [ RunTime:0.000231s ]
[ sql ] [ SQL ] SHOW COLUMNS FROM `lib_label_article` [ RunTime:0.000725s ]
[ sql ] [ SQL ] SELECT `id`,`name`,`read_account` FROM `lib_label_article` WHERE  `status` = 1  AND `isdelete` = 0 ORDER BY `read_account` DESC,`id` LIMIT 5 [ RunTime:0.000193s ]
[ sql ] [ SQL ] SELECT `id` FROM `lib_label_list` WHERE  `status` = 1  AND `isdelete` = 0 [ RunTime:0.000193s ]
[ sql ] [ SQL ] SELECT COUNT(*) AS tp_count FROM `lib_label_article` WHERE  `label_id` IN (1,2) LIMIT 1 [ RunTime:0.000202s ]
[ sql ] [ SQL ] SELECT `id`,`name`,`read_account`,`label_id`,`author_id`,`create_time` FROM `lib_label_article` WHERE  `label_id` IN (1,2) ORDER BY `create_time` DESC LIMIT 0,5 [ RunTime:0.000175s ]
[ sql ] [ SQL ] SELECT `name` FROM `lib_label_list` WHERE  `id` = 1 LIMIT 1 [ RunTime:0.000185s ]
[ sql ] [ SQL ] SHOW COLUMNS FROM `lib_admin_user` [ RunTime:0.000759s ]
[ sql ] [ SQL ] SELECT `account` FROM `lib_admin_user` WHERE  `id` = 1 LIMIT 1 [ RunTime:0.000173s ]
[ sql ] [ SQL ] SELECT `name` FROM `lib_label_list` WHERE  `id` = 2 LIMIT 1 [ RunTime:0.000153s ]
[ sql ] [ SQL ] SELECT `account` FROM `lib_admin_user` WHERE  `id` = 1 LIMIT 1 [ RunTime:0.000170s ]
[ sql ] [ SQL ] SELECT `name` FROM `lib_label_list` WHERE  `id` = 2 LIMIT 1 [ RunTime:0.000149s ]
[ sql ] [ SQL ] SELECT `account` FROM `lib_admin_user` WHERE  `id` = 1 LIMIT 1 [ RunTime:0.000162s ]
[ sql ] [ SQL ] SELECT `name` FROM `lib_label_list` WHERE  `id` = 1 LIMIT 1 [ RunTime:0.000150s ]
[ sql ] [ SQL ] SELECT `account` FROM `lib_admin_user` WHERE  `id` = 1 LIMIT 1 [ RunTime:0.000148s ]
[ sql ] [ SQL ] SELECT `name` FROM `lib_label_list` WHERE  `id` = 2 LIMIT 1 [ RunTime:0.000160s ]
[ sql ] [ SQL ] SELECT `account` FROM `lib_admin_user` WHERE  `id` = 1 LIMIT 1 [ RunTime:0.000149s ]
---------------------------------------------------------------
[ 2018-09-26T14:34:35+08:00 ] 190.190.69.157 GET /
[ sql ] [ DB ] CONNECT:[ UseTime:0.000668s ] mysql:host=127.0.0.1;dbname=lib;charset=utf8
[ sql ] [ SQL ] SHOW COLUMNS FROM `lib_label_list` [ RunTime:0.000780s ]
[ sql ] [ SQL ] SELECT `id`,`name` FROM `lib_label_list` WHERE  `status` = 1  AND `isdelete` = 0 [ RunTime:0.000204s ]
[ sql ] [ SQL ] SHOW COLUMNS FROM `lib_label_article` [ RunTime:0.000598s ]
[ sql ] [ SQL ] SELECT `id`,`name`,`read_account` FROM `lib_label_article` WHERE  `status` = 1  AND `isdelete` = 0 ORDER BY `read_account` DESC,`id` LIMIT 5 [ RunTime:0.000172s ]
[ sql ] [ SQL ] SELECT `id` FROM `lib_label_list` WHERE  `status` = 1  AND `isdelete` = 0 [ RunTime:0.000196s ]
[ sql ] [ SQL ] SELECT COUNT(*) AS tp_count FROM `lib_label_article` WHERE  `label_id` IN (1,2) LIMIT 1 [ RunTime:0.000200s ]
[ sql ] [ SQL ] SELECT `id`,`name`,`read_account`,`label_id`,`author_id`,`create_time` FROM `lib_label_article` WHERE  `label_id` IN (1,2) ORDER BY `create_time` DESC LIMIT 0,5 [ RunTime:0.000173s ]
[ sql ] [ SQL ] SELECT `name` FROM `lib_label_list` WHERE  `id` = 1 LIMIT 1 [ RunTime:0.000171s ]
[ sql ] [ SQL ] SHOW COLUMNS FROM `lib_admin_user` [ RunTime:0.000588s ]
[ sql ] [ SQL ] SELECT `account` FROM `lib_admin_user` WHERE  `id` = 1 LIMIT 1 [ RunTime:0.000152s ]
[ sql ] [ SQL ] SELECT `name` FROM `lib_label_list` WHERE  `id` = 2 LIMIT 1 [ RunTime:0.000166s ]
[ sql ] [ SQL ] SELECT `account` FROM `lib_admin_user` WHERE  `id` = 1 LIMIT 1 [ RunTime:0.000158s ]
[ sql ] [ SQL ] SELECT `name` FROM `lib_label_list` WHERE  `id` = 2 LIMIT 1 [ RunTime:0.000145s ]
[ sql ] [ SQL ] SELECT `account` FROM `lib_admin_user` WHERE  `id` = 1 LIMIT 1 [ RunTime:0.000162s ]
[ sql ] [ SQL ] SELECT `name` FROM `lib_label_list` WHERE  `id` = 1 LIMIT 1 [ RunTime:0.000148s ]
[ sql ] [ SQL ] SELECT `account` FROM `lib_admin_user` WHERE  `id` = 1 LIMIT 1 [ RunTime:0.000143s ]
[ sql ] [ SQL ] SELECT `name` FROM `lib_label_list` WHERE  `id` = 2 LIMIT 1 [ RunTime:0.000177s ]
[ sql ] [ SQL ] SELECT `account` FROM `lib_admin_user` WHERE  `id` = 1 LIMIT 1 [ RunTime:0.000147s ]
---------------------------------------------------------------
[ 2018-09-26T14:38:53+08:00 ] 71.6.232.4 GET /
[ sql ] [ DB ] CONNECT:[ UseTime:0.000605s ] mysql:host=127.0.0.1;dbname=lib;charset=utf8
[ sql ] [ SQL ] SHOW COLUMNS FROM `lib_label_list` [ RunTime:0.001294s ]
[ sql ] [ SQL ] SELECT `id`,`name` FROM `lib_label_list` WHERE  `status` = 1  AND `isdelete` = 0 [ RunTime:0.000209s ]
[ sql ] [ SQL ] SHOW COLUMNS FROM `lib_label_article` [ RunTime:0.000587s ]
[ sql ] [ SQL ] SELECT `id`,`name`,`read_account` FROM `lib_label_article` WHERE  `status` = 1  AND `isdelete` = 0 ORDER BY `read_account` DESC,`id` LIMIT 5 [ RunTime:0.000172s ]
[ sql ] [ SQL ] SELECT `id` FROM `lib_label_list` WHERE  `status` = 1  AND `isdelete` = 0 [ RunTime:0.000164s ]
[ sql ] [ SQL ] SELECT COUNT(*) AS tp_count FROM `lib_label_article` WHERE  `label_id` IN (1,2) LIMIT 1 [ RunTime:0.000184s ]
[ sql ] [ SQL ] SELECT `id`,`name`,`read_account`,`label_id`,`author_id`,`create_time` FROM `lib_label_article` WHERE  `label_id` IN (1,2) ORDER BY `create_time` DESC LIMIT 0,5 [ RunTime:0.000180s ]
[ sql ] [ SQL ] SELECT `name` FROM `lib_label_list` WHERE  `id` = 1 LIMIT 1 [ RunTime:0.000183s ]
[ sql ] [ SQL ] SHOW COLUMNS FROM `lib_admin_user` [ RunTime:0.000561s ]
[ sql ] [ SQL ] SELECT `account` FROM `lib_admin_user` WHERE  `id` = 1 LIMIT 1 [ RunTime:0.000172s ]
[ sql ] [ SQL ] SELECT `name` FROM `lib_label_list` WHERE  `id` = 2 LIMIT 1 [ RunTime:0.000151s ]
[ sql ] [ SQL ] SELECT `account` FROM `lib_admin_user` WHERE  `id` = 1 LIMIT 1 [ RunTime:0.000148s ]
[ sql ] [ SQL ] SELECT `name` FROM `lib_label_list` WHERE  `id` = 2 LIMIT 1 [ RunTime:0.000169s ]
[ sql ] [ SQL ] SELECT `account` FROM `lib_admin_user` WHERE  `id` = 1 LIMIT 1 [ RunTime:0.000148s ]
[ sql ] [ SQL ] SELECT `name` FROM `lib_label_list` WHERE  `id` = 1 LIMIT 1 [ RunTime:0.000145s ]
[ sql ] [ SQL ] SELECT `account` FROM `lib_admin_user` WHERE  `id` = 1 LIMIT 1 [ RunTime:0.000167s ]
[ sql ] [ SQL ] SELECT `name` FROM `lib_label_list` WHERE  `id` = 2 LIMIT 1 [ RunTime:0.000145s ]
[ sql ] [ SQL ] SELECT `account` FROM `lib_admin_user` WHERE  `id` = 1 LIMIT 1 [ RunTime:0.000145s ]
---------------------------------------------------------------
[ 2018-09-26T14:52:06+08:00 ] 172.104.108.109 GET /
[ sql ] [ DB ] CONNECT:[ UseTime:0.000812s ] mysql:host=127.0.0.1;dbname=lib;charset=utf8
[ sql ] [ SQL ] SHOW COLUMNS FROM `lib_label_list` [ RunTime:0.001620s ]
[ sql ] [ SQL ] SELECT `id`,`name` FROM `lib_label_list` WHERE  `status` = 1  AND `isdelete` = 0 [ RunTime:0.000310s ]
[ sql ] [ SQL ] SHOW COLUMNS FROM `lib_label_article` [ RunTime:0.000977s ]
[ sql ] [ SQL ] SELECT `id`,`name`,`read_account` FROM `lib_label_article` WHERE  `status` = 1  AND `isdelete` = 0 ORDER BY `read_account` DESC,`id` LIMIT 5 [ RunTime:0.000257s ]
[ sql ] [ SQL ] SELECT `id` FROM `lib_label_list` WHERE  `status` = 1  AND `isdelete` = 0 [ RunTime:0.000232s ]
[ sql ] [ SQL ] SELECT COUNT(*) AS tp_count FROM `lib_label_article` WHERE  `label_id` IN (1,2) LIMIT 1 [ RunTime:0.000242s ]
[ sql ] [ SQL ] SELECT `id`,`name`,`read_account`,`label_id`,`author_id`,`create_time` FROM `lib_label_article` WHERE  `label_id` IN (1,2) ORDER BY `create_time` DESC LIMIT 0,5 [ RunTime:0.000254s ]
[ sql ] [ SQL ] SELECT `name` FROM `lib_label_list` WHERE  `id` = 1 LIMIT 1 [ RunTime:0.000244s ]
[ sql ] [ SQL ] SHOW COLUMNS FROM `lib_admin_user` [ RunTime:0.000978s ]
[ sql ] [ SQL ] SELECT `account` FROM `lib_admin_user` WHERE  `id` = 1 LIMIT 1 [ RunTime:0.000244s ]
[ sql ] [ SQL ] SELECT `name` FROM `lib_label_list` WHERE  `id` = 2 LIMIT 1 [ RunTime:0.000205s ]
[ sql ] [ SQL ] SELECT `account` FROM `lib_admin_user` WHERE  `id` = 1 LIMIT 1 [ RunTime:0.000215s ]
[ sql ] [ SQL ] SELECT `name` FROM `lib_label_list` WHERE  `id` = 2 LIMIT 1 [ RunTime:0.000200s ]
[ sql ] [ SQL ] SELECT `account` FROM `lib_admin_user` WHERE  `id` = 1 LIMIT 1 [ RunTime:0.000214s ]
[ sql ] [ SQL ] SELECT `name` FROM `lib_label_list` WHERE  `id` = 1 LIMIT 1 [ RunTime:0.000198s ]
[ sql ] [ SQL ] SELECT `account` FROM `lib_admin_user` WHERE  `id` = 1 LIMIT 1 [ RunTime:0.000216s ]
[ sql ] [ SQL ] SELECT `name` FROM `lib_label_list` WHERE  `id` = 2 LIMIT 1 [ RunTime:0.000198s ]
[ sql ] [ SQL ] SELECT `account` FROM `lib_admin_user` WHERE  `id` = 1 LIMIT 1 [ RunTime:0.000215s ]
---------------------------------------------------------------
[ 2018-09-26T14:52:58+08:00 ] 106.14.190.222 GET /
[ sql ] [ DB ] CONNECT:[ UseTime:0.000633s ] mysql:host=127.0.0.1;dbname=lib;charset=utf8
[ sql ] [ SQL ] SHOW COLUMNS FROM `lib_label_list` [ RunTime:0.001315s ]
[ sql ] [ SQL ] SELECT `id`,`name` FROM `lib_label_list` WHERE  `status` = 1  AND `isdelete` = 0 [ RunTime:0.000226s ]
[ sql ] [ SQL ] SHOW COLUMNS FROM `lib_label_article` [ RunTime:0.000728s ]
[ sql ] [ SQL ] SELECT `id`,`name`,`read_account` FROM `lib_label_article` WHERE  `status` = 1  AND `isdelete` = 0 ORDER BY `read_account` DESC,`id` LIMIT 5 [ RunTime:0.000208s ]
[ sql ] [ SQL ] SELECT `id` FROM `lib_label_list` WHERE  `status` = 1  AND `isdelete` = 0 [ RunTime:0.000156s ]
[ sql ] [ SQL ] SELECT COUNT(*) AS tp_count FROM `lib_label_article` WHERE  `label_id` IN (1,2) LIMIT 1 [ RunTime:0.000236s ]
[ sql ] [ SQL ] SELECT `id`,`name`,`read_account`,`label_id`,`author_id`,`create_time` FROM `lib_label_article` WHERE  `label_id` IN (1,2) ORDER BY `create_time` DESC LIMIT 0,5 [ RunTime:0.000189s ]
[ sql ] [ SQL ] SELECT `name` FROM `lib_label_list` WHERE  `id` = 1 LIMIT 1 [ RunTime:0.000195s ]
[ sql ] [ SQL ] SHOW COLUMNS FROM `lib_admin_user` [ RunTime:0.000725s ]
[ sql ] [ SQL ] SELECT `account` FROM `lib_admin_user` WHERE  `id` = 1 LIMIT 1 [ RunTime:0.000173s ]
[ sql ] [ SQL ] SELECT `name` FROM `lib_label_list` WHERE  `id` = 2 LIMIT 1 [ RunTime:0.000161s ]
[ sql ] [ SQL ] SELECT `account` FROM `lib_admin_user` WHERE  `id` = 1 LIMIT 1 [ RunTime:0.000170s ]
[ sql ] [ SQL ] SELECT `name` FROM `lib_label_list` WHERE  `id` = 2 LIMIT 1 [ RunTime:0.000147s ]
[ sql ] [ SQL ] SELECT `account` FROM `lib_admin_user` WHERE  `id` = 1 LIMIT 1 [ RunTime:0.000161s ]
[ sql ] [ SQL ] SELECT `name` FROM `lib_label_list` WHERE  `id` = 1 LIMIT 1 [ RunTime:0.000166s ]
[ sql ] [ SQL ] SELECT `account` FROM `lib_admin_user` WHERE  `id` = 1 LIMIT 1 [ RunTime:0.000147s ]
[ sql ] [ SQL ] SELECT `name` FROM `lib_label_list` WHERE  `id` = 2 LIMIT 1 [ RunTime:0.000156s ]
[ sql ] [ SQL ] SELECT `account` FROM `lib_admin_user` WHERE  `id` = 1 LIMIT 1 [ RunTime:0.000162s ]
---------------------------------------------------------------
[ 2018-09-26T14:56:46+08:00 ] 43.225.169.180 GET /
[ sql ] [ DB ] CONNECT:[ UseTime:0.000670s ] mysql:host=127.0.0.1;dbname=lib;charset=utf8
[ sql ] [ SQL ] SHOW COLUMNS FROM `lib_label_list` [ RunTime:0.001370s ]
[ sql ] [ SQL ] SELECT `id`,`name` FROM `lib_label_list` WHERE  `status` = 1  AND `isdelete` = 0 [ RunTime:0.000214s ]
[ sql ] [ SQL ] SHOW COLUMNS FROM `lib_label_article` [ RunTime:0.000611s ]
[ sql ] [ SQL ] SELECT `id`,`name`,`read_account` FROM `lib_label_article` WHERE  `status` = 1  AND `isdelete` = 0 ORDER BY `read_account` DESC,`id` LIMIT 5 [ RunTime:0.000184s ]
[ sql ] [ SQL ] SELECT `id` FROM `lib_label_list` WHERE  `status` = 1  AND `isdelete` = 0 [ RunTime:0.000153s ]
[ sql ] [ SQL ] SELECT COUNT(*) AS tp_count FROM `lib_label_article` WHERE  `label_id` IN (1,2) LIMIT 1 [ RunTime:0.000207s ]
[ sql ] [ SQL ] SELECT `id`,`name`,`read_account`,`label_id`,`author_id`,`create_time` FROM `lib_label_article` WHERE  `label_id` IN (1,2) ORDER BY `create_time` DESC LIMIT 0,5 [ RunTime:0.000184s ]
[ sql ] [ SQL ] SELECT `name` FROM `lib_label_list` WHERE  `id` = 1 LIMIT 1 [ RunTime:0.000186s ]
[ sql ] [ SQL ] SHOW COLUMNS FROM `lib_admin_user` [ RunTime:0.000570s ]
[ sql ] [ SQL ] SELECT `account` FROM `lib_admin_user` WHERE  `id` = 1 LIMIT 1 [ RunTime:0.000154s ]
[ sql ] [ SQL ] SELECT `name` FROM `lib_label_list` WHERE  `id` = 2 LIMIT 1 [ RunTime:0.000157s ]
[ sql ] [ SQL ] SELECT `account` FROM `lib_admin_user` WHERE  `id` = 1 LIMIT 1 [ RunTime:0.000152s ]
[ sql ] [ SQL ] SELECT `name` FROM `lib_label_list` WHERE  `id` = 2 LIMIT 1 [ RunTime:0.000166s ]
[ sql ] [ SQL ] SELECT `account` FROM `lib_admin_user` WHERE  `id` = 1 LIMIT 1 [ RunTime:0.000152s ]
[ sql ] [ SQL ] SELECT `name` FROM `lib_label_list` WHERE  `id` = 1 LIMIT 1 [ RunTime:0.000146s ]
[ sql ] [ SQL ] SELECT `account` FROM `lib_admin_user` WHERE  `id` = 1 LIMIT 1 [ RunTime:0.000167s ]
[ sql ] [ SQL ] SELECT `name` FROM `lib_label_list` WHERE  `id` = 2 LIMIT 1 [ RunTime:0.000148s ]
[ sql ] [ SQL ] SELECT `account` FROM `lib_admin_user` WHERE  `id` = 1 LIMIT 1 [ RunTime:0.000147s ]
---------------------------------------------------------------
[ 2018-09-26T15:09:13+08:00 ] 61.148.221.114 GET /
[ sql ] [ DB ] CONNECT:[ UseTime:0.000622s ] mysql:host=127.0.0.1;dbname=lib;charset=utf8
[ sql ] [ SQL ] SHOW COLUMNS FROM `lib_label_list` [ RunTime:0.001326s ]
[ sql ] [ SQL ] SELECT `id`,`name` FROM `lib_label_list` WHERE  `status` = 1  AND `isdelete` = 0 [ RunTime:0.000230s ]
[ sql ] [ SQL ] SHOW COLUMNS FROM `lib_label_article` [ RunTime:0.000584s ]
[ sql ] [ SQL ] SELECT `id`,`name`,`read_account` FROM `lib_label_article` WHERE  `status` = 1  AND `isdelete` = 0 ORDER BY `read_account` DESC,`id` LIMIT 5 [ RunTime:0.000189s ]
[ sql ] [ SQL ] SELECT `id` FROM `lib_label_list` WHERE  `status` = 1  AND `isdelete` = 0 [ RunTime:0.000155s ]
[ sql ] [ SQL ] SELECT COUNT(*) AS tp_count FROM `lib_label_article` WHERE  `label_id` IN (1,2) LIMIT 1 [ RunTime:0.000204s ]
[ sql ] [ SQL ] SELECT `id`,`name`,`read_account`,`label_id`,`author_id`,`create_time` FROM `lib_label_article` WHERE  `label_id` IN (1,2) ORDER BY `create_time` DESC LIMIT 0,5 [ RunTime:0.000168s ]
[ sql ] [ SQL ] SELECT `name` FROM `lib_label_list` WHERE  `id` = 1 LIMIT 1 [ RunTime:0.000171s ]
[ sql ] [ SQL ] SHOW COLUMNS FROM `lib_admin_user` [ RunTime:0.000635s ]
[ sql ] [ SQL ] SELECT `account` FROM `lib_admin_user` WHERE  `id` = 1 LIMIT 1 [ RunTime:0.000150s ]
[ sql ] [ SQL ] SELECT `name` FROM `lib_label_list` WHERE  `id` = 2 LIMIT 1 [ RunTime:0.000194s ]
[ sql ] [ SQL ] SELECT `account` FROM `lib_admin_user` WHERE  `id` = 1 LIMIT 1 [ RunTime:0.000150s ]
[ sql ] [ SQL ] SELECT `name` FROM `lib_label_list` WHERE  `id` = 2 LIMIT 1 [ RunTime:0.000146s ]
[ sql ] [ SQL ] SELECT `account` FROM `lib_admin_user` WHERE  `id` = 1 LIMIT 1 [ RunTime:0.000172s ]
[ sql ] [ SQL ] SELECT `name` FROM `lib_label_list` WHERE  `id` = 1 LIMIT 1 [ RunTime:0.000146s ]
[ sql ] [ SQL ] SELECT `account` FROM `lib_admin_user` WHERE  `id` = 1 LIMIT 1 [ RunTime:0.000157s ]
[ sql ] [ SQL ] SELECT `name` FROM `lib_label_list` WHERE  `id` = 2 LIMIT 1 [ RunTime:0.000151s ]
[ sql ] [ SQL ] SELECT `account` FROM `lib_admin_user` WHERE  `id` = 1 LIMIT 1 [ RunTime:0.000146s ]
---------------------------------------------------------------
[ 2018-09-26T15:25:29+08:00 ] 88.250.200.163 GET /
[ sql ] [ DB ] CONNECT:[ UseTime:0.000659s ] mysql:host=127.0.0.1;dbname=lib;charset=utf8
[ sql ] [ SQL ] SHOW COLUMNS FROM `lib_label_list` [ RunTime:0.000756s ]
[ sql ] [ SQL ] SELECT `id`,`name` FROM `lib_label_list` WHERE  `status` = 1  AND `isdelete` = 0 [ RunTime:0.000244s ]
[ sql ] [ SQL ] SHOW COLUMNS FROM `lib_label_article` [ RunTime:0.000565s ]
[ sql ] [ SQL ] SELECT `id`,`name`,`read_account` FROM `lib_label_article` WHERE  `status` = 1  AND `isdelete` = 0 ORDER BY `read_account` DESC,`id` LIMIT 5 [ RunTime:0.000202s ]
[ sql ] [ SQL ] SELECT `id` FROM `lib_label_list` WHERE  `status` = 1  AND `isdelete` = 0 [ RunTime:0.000159s ]
[ sql ] [ SQL ] SELECT COUNT(*) AS tp_count FROM `lib_label_article` WHERE  `label_id` IN (1,2) LIMIT 1 [ RunTime:0.000230s ]
[ sql ] [ SQL ] SELECT `id`,`name`,`read_account`,`label_id`,`author_id`,`create_time` FROM `lib_label_article` WHERE  `label_id` IN (1,2) ORDER BY `create_time` DESC LIMIT 0,5 [ RunTime:0.000175s ]
[ sql ] [ SQL ] SELECT `name` FROM `lib_label_list` WHERE  `id` = 1 LIMIT 1 [ RunTime:0.000177s ]
[ sql ] [ SQL ] SHOW COLUMNS FROM `lib_admin_user` [ RunTime:0.000617s ]
[ sql ] [ SQL ] SELECT `account` FROM `lib_admin_user` WHERE  `id` = 1 LIMIT 1 [ RunTime:0.000171s ]
[ sql ] [ SQL ] SELECT `name` FROM `lib_label_list` WHERE  `id` = 2 LIMIT 1 [ RunTime:0.000163s ]
[ sql ] [ SQL ] SELECT `account` FROM `lib_admin_user` WHERE  `id` = 1 LIMIT 1 [ RunTime:0.000155s ]
[ sql ] [ SQL ] SELECT `name` FROM `lib_label_list` WHERE  `id` = 2 LIMIT 1 [ RunTime:0.000183s ]
[ sql ] [ SQL ] SELECT `account` FROM `lib_admin_user` WHERE  `id` = 1 LIMIT 1 [ RunTime:0.000158s ]
[ sql ] [ SQL ] SELECT `name` FROM `lib_label_list` WHERE  `id` = 1 LIMIT 1 [ RunTime:0.000152s ]
[ sql ] [ SQL ] SELECT `account` FROM `lib_admin_user` WHERE  `id` = 1 LIMIT 1 [ RunTime:0.000175s ]
[ sql ] [ SQL ] SELECT `name` FROM `lib_label_list` WHERE  `id` = 2 LIMIT 1 [ RunTime:0.000152s ]
[ sql ] [ SQL ] SELECT `account` FROM `lib_admin_user` WHERE  `id` = 1 LIMIT 1 [ RunTime:0.000153s ]
---------------------------------------------------------------
[ 2018-09-26T17:26:17+08:00 ] 60.191.38.77 GET /
[ sql ] [ DB ] CONNECT:[ UseTime:0.000635s ] mysql:host=127.0.0.1;dbname=lib;charset=utf8
[ sql ] [ SQL ] SHOW COLUMNS FROM `lib_label_list` [ RunTime:0.001319s ]
[ sql ] [ SQL ] SELECT `id`,`name` FROM `lib_label_list` WHERE  `status` = 1  AND `isdelete` = 0 [ RunTime:0.000222s ]
[ sql ] [ SQL ] SHOW COLUMNS FROM `lib_label_article` [ RunTime:0.000603s ]
[ sql ] [ SQL ] SELECT `id`,`name`,`read_account` FROM `lib_label_article` WHERE  `status` = 1  AND `isdelete` = 0 ORDER BY `read_account` DESC,`id` LIMIT 5 [ RunTime:0.000187s ]
[ sql ] [ SQL ] SELECT `id` FROM `lib_label_list` WHERE  `status` = 1  AND `isdelete` = 0 [ RunTime:0.000154s ]
[ sql ] [ SQL ] SELECT COUNT(*) AS tp_count FROM `lib_label_article` WHERE  `label_id` IN (1,2) LIMIT 1 [ RunTime:0.000243s ]
[ sql ] [ SQL ] SELECT `id`,`name`,`read_account`,`label_id`,`author_id`,`create_time` FROM `lib_label_article` WHERE  `label_id` IN (1,2) ORDER BY `create_time` DESC LIMIT 0,5 [ RunTime:0.000190s ]
[ sql ] [ SQL ] SELECT `name` FROM `lib_label_list` WHERE  `id` = 1 LIMIT 1 [ RunTime:0.000216s ]
[ sql ] [ SQL ] SHOW COLUMNS FROM `lib_admin_user` [ RunTime:0.000565s ]
[ sql ] [ SQL ] SELECT `account` FROM `lib_admin_user` WHERE  `id` = 1 LIMIT 1 [ RunTime:0.000156s ]
[ sql ] [ SQL ] SELECT `name` FROM `lib_label_list` WHERE  `id` = 2 LIMIT 1 [ RunTime:0.000162s ]
[ sql ] [ SQL ] SELECT `account` FROM `lib_admin_user` WHERE  `id` = 1 LIMIT 1 [ RunTime:0.000148s ]
[ sql ] [ SQL ] SELECT `name` FROM `lib_label_list` WHERE  `id` = 2 LIMIT 1 [ RunTime:0.000150s ]
[ sql ] [ SQL ] SELECT `account` FROM `lib_admin_user` WHERE  `id` = 1 LIMIT 1 [ RunTime:0.000149s ]
[ sql ] [ SQL ] SELECT `name` FROM `lib_label_list` WHERE  `id` = 1 LIMIT 1 [ RunTime:0.000162s ]
[ sql ] [ SQL ] SELECT `account` FROM `lib_admin_user` WHERE  `id` = 1 LIMIT 1 [ RunTime:0.000150s ]
[ sql ] [ SQL ] SELECT `name` FROM `lib_label_list` WHERE  `id` = 2 LIMIT 1 [ RunTime:0.000147s ]
[ sql ] [ SQL ] SELECT `account` FROM `lib_admin_user` WHERE  `id` = 1 LIMIT 1 [ RunTime:0.000164s ]
---------------------------------------------------------------
[ 2018-09-26T18:13:48+08:00 ] 109.170.142.78 GET /
[ sql ] [ DB ] CONNECT:[ UseTime:0.000642s ] mysql:host=127.0.0.1;dbname=lib;charset=utf8
[ sql ] [ SQL ] SHOW COLUMNS FROM `lib_label_list` [ RunTime:0.000760s ]
[ sql ] [ SQL ] SELECT `id`,`name` FROM `lib_label_list` WHERE  `status` = 1  AND `isdelete` = 0 [ RunTime:0.000204s ]
[ sql ] [ SQL ] SHOW COLUMNS FROM `lib_label_article` [ RunTime:0.000595s ]
[ sql ] [ SQL ] SELECT `id`,`name`,`read_account` FROM `lib_label_article` WHERE  `status` = 1  AND `isdelete` = 0 ORDER BY `read_account` DESC,`id` LIMIT 5 [ RunTime:0.000176s ]
[ sql ] [ SQL ] SELECT `id` FROM `lib_label_list` WHERE  `status` = 1  AND `isdelete` = 0 [ RunTime:0.000169s ]
[ sql ] [ SQL ] SELECT COUNT(*) AS tp_count FROM `lib_label_article` WHERE  `label_id` IN (1,2) LIMIT 1 [ RunTime:0.000189s ]
[ sql ] [ SQL ] SELECT `id`,`name`,`read_account`,`label_id`,`author_id`,`create_time` FROM `lib_label_article` WHERE  `label_id` IN (1,2) ORDER BY `create_time` DESC LIMIT 0,5 [ RunTime:0.000201s ]
[ sql ] [ SQL ] SELECT `name` FROM `lib_label_list` WHERE  `id` = 1 LIMIT 1 [ RunTime:0.000201s ]
[ sql ] [ SQL ] SHOW COLUMNS FROM `lib_admin_user` [ RunTime:0.000562s ]
[ sql ] [ SQL ] SELECT `account` FROM `lib_admin_user` WHERE  `id` = 1 LIMIT 1 [ RunTime:0.000176s ]
[ sql ] [ SQL ] SELECT `name` FROM `lib_label_list` WHERE  `id` = 2 LIMIT 1 [ RunTime:0.000153s ]
[ sql ] [ SQL ] SELECT `account` FROM `lib_admin_user` WHERE  `id` = 1 LIMIT 1 [ RunTime:0.000161s ]
[ sql ] [ SQL ] SELECT `name` FROM `lib_label_list` WHERE  `id` = 2 LIMIT 1 [ RunTime:0.000152s ]
[ sql ] [ SQL ] SELECT `account` FROM `lib_admin_user` WHERE  `id` = 1 LIMIT 1 [ RunTime:0.000148s ]
[ sql ] [ SQL ] SELECT `name` FROM `lib_label_list` WHERE  `id` = 1 LIMIT 1 [ RunTime:0.000162s ]
[ sql ] [ SQL ] SELECT `account` FROM `lib_admin_user` WHERE  `id` = 1 LIMIT 1 [ RunTime:0.000222s ]
[ sql ] [ SQL ] SELECT `name` FROM `lib_label_list` WHERE  `id` = 2 LIMIT 1 [ RunTime:0.000148s ]
[ sql ] [ SQL ] SELECT `account` FROM `lib_admin_user` WHERE  `id` = 1 LIMIT 1 [ RunTime:0.000337s ]
---------------------------------------------------------------
[ 2018-09-26T20:21:26+08:00 ] 101.128.73.127 GET /
[ sql ] [ DB ] CONNECT:[ UseTime:0.000670s ] mysql:host=127.0.0.1;dbname=lib;charset=utf8
[ sql ] [ SQL ] SHOW COLUMNS FROM `lib_label_list` [ RunTime:0.001339s ]
[ sql ] [ SQL ] SELECT `id`,`name` FROM `lib_label_list` WHERE  `status` = 1  AND `isdelete` = 0 [ RunTime:0.000217s ]
[ sql ] [ SQL ] SHOW COLUMNS FROM `lib_label_article` [ RunTime:0.000596s ]
[ sql ] [ SQL ] SELECT `id`,`name`,`read_account` FROM `lib_label_article` WHERE  `status` = 1  AND `isdelete` = 0 ORDER BY `read_account` DESC,`id` LIMIT 5 [ RunTime:0.000174s ]
[ sql ] [ SQL ] SELECT `id` FROM `lib_label_list` WHERE  `status` = 1  AND `isdelete` = 0 [ RunTime:0.000155s ]
[ sql ] [ SQL ] SELECT COUNT(*) AS tp_count FROM `lib_label_article` WHERE  `label_id` IN (1,2) LIMIT 1 [ RunTime:0.000192s ]
[ sql ] [ SQL ] SELECT `id`,`name`,`read_account`,`label_id`,`author_id`,`create_time` FROM `lib_label_article` WHERE  `label_id` IN (1,2) ORDER BY `create_time` DESC LIMIT 0,5 [ RunTime:0.000171s ]
[ sql ] [ SQL ] SELECT `name` FROM `lib_label_list` WHERE  `id` = 1 LIMIT 1 [ RunTime:0.000173s ]
[ sql ] [ SQL ] SHOW COLUMNS FROM `lib_admin_user` [ RunTime:0.000588s ]
[ sql ] [ SQL ] SELECT `account` FROM `lib_admin_user` WHERE  `id` = 1 LIMIT 1 [ RunTime:0.000182s ]
[ sql ] [ SQL ] SELECT `name` FROM `lib_label_list` WHERE  `id` = 2 LIMIT 1 [ RunTime:0.000157s ]
[ sql ] [ SQL ] SELECT `account` FROM `lib_admin_user` WHERE  `id` = 1 LIMIT 1 [ RunTime:0.000149s ]
[ sql ] [ SQL ] SELECT `name` FROM `lib_label_list` WHERE  `id` = 2 LIMIT 1 [ RunTime:0.000170s ]
[ sql ] [ SQL ] SELECT `account` FROM `lib_admin_user` WHERE  `id` = 1 LIMIT 1 [ RunTime:0.000149s ]
[ sql ] [ SQL ] SELECT `name` FROM `lib_label_list` WHERE  `id` = 1 LIMIT 1 [ RunTime:0.000148s ]
[ sql ] [ SQL ] SELECT `account` FROM `lib_admin_user` WHERE  `id` = 1 LIMIT 1 [ RunTime:0.000168s ]
[ sql ] [ SQL ] SELECT `name` FROM `lib_label_list` WHERE  `id` = 2 LIMIT 1 [ RunTime:0.000148s ]
[ sql ] [ SQL ] SELECT `account` FROM `lib_admin_user` WHERE  `id` = 1 LIMIT 1 [ RunTime:0.000146s ]
---------------------------------------------------------------
[ 2018-09-26T23:19:25+08:00 ] 78.136.95.235 GET /
[ sql ] [ DB ] CONNECT:[ UseTime:0.000662s ] mysql:host=127.0.0.1;dbname=lib;charset=utf8
[ sql ] [ SQL ] SHOW COLUMNS FROM `lib_label_list` [ RunTime:0.001374s ]
[ sql ] [ SQL ] SELECT `id`,`name` FROM `lib_label_list` WHERE  `status` = 1  AND `isdelete` = 0 [ RunTime:0.000229s ]
[ sql ] [ SQL ] SHOW COLUMNS FROM `lib_label_article` [ RunTime:0.000802s ]
[ sql ] [ SQL ] SELECT `id`,`name`,`read_account` FROM `lib_label_article` WHERE  `status` = 1  AND `isdelete` = 0 ORDER BY `read_account` DESC,`id` LIMIT 5 [ RunTime:0.000259s ]
[ sql ] [ SQL ] SELECT `id` FROM `lib_label_list` WHERE  `status` = 1  AND `isdelete` = 0 [ RunTime:0.000224s ]
[ sql ] [ SQL ] SELECT COUNT(*) AS tp_count FROM `lib_label_article` WHERE  `label_id` IN (1,2) LIMIT 1 [ RunTime:0.000251s ]
[ sql ] [ SQL ] SELECT `id`,`name`,`read_account`,`label_id`,`author_id`,`create_time` FROM `lib_label_article` WHERE  `label_id` IN (1,2) ORDER BY `create_time` DESC LIMIT 0,5 [ RunTime:0.000255s ]
[ sql ] [ SQL ] SELECT `name` FROM `lib_label_list` WHERE  `id` = 1 LIMIT 1 [ RunTime:0.000243s ]
[ sql ] [ SQL ] SHOW COLUMNS FROM `lib_admin_user` [ RunTime:0.000586s ]
[ sql ] [ SQL ] SELECT `account` FROM `lib_admin_user` WHERE  `id` = 1 LIMIT 1 [ RunTime:0.000152s ]
[ sql ] [ SQL ] SELECT `name` FROM `lib_label_list` WHERE  `id` = 2 LIMIT 1 [ RunTime:0.000359s ]
[ sql ] [ SQL ] SELECT `account` FROM `lib_admin_user` WHERE  `id` = 1 LIMIT 1 [ RunTime:0.000240s ]
[ sql ] [ SQL ] SELECT `name` FROM `lib_label_list` WHERE  `id` = 2 LIMIT 1 [ RunTime:0.000180s ]
[ sql ] [ SQL ] SELECT `account` FROM `lib_admin_user` WHERE  `id` = 1 LIMIT 1 [ RunTime:0.000160s ]
[ sql ] [ SQL ] SELECT `name` FROM `lib_label_list` WHERE  `id` = 1 LIMIT 1 [ RunTime:0.000168s ]
[ sql ] [ SQL ] SELECT `account` FROM `lib_admin_user` WHERE  `id` = 1 LIMIT 1 [ RunTime:0.000200s ]
[ sql ] [ SQL ] SELECT `name` FROM `lib_label_list` WHERE  `id` = 2 LIMIT 1 [ RunTime:0.000223s ]
[ sql ] [ SQL ] SELECT `account` FROM `lib_admin_user` WHERE  `id` = 1 LIMIT 1 [ RunTime:0.000192s ]
---------------------------------------------------------------
[ 2018-09-26T23:28:51+08:00 ] 37.79.216.87 GET /
[ sql ] [ DB ] CONNECT:[ UseTime:0.000612s ] mysql:host=127.0.0.1;dbname=lib;charset=utf8
[ sql ] [ SQL ] SHOW COLUMNS FROM `lib_label_list` [ RunTime:0.000794s ]
[ sql ] [ SQL ] SELECT `id`,`name` FROM `lib_label_list` WHERE  `status` = 1  AND `isdelete` = 0 [ RunTime:0.000216s ]
[ sql ] [ SQL ] SHOW COLUMNS FROM `lib_label_article` [ RunTime:0.000572s ]
[ sql ] [ SQL ] SELECT `id`,`name`,`read_account` FROM `lib_label_article` WHERE  `status` = 1  AND `isdelete` = 0 ORDER BY `read_account` DESC,`id` LIMIT 5 [ RunTime:0.000188s ]
[ sql ] [ SQL ] SELECT `id` FROM `lib_label_list` WHERE  `status` = 1  AND `isdelete` = 0 [ RunTime:0.000175s ]
[ sql ] [ SQL ] SELECT COUNT(*) AS tp_count FROM `lib_label_article` WHERE  `label_id` IN (1,2) LIMIT 1 [ RunTime:0.000203s ]
[ sql ] [ SQL ] SELECT `id`,`name`,`read_account`,`label_id`,`author_id`,`create_time` FROM `lib_label_article` WHERE  `label_id` IN (1,2) ORDER BY `create_time` DESC LIMIT 0,5 [ RunTime:0.000172s ]
[ sql ] [ SQL ] SELECT `name` FROM `lib_label_list` WHERE  `id` = 1 LIMIT 1 [ RunTime:0.000170s ]
[ sql ] [ SQL ] SHOW COLUMNS FROM `lib_admin_user` [ RunTime:0.000592s ]
[ sql ] [ SQL ] SELECT `account` FROM `lib_admin_user` WHERE  `id` = 1 LIMIT 1 [ RunTime:0.000153s ]
[ sql ] [ SQL ] SELECT `name` FROM `lib_label_list` WHERE  `id` = 2 LIMIT 1 [ RunTime:0.000151s ]
[ sql ] [ SQL ] SELECT `account` FROM `lib_admin_user` WHERE  `id` = 1 LIMIT 1 [ RunTime:0.000171s ]
[ sql ] [ SQL ] SELECT `name` FROM `lib_label_list` WHERE  `id` = 2 LIMIT 1 [ RunTime:0.000148s ]
[ sql ] [ SQL ] SELECT `account` FROM `lib_admin_user` WHERE  `id` = 1 LIMIT 1 [ RunTime:0.000160s ]
[ sql ] [ SQL ] SELECT `name` FROM `lib_label_list` WHERE  `id` = 1 LIMIT 1 [ RunTime:0.000166s ]
[ sql ] [ SQL ] SELECT `account` FROM `lib_admin_user` WHERE  `id` = 1 LIMIT 1 [ RunTime:0.000147s ]
[ sql ] [ SQL ] SELECT `name` FROM `lib_label_list` WHERE  `id` = 2 LIMIT 1 [ RunTime:0.000157s ]
[ sql ] [ SQL ] SELECT `account` FROM `lib_admin_user` WHERE  `id` = 1 LIMIT 1 [ RunTime:0.000163s ]
---------------------------------------------------------------
[ 2018-09-26T23:43:41+08:00 ] 170.254.45.235 GET /
[ sql ] [ DB ] CONNECT:[ UseTime:0.000653s ] mysql:host=127.0.0.1;dbname=lib;charset=utf8
[ sql ] [ SQL ] SHOW COLUMNS FROM `lib_label_list` [ RunTime:0.001327s ]
[ sql ] [ SQL ] SELECT `id`,`name` FROM `lib_label_list` WHERE  `status` = 1  AND `isdelete` = 0 [ RunTime:0.000220s ]
[ sql ] [ SQL ] SHOW COLUMNS FROM `lib_label_article` [ RunTime:0.000617s ]
[ sql ] [ SQL ] SELECT `id`,`name`,`read_account` FROM `lib_label_article` WHERE  `status` = 1  AND `isdelete` = 0 ORDER BY `read_account` DESC,`id` LIMIT 5 [ RunTime:0.000183s ]
[ sql ] [ SQL ] SELECT `id` FROM `lib_label_list` WHERE  `status` = 1  AND `isdelete` = 0 [ RunTime:0.000170s ]
[ sql ] [ SQL ] SELECT COUNT(*) AS tp_count FROM `lib_label_article` WHERE  `label_id` IN (1,2) LIMIT 1 [ RunTime:0.000274s ]
[ sql ] [ SQL ] SELECT `id`,`name`,`read_account`,`label_id`,`author_id`,`create_time` FROM `lib_label_article` WHERE  `label_id` IN (1,2) ORDER BY `create_time` DESC LIMIT 0,5 [ RunTime:0.000197s ]
[ sql ] [ SQL ] SELECT `name` FROM `lib_label_list` WHERE  `id` = 1 LIMIT 1 [ RunTime:0.000202s ]
[ sql ] [ SQL ] SHOW COLUMNS FROM `lib_admin_user` [ RunTime:0.000602s ]
[ sql ] [ SQL ] SELECT `account` FROM `lib_admin_user` WHERE  `id` = 1 LIMIT 1 [ RunTime:0.000164s ]
[ sql ] [ SQL ] SELECT `name` FROM `lib_label_list` WHERE  `id` = 2 LIMIT 1 [ RunTime:0.000160s ]
[ sql ] [ SQL ] SELECT `account` FROM `lib_admin_user` WHERE  `id` = 1 LIMIT 1 [ RunTime:0.000195s ]
[ sql ] [ SQL ] SELECT `name` FROM `lib_label_list` WHERE  `id` = 2 LIMIT 1 [ RunTime:0.000180s ]
[ sql ] [ SQL ] SELECT `account` FROM `lib_admin_user` WHERE  `id` = 1 LIMIT 1 [ RunTime:0.000169s ]
[ sql ] [ SQL ] SELECT `name` FROM `lib_label_list` WHERE  `id` = 1 LIMIT 1 [ RunTime:0.000175s ]
[ sql ] [ SQL ] SELECT `account` FROM `lib_admin_user` WHERE  `id` = 1 LIMIT 1 [ RunTime:0.000157s ]
[ sql ] [ SQL ] SELECT `name` FROM `lib_label_list` WHERE  `id` = 2 LIMIT 1 [ RunTime:0.000168s ]
[ sql ] [ SQL ] SELECT `account` FROM `lib_admin_user` WHERE  `id` = 1 LIMIT 1 [ RunTime:0.000156s ]
