---------------------------------------------------------------
[ 2018-09-27T02:49:59+08:00 ] 85.132.139.235 GET /
[ sql ] [ DB ] CONNECT:[ UseTime:0.000777s ] mysql:host=127.0.0.1;dbname=lib;charset=utf8
[ sql ] [ SQL ] SHOW COLUMNS FROM `lib_label_list` [ RunTime:0.000825s ]
[ sql ] [ SQL ] SELECT `id`,`name` FROM `lib_label_list` WHERE  `status` = 1  AND `isdelete` = 0 [ RunTime:0.000206s ]
[ sql ] [ SQL ] SHOW COLUMNS FROM `lib_label_article` [ RunTime:0.000579s ]
[ sql ] [ SQL ] SELECT `id`,`name`,`read_account` FROM `lib_label_article` WHERE  `status` = 1  AND `isdelete` = 0 ORDER BY `read_account` DESC,`id` LIMIT 5 [ RunTime:0.000174s ]
[ sql ] [ SQL ] SELECT `id` FROM `lib_label_list` WHERE  `status` = 1  AND `isdelete` = 0 [ RunTime:0.000159s ]
[ sql ] [ SQL ] SELECT COUNT(*) AS tp_count FROM `lib_label_article` WHERE  `label_id` IN (1,2) LIMIT 1 [ RunTime:0.000228s ]
[ sql ] [ SQL ] SELECT `id`,`name`,`read_account`,`label_id`,`author_id`,`create_time` FROM `lib_label_article` WHERE  `label_id` IN (1,2) ORDER BY `create_time` DESC LIMIT 0,5 [ RunTime:0.000189s ]
[ sql ] [ SQL ] SELECT `name` FROM `lib_label_list` WHERE  `id` = 1 LIMIT 1 [ RunTime:0.000191s ]
[ sql ] [ SQL ] SHOW COLUMNS FROM `lib_admin_user` [ RunTime:0.000608s ]
[ sql ] [ SQL ] SELECT `account` FROM `lib_admin_user` WHERE  `id` = 1 LIMIT 1 [ RunTime:0.000156s ]
[ sql ] [ SQL ] SELECT `name` FROM `lib_label_list` WHERE  `id` = 2 LIMIT 1 [ RunTime:0.000164s ]
[ sql ] [ SQL ] SELECT `account` FROM `lib_admin_user` WHERE  `id` = 1 LIMIT 1 [ RunTime:0.000173s ]
[ sql ] [ SQL ] SELECT `name` FROM `lib_label_list` WHERE  `id` = 2 LIMIT 1 [ RunTime:0.000146s ]
[ sql ] [ SQL ] SELECT `account` FROM `lib_admin_user` WHERE  `id` = 1 LIMIT 1 [ RunTime:0.000147s ]
[ sql ] [ SQL ] SELECT `name` FROM `lib_label_list` WHERE  `id` = 1 LIMIT 1 [ RunTime:0.000170s ]
[ sql ] [ SQL ] SELECT `account` FROM `lib_admin_user` WHERE  `id` = 1 LIMIT 1 [ RunTime:0.000146s ]
[ sql ] [ SQL ] SELECT `name` FROM `lib_label_list` WHERE  `id` = 2 LIMIT 1 [ RunTime:0.000145s ]
[ sql ] [ SQL ] SELECT `account` FROM `lib_admin_user` WHERE  `id` = 1 LIMIT 1 [ RunTime:0.000150s ]
---------------------------------------------------------------
[ 2018-09-27T03:27:19+08:00 ] 47.100.38.9 GET /
[ sql ] [ DB ] CONNECT:[ UseTime:0.000640s ] mysql:host=127.0.0.1;dbname=lib;charset=utf8
[ sql ] [ SQL ] SHOW COLUMNS FROM `lib_label_list` [ RunTime:0.001320s ]
[ sql ] [ SQL ] SELECT `id`,`name` FROM `lib_label_list` WHERE  `status` = 1  AND `isdelete` = 0 [ RunTime:0.000232s ]
[ sql ] [ SQL ] SHOW COLUMNS FROM `lib_label_article` [ RunTime:0.000613s ]
[ sql ] [ SQL ] SELECT `id`,`name`,`read_account` FROM `lib_label_article` WHERE  `status` = 1  AND `isdelete` = 0 ORDER BY `read_account` DESC,`id` LIMIT 5 [ RunTime:0.000183s ]
[ sql ] [ SQL ] SELECT `id` FROM `lib_label_list` WHERE  `status` = 1  AND `isdelete` = 0 [ RunTime:0.000154s ]
[ sql ] [ SQL ] SELECT COUNT(*) AS tp_count FROM `lib_label_article` WHERE  `label_id` IN (1,2) LIMIT 1 [ RunTime:0.000187s ]
[ sql ] [ SQL ] SELECT `id`,`name`,`read_account`,`label_id`,`author_id`,`create_time` FROM `lib_label_article` WHERE  `label_id` IN (1,2) ORDER BY `create_time` DESC LIMIT 0,5 [ RunTime:0.000179s ]
[ sql ] [ SQL ] SELECT `name` FROM `lib_label_list` WHERE  `id` = 1 LIMIT 1 [ RunTime:0.000185s ]
[ sql ] [ SQL ] SHOW COLUMNS FROM `lib_admin_user` [ RunTime:0.000561s ]
[ sql ] [ SQL ] SELECT `account` FROM `lib_admin_user` WHERE  `id` = 1 LIMIT 1 [ RunTime:0.000157s ]
[ sql ] [ SQL ] SELECT `name` FROM `lib_label_list` WHERE  `id` = 2 LIMIT 1 [ RunTime:0.000156s ]
[ sql ] [ SQL ] SELECT `account` FROM `lib_admin_user` WHERE  `id` = 1 LIMIT 1 [ RunTime:0.000149s ]
[ sql ] [ SQL ] SELECT `name` FROM `lib_label_list` WHERE  `id` = 2 LIMIT 1 [ RunTime:0.000169s ]
[ sql ] [ SQL ] SELECT `account` FROM `lib_admin_user` WHERE  `id` = 1 LIMIT 1 [ RunTime:0.000148s ]
[ sql ] [ SQL ] SELECT `name` FROM `lib_label_list` WHERE  `id` = 1 LIMIT 1 [ RunTime:0.000146s ]
[ sql ] [ SQL ] SELECT `account` FROM `lib_admin_user` WHERE  `id` = 1 LIMIT 1 [ RunTime:0.000169s ]
[ sql ] [ SQL ] SELECT `name` FROM `lib_label_list` WHERE  `id` = 2 LIMIT 1 [ RunTime:0.000147s ]
[ sql ] [ SQL ] SELECT `account` FROM `lib_admin_user` WHERE  `id` = 1 LIMIT 1 [ RunTime:0.000158s ]
---------------------------------------------------------------
[ 2018-09-27T03:29:22+08:00 ] 47.92.5.11 GET /
[ sql ] [ DB ] CONNECT:[ UseTime:0.000626s ] mysql:host=127.0.0.1;dbname=lib;charset=utf8
[ sql ] [ SQL ] SHOW COLUMNS FROM `lib_label_list` [ RunTime:0.001356s ]
[ sql ] [ SQL ] SELECT `id`,`name` FROM `lib_label_list` WHERE  `status` = 1  AND `isdelete` = 0 [ RunTime:0.000220s ]
[ sql ] [ SQL ] SHOW COLUMNS FROM `lib_label_article` [ RunTime:0.000669s ]
[ sql ] [ SQL ] SELECT `id`,`name`,`read_account` FROM `lib_label_article` WHERE  `status` = 1  AND `isdelete` = 0 ORDER BY `read_account` DESC,`id` LIMIT 5 [ RunTime:0.000196s ]
[ sql ] [ SQL ] SELECT `id` FROM `lib_label_list` WHERE  `status` = 1  AND `isdelete` = 0 [ RunTime:0.000184s ]
[ sql ] [ SQL ] SELECT COUNT(*) AS tp_count FROM `lib_label_article` WHERE  `label_id` IN (1,2) LIMIT 1 [ RunTime:0.000316s ]
[ sql ] [ SQL ] SELECT `id`,`name`,`read_account`,`label_id`,`author_id`,`create_time` FROM `lib_label_article` WHERE  `label_id` IN (1,2) ORDER BY `create_time` DESC LIMIT 0,5 [ RunTime:0.000177s ]
[ sql ] [ SQL ] SELECT `name` FROM `lib_label_list` WHERE  `id` = 1 LIMIT 1 [ RunTime:0.000187s ]
[ sql ] [ SQL ] SHOW COLUMNS FROM `lib_admin_user` [ RunTime:0.000664s ]
[ sql ] [ SQL ] SELECT `account` FROM `lib_admin_user` WHERE  `id` = 1 LIMIT 1 [ RunTime:0.000174s ]
[ sql ] [ SQL ] SELECT `name` FROM `lib_label_list` WHERE  `id` = 2 LIMIT 1 [ RunTime:0.000233s ]
[ sql ] [ SQL ] SELECT `account` FROM `lib_admin_user` WHERE  `id` = 1 LIMIT 1 [ RunTime:0.000157s ]
[ sql ] [ SQL ] SELECT `name` FROM `lib_label_list` WHERE  `id` = 2 LIMIT 1 [ RunTime:0.000157s ]
[ sql ] [ SQL ] SELECT `account` FROM `lib_admin_user` WHERE  `id` = 1 LIMIT 1 [ RunTime:0.000160s ]
[ sql ] [ SQL ] SELECT `name` FROM `lib_label_list` WHERE  `id` = 1 LIMIT 1 [ RunTime:0.000153s ]
[ sql ] [ SQL ] SELECT `account` FROM `lib_admin_user` WHERE  `id` = 1 LIMIT 1 [ RunTime:0.000157s ]
[ sql ] [ SQL ] SELECT `name` FROM `lib_label_list` WHERE  `id` = 2 LIMIT 1 [ RunTime:0.000156s ]
[ sql ] [ SQL ] SELECT `account` FROM `lib_admin_user` WHERE  `id` = 1 LIMIT 1 [ RunTime:0.000154s ]
---------------------------------------------------------------
[ 2018-09-27T04:46:06+08:00 ] 203.208.60.66 GET /
[ sql ] [ DB ] CONNECT:[ UseTime:0.000615s ] mysql:host=127.0.0.1;dbname=lib;charset=utf8
[ sql ] [ SQL ] SHOW COLUMNS FROM `lib_label_list` [ RunTime:0.001327s ]
[ sql ] [ SQL ] SELECT `id`,`name` FROM `lib_label_list` WHERE  `status` = 1  AND `isdelete` = 0 [ RunTime:0.000220s ]
[ sql ] [ SQL ] SHOW COLUMNS FROM `lib_label_article` [ RunTime:0.000631s ]
[ sql ] [ SQL ] SELECT `id`,`name`,`read_account` FROM `lib_label_article` WHERE  `status` = 1  AND `isdelete` = 0 ORDER BY `read_account` DESC,`id` LIMIT 5 [ RunTime:0.000205s ]
[ sql ] [ SQL ] SELECT `id` FROM `lib_label_list` WHERE  `status` = 1  AND `isdelete` = 0 [ RunTime:0.000161s ]
[ sql ] [ SQL ] SELECT COUNT(*) AS tp_count FROM `lib_label_article` WHERE  `label_id` IN (1,2) LIMIT 1 [ RunTime:0.000210s ]
[ sql ] [ SQL ] SELECT `id`,`name`,`read_account`,`label_id`,`author_id`,`create_time` FROM `lib_label_article` WHERE  `label_id` IN (1,2) ORDER BY `create_time` DESC LIMIT 0,5 [ RunTime:0.000178s ]
[ sql ] [ SQL ] SELECT `name` FROM `lib_label_list` WHERE  `id` = 1 LIMIT 1 [ RunTime:0.000181s ]
[ sql ] [ SQL ] SHOW COLUMNS FROM `lib_admin_user` [ RunTime:0.000599s ]
[ sql ] [ SQL ] SELECT `account` FROM `lib_admin_user` WHERE  `id` = 1 LIMIT 1 [ RunTime:0.000174s ]
[ sql ] [ SQL ] SELECT `name` FROM `lib_label_list` WHERE  `id` = 2 LIMIT 1 [ RunTime:0.000184s ]
[ sql ] [ SQL ] SELECT `account` FROM `lib_admin_user` WHERE  `id` = 1 LIMIT 1 [ RunTime:0.000158s ]
[ sql ] [ SQL ] SELECT `name` FROM `lib_label_list` WHERE  `id` = 2 LIMIT 1 [ RunTime:0.000168s ]
[ sql ] [ SQL ] SELECT `account` FROM `lib_admin_user` WHERE  `id` = 1 LIMIT 1 [ RunTime:0.000159s ]
[ sql ] [ SQL ] SELECT `name` FROM `lib_label_list` WHERE  `id` = 1 LIMIT 1 [ RunTime:0.000155s ]
[ sql ] [ SQL ] SELECT `account` FROM `lib_admin_user` WHERE  `id` = 1 LIMIT 1 [ RunTime:0.000158s ]
[ sql ] [ SQL ] SELECT `name` FROM `lib_label_list` WHERE  `id` = 2 LIMIT 1 [ RunTime:0.000157s ]
[ sql ] [ SQL ] SELECT `account` FROM `lib_admin_user` WHERE  `id` = 1 LIMIT 1 [ RunTime:0.000155s ]
---------------------------------------------------------------
[ 2018-09-27T05:31:23+08:00 ] 47.92.74.243 GET /
[ sql ] [ DB ] CONNECT:[ UseTime:0.000678s ] mysql:host=127.0.0.1;dbname=lib;charset=utf8
[ sql ] [ SQL ] SHOW COLUMNS FROM `lib_label_list` [ RunTime:0.026860s ]
[ sql ] [ SQL ] SELECT `id`,`name` FROM `lib_label_list` WHERE  `status` = 1  AND `isdelete` = 0 [ RunTime:0.000470s ]
[ sql ] [ SQL ] SHOW COLUMNS FROM `lib_label_article` [ RunTime:0.000716s ]
[ sql ] [ SQL ] SELECT `id`,`name`,`read_account` FROM `lib_label_article` WHERE  `status` = 1  AND `isdelete` = 0 ORDER BY `read_account` DESC,`id` LIMIT 5 [ RunTime:0.000176s ]
[ sql ] [ SQL ] SELECT `id` FROM `lib_label_list` WHERE  `status` = 1  AND `isdelete` = 0 [ RunTime:0.000154s ]
[ sql ] [ SQL ] SELECT COUNT(*) AS tp_count FROM `lib_label_article` WHERE  `label_id` IN (1,2) LIMIT 1 [ RunTime:0.000192s ]
[ sql ] [ SQL ] SELECT `id`,`name`,`read_account`,`label_id`,`author_id`,`create_time` FROM `lib_label_article` WHERE  `label_id` IN (1,2) ORDER BY `create_time` DESC LIMIT 0,5 [ RunTime:0.000173s ]
[ sql ] [ SQL ] SELECT `name` FROM `lib_label_list` WHERE  `id` = 1 LIMIT 1 [ RunTime:0.000172s ]
[ sql ] [ SQL ] SHOW COLUMNS FROM `lib_admin_user` [ RunTime:0.000616s ]
[ sql ] [ SQL ] SELECT `account` FROM `lib_admin_user` WHERE  `id` = 1 LIMIT 1 [ RunTime:0.000152s ]
[ sql ] [ SQL ] SELECT `name` FROM `lib_label_list` WHERE  `id` = 2 LIMIT 1 [ RunTime:0.000151s ]
[ sql ] [ SQL ] SELECT `account` FROM `lib_admin_user` WHERE  `id` = 1 LIMIT 1 [ RunTime:0.000150s ]
[ sql ] [ SQL ] SELECT `name` FROM `lib_label_list` WHERE  `id` = 2 LIMIT 1 [ RunTime:0.000157s ]
[ sql ] [ SQL ] SELECT `account` FROM `lib_admin_user` WHERE  `id` = 1 LIMIT 1 [ RunTime:0.000147s ]
[ sql ] [ SQL ] SELECT `name` FROM `lib_label_list` WHERE  `id` = 1 LIMIT 1 [ RunTime:0.000148s ]
[ sql ] [ SQL ] SELECT `account` FROM `lib_admin_user` WHERE  `id` = 1 LIMIT 1 [ RunTime:0.000159s ]
[ sql ] [ SQL ] SELECT `name` FROM `lib_label_list` WHERE  `id` = 2 LIMIT 1 [ RunTime:0.000146s ]
[ sql ] [ SQL ] SELECT `account` FROM `lib_admin_user` WHERE  `id` = 1 LIMIT 1 [ RunTime:0.000148s ]
---------------------------------------------------------------
[ 2018-09-27T05:44:37+08:00 ] 36.66.217.145 GET /
[ sql ] [ DB ] CONNECT:[ UseTime:0.000629s ] mysql:host=127.0.0.1;dbname=lib;charset=utf8
[ sql ] [ SQL ] SHOW COLUMNS FROM `lib_label_list` [ RunTime:0.001343s ]
[ sql ] [ SQL ] SELECT `id`,`name` FROM `lib_label_list` WHERE  `status` = 1  AND `isdelete` = 0 [ RunTime:0.000221s ]
[ sql ] [ SQL ] SHOW COLUMNS FROM `lib_label_article` [ RunTime:0.000616s ]
[ sql ] [ SQL ] SELECT `id`,`name`,`read_account` FROM `lib_label_article` WHERE  `status` = 1  AND `isdelete` = 0 ORDER BY `read_account` DESC,`id` LIMIT 5 [ RunTime:0.000183s ]
[ sql ] [ SQL ] SELECT `id` FROM `lib_label_list` WHERE  `status` = 1  AND `isdelete` = 0 [ RunTime:0.000176s ]
[ sql ] [ SQL ] SELECT COUNT(*) AS tp_count FROM `lib_label_article` WHERE  `label_id` IN (1,2) LIMIT 1 [ RunTime:0.000196s ]
[ sql ] [ SQL ] SELECT `id`,`name`,`read_account`,`label_id`,`author_id`,`create_time` FROM `lib_label_article` WHERE  `label_id` IN (1,2) ORDER BY `create_time` DESC LIMIT 0,5 [ RunTime:0.000178s ]
[ sql ] [ SQL ] SELECT `name` FROM `lib_label_list` WHERE  `id` = 1 LIMIT 1 [ RunTime:0.000182s ]
[ sql ] [ SQL ] SHOW COLUMNS FROM `lib_admin_user` [ RunTime:0.000590s ]
[ sql ] [ SQL ] SELECT `account` FROM `lib_admin_user` WHERE  `id` = 1 LIMIT 1 [ RunTime:0.000187s ]
[ sql ] [ SQL ] SELECT `name` FROM `lib_label_list` WHERE  `id` = 2 LIMIT 1 [ RunTime:0.000162s ]
[ sql ] [ SQL ] SELECT `account` FROM `lib_admin_user` WHERE  `id` = 1 LIMIT 1 [ RunTime:0.000159s ]
[ sql ] [ SQL ] SELECT `name` FROM `lib_label_list` WHERE  `id` = 2 LIMIT 1 [ RunTime:0.000159s ]
[ sql ] [ SQL ] SELECT `account` FROM `lib_admin_user` WHERE  `id` = 1 LIMIT 1 [ RunTime:0.000155s ]
[ sql ] [ SQL ] SELECT `name` FROM `lib_label_list` WHERE  `id` = 1 LIMIT 1 [ RunTime:0.000156s ]
[ sql ] [ SQL ] SELECT `account` FROM `lib_admin_user` WHERE  `id` = 1 LIMIT 1 [ RunTime:0.000160s ]
[ sql ] [ SQL ] SELECT `name` FROM `lib_label_list` WHERE  `id` = 2 LIMIT 1 [ RunTime:0.000168s ]
[ sql ] [ SQL ] SELECT `account` FROM `lib_admin_user` WHERE  `id` = 1 LIMIT 1 [ RunTime:0.000170s ]
---------------------------------------------------------------
[ 2018-09-27T09:15:01+08:00 ] 109.94.226.140 GET /
[ sql ] [ DB ] CONNECT:[ UseTime:0.000668s ] mysql:host=127.0.0.1;dbname=lib;charset=utf8
[ sql ] [ SQL ] SHOW COLUMNS FROM `lib_label_list` [ RunTime:0.040135s ]
[ sql ] [ SQL ] SELECT `id`,`name` FROM `lib_label_list` WHERE  `status` = 1  AND `isdelete` = 0 [ RunTime:0.000357s ]
[ sql ] [ SQL ] SHOW COLUMNS FROM `lib_label_article` [ RunTime:0.000884s ]
[ sql ] [ SQL ] SELECT `id`,`name`,`read_account` FROM `lib_label_article` WHERE  `status` = 1  AND `isdelete` = 0 ORDER BY `read_account` DESC,`id` LIMIT 5 [ RunTime:0.000194s ]
[ sql ] [ SQL ] SELECT `id` FROM `lib_label_list` WHERE  `status` = 1  AND `isdelete` = 0 [ RunTime:0.000158s ]
[ sql ] [ SQL ] SELECT COUNT(*) AS tp_count FROM `lib_label_article` WHERE  `label_id` IN (1,2) LIMIT 1 [ RunTime:0.000184s ]
[ sql ] [ SQL ] SELECT `id`,`name`,`read_account`,`label_id`,`author_id`,`create_time` FROM `lib_label_article` WHERE  `label_id` IN (1,2) ORDER BY `create_time` DESC LIMIT 0,5 [ RunTime:0.000204s ]
[ sql ] [ SQL ] SELECT `name` FROM `lib_label_list` WHERE  `id` = 1 LIMIT 1 [ RunTime:0.000171s ]
[ sql ] [ SQL ] SHOW COLUMNS FROM `lib_admin_user` [ RunTime:0.000823s ]
[ sql ] [ SQL ] SELECT `account` FROM `lib_admin_user` WHERE  `id` = 1 LIMIT 1 [ RunTime:0.000170s ]
[ sql ] [ SQL ] SELECT `name` FROM `lib_label_list` WHERE  `id` = 2 LIMIT 1 [ RunTime:0.000153s ]
[ sql ] [ SQL ] SELECT `account` FROM `lib_admin_user` WHERE  `id` = 1 LIMIT 1 [ RunTime:0.000184s ]
[ sql ] [ SQL ] SELECT `name` FROM `lib_label_list` WHERE  `id` = 2 LIMIT 1 [ RunTime:0.000170s ]
[ sql ] [ SQL ] SELECT `account` FROM `lib_admin_user` WHERE  `id` = 1 LIMIT 1 [ RunTime:0.000146s ]
[ sql ] [ SQL ] SELECT `name` FROM `lib_label_list` WHERE  `id` = 1 LIMIT 1 [ RunTime:0.000157s ]
[ sql ] [ SQL ] SELECT `account` FROM `lib_admin_user` WHERE  `id` = 1 LIMIT 1 [ RunTime:0.000167s ]
[ sql ] [ SQL ] SELECT `name` FROM `lib_label_list` WHERE  `id` = 2 LIMIT 1 [ RunTime:0.000144s ]
[ sql ] [ SQL ] SELECT `account` FROM `lib_admin_user` WHERE  `id` = 1 LIMIT 1 [ RunTime:0.000144s ]
---------------------------------------------------------------
[ 2018-09-27T10:02:09+08:00 ] 138.118.84.95 GET /
[ sql ] [ DB ] CONNECT:[ UseTime:0.000655s ] mysql:host=127.0.0.1;dbname=lib;charset=utf8
[ sql ] [ SQL ] SHOW COLUMNS FROM `lib_label_list` [ RunTime:0.001605s ]
[ sql ] [ SQL ] SELECT `id`,`name` FROM `lib_label_list` WHERE  `status` = 1  AND `isdelete` = 0 [ RunTime:0.000245s ]
[ sql ] [ SQL ] SHOW COLUMNS FROM `lib_label_article` [ RunTime:0.000583s ]
[ sql ] [ SQL ] SELECT `id`,`name`,`read_account` FROM `lib_label_article` WHERE  `status` = 1  AND `isdelete` = 0 ORDER BY `read_account` DESC,`id` LIMIT 5 [ RunTime:0.000198s ]
[ sql ] [ SQL ] SELECT `id` FROM `lib_label_list` WHERE  `status` = 1  AND `isdelete` = 0 [ RunTime:0.000165s ]
[ sql ] [ SQL ] SELECT COUNT(*) AS tp_count FROM `lib_label_article` WHERE  `label_id` IN (1,2) LIMIT 1 [ RunTime:0.000198s ]
[ sql ] [ SQL ] SELECT `id`,`name`,`read_account`,`label_id`,`author_id`,`create_time` FROM `lib_label_article` WHERE  `label_id` IN (1,2) ORDER BY `create_time` DESC LIMIT 0,5 [ RunTime:0.000173s ]
[ sql ] [ SQL ] SELECT `name` FROM `lib_label_list` WHERE  `id` = 1 LIMIT 1 [ RunTime:0.000247s ]
[ sql ] [ SQL ] SHOW COLUMNS FROM `lib_admin_user` [ RunTime:0.000665s ]
[ sql ] [ SQL ] SELECT `account` FROM `lib_admin_user` WHERE  `id` = 1 LIMIT 1 [ RunTime:0.000153s ]
[ sql ] [ SQL ] SELECT `name` FROM `lib_label_list` WHERE  `id` = 2 LIMIT 1 [ RunTime:0.000157s ]
[ sql ] [ SQL ] SELECT `account` FROM `lib_admin_user` WHERE  `id` = 1 LIMIT 1 [ RunTime:0.000150s ]
[ sql ] [ SQL ] SELECT `name` FROM `lib_label_list` WHERE  `id` = 2 LIMIT 1 [ RunTime:0.000162s ]
[ sql ] [ SQL ] SELECT `account` FROM `lib_admin_user` WHERE  `id` = 1 LIMIT 1 [ RunTime:0.000186s ]
[ sql ] [ SQL ] SELECT `name` FROM `lib_label_list` WHERE  `id` = 1 LIMIT 1 [ RunTime:0.000148s ]
[ sql ] [ SQL ] SELECT `account` FROM `lib_admin_user` WHERE  `id` = 1 LIMIT 1 [ RunTime:0.000170s ]
[ sql ] [ SQL ] SELECT `name` FROM `lib_label_list` WHERE  `id` = 2 LIMIT 1 [ RunTime:0.000161s ]
[ sql ] [ SQL ] SELECT `account` FROM `lib_admin_user` WHERE  `id` = 1 LIMIT 1 [ RunTime:0.000147s ]
---------------------------------------------------------------
[ 2018-09-27T10:24:55+08:00 ] 72.28.204.128 GET /
[ sql ] [ DB ] CONNECT:[ UseTime:0.000610s ] mysql:host=127.0.0.1;dbname=lib;charset=utf8
[ sql ] [ SQL ] SHOW COLUMNS FROM `lib_label_list` [ RunTime:0.001357s ]
[ sql ] [ SQL ] SELECT `id`,`name` FROM `lib_label_list` WHERE  `status` = 1  AND `isdelete` = 0 [ RunTime:0.000217s ]
[ sql ] [ SQL ] SHOW COLUMNS FROM `lib_label_article` [ RunTime:0.000596s ]
[ sql ] [ SQL ] SELECT `id`,`name`,`read_account` FROM `lib_label_article` WHERE  `status` = 1  AND `isdelete` = 0 ORDER BY `read_account` DESC,`id` LIMIT 5 [ RunTime:0.000204s ]
[ sql ] [ SQL ] SELECT `id` FROM `lib_label_list` WHERE  `status` = 1  AND `isdelete` = 0 [ RunTime:0.000164s ]
[ sql ] [ SQL ] SELECT COUNT(*) AS tp_count FROM `lib_label_article` WHERE  `label_id` IN (1,2) LIMIT 1 [ RunTime:0.000244s ]
[ sql ] [ SQL ] SELECT `id`,`name`,`read_account`,`label_id`,`author_id`,`create_time` FROM `lib_label_article` WHERE  `label_id` IN (1,2) ORDER BY `create_time` DESC LIMIT 0,5 [ RunTime:0.000192s ]
[ sql ] [ SQL ] SELECT `name` FROM `lib_label_list` WHERE  `id` = 1 LIMIT 1 [ RunTime:0.000195s ]
[ sql ] [ SQL ] SHOW COLUMNS FROM `lib_admin_user` [ RunTime:0.000597s ]
[ sql ] [ SQL ] SELECT `account` FROM `lib_admin_user` WHERE  `id` = 1 LIMIT 1 [ RunTime:0.000179s ]
[ sql ] [ SQL ] SELECT `name` FROM `lib_label_list` WHERE  `id` = 2 LIMIT 1 [ RunTime:0.000185s ]
[ sql ] [ SQL ] SELECT `account` FROM `lib_admin_user` WHERE  `id` = 1 LIMIT 1 [ RunTime:0.000171s ]
[ sql ] [ SQL ] SELECT `name` FROM `lib_label_list` WHERE  `id` = 2 LIMIT 1 [ RunTime:0.000156s ]
[ sql ] [ SQL ] SELECT `account` FROM `lib_admin_user` WHERE  `id` = 1 LIMIT 1 [ RunTime:0.000158s ]
[ sql ] [ SQL ] SELECT `name` FROM `lib_label_list` WHERE  `id` = 1 LIMIT 1 [ RunTime:0.000169s ]
[ sql ] [ SQL ] SELECT `account` FROM `lib_admin_user` WHERE  `id` = 1 LIMIT 1 [ RunTime:0.000155s ]
[ sql ] [ SQL ] SELECT `name` FROM `lib_label_list` WHERE  `id` = 2 LIMIT 1 [ RunTime:0.000158s ]
[ sql ] [ SQL ] SELECT `account` FROM `lib_admin_user` WHERE  `id` = 1 LIMIT 1 [ RunTime:0.000157s ]
---------------------------------------------------------------
[ 2018-09-27T10:33:11+08:00 ] 47.41.244.56 GET /
[ sql ] [ DB ] CONNECT:[ UseTime:0.000702s ] mysql:host=127.0.0.1;dbname=lib;charset=utf8
[ sql ] [ SQL ] SHOW COLUMNS FROM `lib_label_list` [ RunTime:0.000777s ]
[ sql ] [ SQL ] SELECT `id`,`name` FROM `lib_label_list` WHERE  `status` = 1  AND `isdelete` = 0 [ RunTime:0.000206s ]
[ sql ] [ SQL ] SHOW COLUMNS FROM `lib_label_article` [ RunTime:0.000584s ]
[ sql ] [ SQL ] SELECT `id`,`name`,`read_account` FROM `lib_label_article` WHERE  `status` = 1  AND `isdelete` = 0 ORDER BY `read_account` DESC,`id` LIMIT 5 [ RunTime:0.000173s ]
[ sql ] [ SQL ] SELECT `id` FROM `lib_label_list` WHERE  `status` = 1  AND `isdelete` = 0 [ RunTime:0.000152s ]
[ sql ] [ SQL ] SELECT COUNT(*) AS tp_count FROM `lib_label_article` WHERE  `label_id` IN (1,2) LIMIT 1 [ RunTime:0.000185s ]
[ sql ] [ SQL ] SELECT `id`,`name`,`read_account`,`label_id`,`author_id`,`create_time` FROM `lib_label_article` WHERE  `label_id` IN (1,2) ORDER BY `create_time` DESC LIMIT 0,5 [ RunTime:0.000166s ]
[ sql ] [ SQL ] SELECT `name` FROM `lib_label_list` WHERE  `id` = 1 LIMIT 1 [ RunTime:0.000171s ]
[ sql ] [ SQL ] SHOW COLUMNS FROM `lib_admin_user` [ RunTime:0.000558s ]
[ sql ] [ SQL ] SELECT `account` FROM `lib_admin_user` WHERE  `id` = 1 LIMIT 1 [ RunTime:0.000174s ]
[ sql ] [ SQL ] SELECT `name` FROM `lib_label_list` WHERE  `id` = 2 LIMIT 1 [ RunTime:0.000152s ]
[ sql ] [ SQL ] SELECT `account` FROM `lib_admin_user` WHERE  `id` = 1 LIMIT 1 [ RunTime:0.000147s ]
[ sql ] [ SQL ] SELECT `name` FROM `lib_label_list` WHERE  `id` = 2 LIMIT 1 [ RunTime:0.000167s ]
[ sql ] [ SQL ] SELECT `account` FROM `lib_admin_user` WHERE  `id` = 1 LIMIT 1 [ RunTime:0.000149s ]
[ sql ] [ SQL ] SELECT `name` FROM `lib_label_list` WHERE  `id` = 1 LIMIT 1 [ RunTime:0.000145s ]
[ sql ] [ SQL ] SELECT `account` FROM `lib_admin_user` WHERE  `id` = 1 LIMIT 1 [ RunTime:0.000149s ]
[ sql ] [ SQL ] SELECT `name` FROM `lib_label_list` WHERE  `id` = 2 LIMIT 1 [ RunTime:0.000164s ]
[ sql ] [ SQL ] SELECT `account` FROM `lib_admin_user` WHERE  `id` = 1 LIMIT 1 [ RunTime:0.000146s ]
---------------------------------------------------------------
[ 2018-09-27T11:05:39+08:00 ] 217.112.129.1 GET /
[ sql ] [ DB ] CONNECT:[ UseTime:0.000659s ] mysql:host=127.0.0.1;dbname=lib;charset=utf8
[ sql ] [ SQL ] SHOW COLUMNS FROM `lib_label_list` [ RunTime:0.001320s ]
[ sql ] [ SQL ] SELECT `id`,`name` FROM `lib_label_list` WHERE  `status` = 1  AND `isdelete` = 0 [ RunTime:0.000213s ]
[ sql ] [ SQL ] SHOW COLUMNS FROM `lib_label_article` [ RunTime:0.000592s ]
[ sql ] [ SQL ] SELECT `id`,`name`,`read_account` FROM `lib_label_article` WHERE  `status` = 1  AND `isdelete` = 0 ORDER BY `read_account` DESC,`id` LIMIT 5 [ RunTime:0.000174s ]
[ sql ] [ SQL ] SELECT `id` FROM `lib_label_list` WHERE  `status` = 1  AND `isdelete` = 0 [ RunTime:0.000156s ]
[ sql ] [ SQL ] SELECT COUNT(*) AS tp_count FROM `lib_label_article` WHERE  `label_id` IN (1,2) LIMIT 1 [ RunTime:0.000200s ]
[ sql ] [ SQL ] SELECT `id`,`name`,`read_account`,`label_id`,`author_id`,`create_time` FROM `lib_label_article` WHERE  `label_id` IN (1,2) ORDER BY `create_time` DESC LIMIT 0,5 [ RunTime:0.000170s ]
[ sql ] [ SQL ] SELECT `name` FROM `lib_label_list` WHERE  `id` = 1 LIMIT 1 [ RunTime:0.000172s ]
[ sql ] [ SQL ] SHOW COLUMNS FROM `lib_admin_user` [ RunTime:0.000578s ]
[ sql ] [ SQL ] SELECT `account` FROM `lib_admin_user` WHERE  `id` = 1 LIMIT 1 [ RunTime:0.000153s ]
[ sql ] [ SQL ] SELECT `name` FROM `lib_label_list` WHERE  `id` = 2 LIMIT 1 [ RunTime:0.000157s ]
[ sql ] [ SQL ] SELECT `account` FROM `lib_admin_user` WHERE  `id` = 1 LIMIT 1 [ RunTime:0.000150s ]
[ sql ] [ SQL ] SELECT `name` FROM `lib_label_list` WHERE  `id` = 2 LIMIT 1 [ RunTime:0.000167s ]
[ sql ] [ SQL ] SELECT `account` FROM `lib_admin_user` WHERE  `id` = 1 LIMIT 1 [ RunTime:0.000148s ]
[ sql ] [ SQL ] SELECT `name` FROM `lib_label_list` WHERE  `id` = 1 LIMIT 1 [ RunTime:0.000148s ]
[ sql ] [ SQL ] SELECT `account` FROM `lib_admin_user` WHERE  `id` = 1 LIMIT 1 [ RunTime:0.000167s ]
[ sql ] [ SQL ] SELECT `name` FROM `lib_label_list` WHERE  `id` = 2 LIMIT 1 [ RunTime:0.000147s ]
[ sql ] [ SQL ] SELECT `account` FROM `lib_admin_user` WHERE  `id` = 1 LIMIT 1 [ RunTime:0.000148s ]
---------------------------------------------------------------
[ 2018-09-27T12:04:43+08:00 ] 187.0.56.225 GET /
[ sql ] [ DB ] CONNECT:[ UseTime:0.000626s ] mysql:host=127.0.0.1;dbname=lib;charset=utf8
[ sql ] [ SQL ] SHOW COLUMNS FROM `lib_label_list` [ RunTime:0.001319s ]
[ sql ] [ SQL ] SELECT `id`,`name` FROM `lib_label_list` WHERE  `status` = 1  AND `isdelete` = 0 [ RunTime:0.000229s ]
[ sql ] [ SQL ] SHOW COLUMNS FROM `lib_label_article` [ RunTime:0.000624s ]
[ sql ] [ SQL ] SELECT `id`,`name`,`read_account` FROM `lib_label_article` WHERE  `status` = 1  AND `isdelete` = 0 ORDER BY `read_account` DESC,`id` LIMIT 5 [ RunTime:0.000198s ]
[ sql ] [ SQL ] SELECT `id` FROM `lib_label_list` WHERE  `status` = 1  AND `isdelete` = 0 [ RunTime:0.000201s ]
[ sql ] [ SQL ] SELECT COUNT(*) AS tp_count FROM `lib_label_article` WHERE  `label_id` IN (1,2) LIMIT 1 [ RunTime:0.000205s ]
[ sql ] [ SQL ] SELECT `id`,`name`,`read_account`,`label_id`,`author_id`,`create_time` FROM `lib_label_article` WHERE  `label_id` IN (1,2) ORDER BY `create_time` DESC LIMIT 0,5 [ RunTime:0.000176s ]
[ sql ] [ SQL ] SELECT `name` FROM `lib_label_list` WHERE  `id` = 1 LIMIT 1 [ RunTime:0.000174s ]
[ sql ] [ SQL ] SHOW COLUMNS FROM `lib_admin_user` [ RunTime:0.000617s ]
[ sql ] [ SQL ] SELECT `account` FROM `lib_admin_user` WHERE  `id` = 1 LIMIT 1 [ RunTime:0.000177s ]
[ sql ] [ SQL ] SELECT `name` FROM `lib_label_list` WHERE  `id` = 2 LIMIT 1 [ RunTime:0.000154s ]
[ sql ] [ SQL ] SELECT `account` FROM `lib_admin_user` WHERE  `id` = 1 LIMIT 1 [ RunTime:0.000161s ]
[ sql ] [ SQL ] SELECT `name` FROM `lib_label_list` WHERE  `id` = 2 LIMIT 1 [ RunTime:0.000152s ]
[ sql ] [ SQL ] SELECT `account` FROM `lib_admin_user` WHERE  `id` = 1 LIMIT 1 [ RunTime:0.000161s ]
[ sql ] [ SQL ] SELECT `name` FROM `lib_label_list` WHERE  `id` = 1 LIMIT 1 [ RunTime:0.000150s ]
[ sql ] [ SQL ] SELECT `account` FROM `lib_admin_user` WHERE  `id` = 1 LIMIT 1 [ RunTime:0.000153s ]
[ sql ] [ SQL ] SELECT `name` FROM `lib_label_list` WHERE  `id` = 2 LIMIT 1 [ RunTime:0.000148s ]
[ sql ] [ SQL ] SELECT `account` FROM `lib_admin_user` WHERE  `id` = 1 LIMIT 1 [ RunTime:0.000171s ]
---------------------------------------------------------------
[ 2018-09-27T12:58:44+08:00 ] 92.62.66.59 GET /
[ sql ] [ DB ] CONNECT:[ UseTime:0.000626s ] mysql:host=127.0.0.1;dbname=lib;charset=utf8
[ sql ] [ SQL ] SHOW COLUMNS FROM `lib_label_list` [ RunTime:0.000735s ]
[ sql ] [ SQL ] SELECT `id`,`name` FROM `lib_label_list` WHERE  `status` = 1  AND `isdelete` = 0 [ RunTime:0.000205s ]
[ sql ] [ SQL ] SHOW COLUMNS FROM `lib_label_article` [ RunTime:0.000581s ]
[ sql ] [ SQL ] SELECT `id`,`name`,`read_account` FROM `lib_label_article` WHERE  `status` = 1  AND `isdelete` = 0 ORDER BY `read_account` DESC,`id` LIMIT 5 [ RunTime:0.000184s ]
[ sql ] [ SQL ] SELECT `id` FROM `lib_label_list` WHERE  `status` = 1  AND `isdelete` = 0 [ RunTime:0.000159s ]
[ sql ] [ SQL ] SELECT COUNT(*) AS tp_count FROM `lib_label_article` WHERE  `label_id` IN (1,2) LIMIT 1 [ RunTime:0.000188s ]
[ sql ] [ SQL ] SELECT `id`,`name`,`read_account`,`label_id`,`author_id`,`create_time` FROM `lib_label_article` WHERE  `label_id` IN (1,2) ORDER BY `create_time` DESC LIMIT 0,5 [ RunTime:0.000172s ]
[ sql ] [ SQL ] SELECT `name` FROM `lib_label_list` WHERE  `id` = 1 LIMIT 1 [ RunTime:0.000188s ]
[ sql ] [ SQL ] SHOW COLUMNS FROM `lib_admin_user` [ RunTime:0.000593s ]
[ sql ] [ SQL ] SELECT `account` FROM `lib_admin_user` WHERE  `id` = 1 LIMIT 1 [ RunTime:0.000154s ]
[ sql ] [ SQL ] SELECT `name` FROM `lib_label_list` WHERE  `id` = 2 LIMIT 1 [ RunTime:0.000165s ]
[ sql ] [ SQL ] SELECT `account` FROM `lib_admin_user` WHERE  `id` = 1 LIMIT 1 [ RunTime:0.000173s ]
[ sql ] [ SQL ] SELECT `name` FROM `lib_label_list` WHERE  `id` = 2 LIMIT 1 [ RunTime:0.000225s ]
[ sql ] [ SQL ] SELECT `account` FROM `lib_admin_user` WHERE  `id` = 1 LIMIT 1 [ RunTime:0.000160s ]
[ sql ] [ SQL ] SELECT `name` FROM `lib_label_list` WHERE  `id` = 1 LIMIT 1 [ RunTime:0.000160s ]
[ sql ] [ SQL ] SELECT `account` FROM `lib_admin_user` WHERE  `id` = 1 LIMIT 1 [ RunTime:0.000161s ]
[ sql ] [ SQL ] SELECT `name` FROM `lib_label_list` WHERE  `id` = 2 LIMIT 1 [ RunTime:0.000147s ]
[ sql ] [ SQL ] SELECT `account` FROM `lib_admin_user` WHERE  `id` = 1 LIMIT 1 [ RunTime:0.000149s ]
---------------------------------------------------------------
[ 2018-09-27T13:51:32+08:00 ] 35.233.214.154 GET /
[ sql ] [ DB ] CONNECT:[ UseTime:0.000643s ] mysql:host=127.0.0.1;dbname=lib;charset=utf8
[ sql ] [ SQL ] SHOW COLUMNS FROM `lib_label_list` [ RunTime:0.001404s ]
[ sql ] [ SQL ] SELECT `id`,`name` FROM `lib_label_list` WHERE  `status` = 1  AND `isdelete` = 0 [ RunTime:0.000221s ]
[ sql ] [ SQL ] SHOW COLUMNS FROM `lib_label_article` [ RunTime:0.000611s ]
[ sql ] [ SQL ] SELECT `id`,`name`,`read_account` FROM `lib_label_article` WHERE  `status` = 1  AND `isdelete` = 0 ORDER BY `read_account` DESC,`id` LIMIT 5 [ RunTime:0.000184s ]
[ sql ] [ SQL ] SELECT `id` FROM `lib_label_list` WHERE  `status` = 1  AND `isdelete` = 0 [ RunTime:0.000163s ]
[ sql ] [ SQL ] SELECT COUNT(*) AS tp_count FROM `lib_label_article` WHERE  `label_id` IN (1,2) LIMIT 1 [ RunTime:0.000339s ]
[ sql ] [ SQL ] SELECT `id`,`name`,`read_account`,`label_id`,`author_id`,`create_time` FROM `lib_label_article` WHERE  `label_id` IN (1,2) ORDER BY `create_time` DESC LIMIT 0,5 [ RunTime:0.000179s ]
[ sql ] [ SQL ] SELECT `name` FROM `lib_label_list` WHERE  `id` = 1 LIMIT 1 [ RunTime:0.000204s ]
[ sql ] [ SQL ] SHOW COLUMNS FROM `lib_admin_user` [ RunTime:0.000622s ]
[ sql ] [ SQL ] SELECT `account` FROM `lib_admin_user` WHERE  `id` = 1 LIMIT 1 [ RunTime:0.000168s ]
[ sql ] [ SQL ] SELECT `name` FROM `lib_label_list` WHERE  `id` = 2 LIMIT 1 [ RunTime:0.000173s ]
[ sql ] [ SQL ] SELECT `account` FROM `lib_admin_user` WHERE  `id` = 1 LIMIT 1 [ RunTime:0.000180s ]
[ sql ] [ SQL ] SELECT `name` FROM `lib_label_list` WHERE  `id` = 2 LIMIT 1 [ RunTime:0.000156s ]
[ sql ] [ SQL ] SELECT `account` FROM `lib_admin_user` WHERE  `id` = 1 LIMIT 1 [ RunTime:0.000156s ]
[ sql ] [ SQL ] SELECT `name` FROM `lib_label_list` WHERE  `id` = 1 LIMIT 1 [ RunTime:0.000177s ]
[ sql ] [ SQL ] SELECT `account` FROM `lib_admin_user` WHERE  `id` = 1 LIMIT 1 [ RunTime:0.000156s ]
[ sql ] [ SQL ] SELECT `name` FROM `lib_label_list` WHERE  `id` = 2 LIMIT 1 [ RunTime:0.000157s ]
[ sql ] [ SQL ] SELECT `account` FROM `lib_admin_user` WHERE  `id` = 1 LIMIT 1 [ RunTime:0.000157s ]
---------------------------------------------------------------
[ 2018-09-27T13:55:09+08:00 ] 79.135.76.28 GET /
[ sql ] [ DB ] CONNECT:[ UseTime:0.000683s ] mysql:host=127.0.0.1;dbname=lib;charset=utf8
[ sql ] [ SQL ] SHOW COLUMNS FROM `lib_label_list` [ RunTime:0.001369s ]
[ sql ] [ SQL ] SELECT `id`,`name` FROM `lib_label_list` WHERE  `status` = 1  AND `isdelete` = 0 [ RunTime:0.000217s ]
[ sql ] [ SQL ] SHOW COLUMNS FROM `lib_label_article` [ RunTime:0.000603s ]
[ sql ] [ SQL ] SELECT `id`,`name`,`read_account` FROM `lib_label_article` WHERE  `status` = 1  AND `isdelete` = 0 ORDER BY `read_account` DESC,`id` LIMIT 5 [ RunTime:0.000197s ]
[ sql ] [ SQL ] SELECT `id` FROM `lib_label_list` WHERE  `status` = 1  AND `isdelete` = 0 [ RunTime:0.000169s ]
[ sql ] [ SQL ] SELECT COUNT(*) AS tp_count FROM `lib_label_article` WHERE  `label_id` IN (1,2) LIMIT 1 [ RunTime:0.000223s ]
[ sql ] [ SQL ] SELECT `id`,`name`,`read_account`,`label_id`,`author_id`,`create_time` FROM `lib_label_article` WHERE  `label_id` IN (1,2) ORDER BY `create_time` DESC LIMIT 0,5 [ RunTime:0.000173s ]
[ sql ] [ SQL ] SELECT `name` FROM `lib_label_list` WHERE  `id` = 1 LIMIT 1 [ RunTime:0.000178s ]
[ sql ] [ SQL ] SHOW COLUMNS FROM `lib_admin_user` [ RunTime:0.000646s ]
[ sql ] [ SQL ] SELECT `account` FROM `lib_admin_user` WHERE  `id` = 1 LIMIT 1 [ RunTime:0.000160s ]
[ sql ] [ SQL ] SELECT `name` FROM `lib_label_list` WHERE  `id` = 2 LIMIT 1 [ RunTime:0.000168s ]
[ sql ] [ SQL ] SELECT `account` FROM `lib_admin_user` WHERE  `id` = 1 LIMIT 1 [ RunTime:0.000151s ]
[ sql ] [ SQL ] SELECT `name` FROM `lib_label_list` WHERE  `id` = 2 LIMIT 1 [ RunTime:0.000186s ]
[ sql ] [ SQL ] SELECT `account` FROM `lib_admin_user` WHERE  `id` = 1 LIMIT 1 [ RunTime:0.000155s ]
[ sql ] [ SQL ] SELECT `name` FROM `lib_label_list` WHERE  `id` = 1 LIMIT 1 [ RunTime:0.000171s ]
[ sql ] [ SQL ] SELECT `account` FROM `lib_admin_user` WHERE  `id` = 1 LIMIT 1 [ RunTime:0.000182s ]
[ sql ] [ SQL ] SELECT `name` FROM `lib_label_list` WHERE  `id` = 2 LIMIT 1 [ RunTime:0.000153s ]
[ sql ] [ SQL ] SELECT `account` FROM `lib_admin_user` WHERE  `id` = 1 LIMIT 1 [ RunTime:0.000168s ]
---------------------------------------------------------------
[ 2018-09-27T13:58:18+08:00 ] 95.78.228.51 GET /
[ sql ] [ DB ] CONNECT:[ UseTime:0.000651s ] mysql:host=127.0.0.1;dbname=lib;charset=utf8
[ sql ] [ SQL ] SHOW COLUMNS FROM `lib_label_list` [ RunTime:0.000752s ]
[ sql ] [ SQL ] SELECT `id`,`name` FROM `lib_label_list` WHERE  `status` = 1  AND `isdelete` = 0 [ RunTime:0.000235s ]
[ sql ] [ SQL ] SHOW COLUMNS FROM `lib_label_article` [ RunTime:0.000584s ]
[ sql ] [ SQL ] SELECT `id`,`name`,`read_account` FROM `lib_label_article` WHERE  `status` = 1  AND `isdelete` = 0 ORDER BY `read_account` DESC,`id` LIMIT 5 [ RunTime:0.000185s ]
[ sql ] [ SQL ] SELECT `id` FROM `lib_label_list` WHERE  `status` = 1  AND `isdelete` = 0 [ RunTime:0.000172s ]
[ sql ] [ SQL ] SELECT COUNT(*) AS tp_count FROM `lib_label_article` WHERE  `label_id` IN (1,2) LIMIT 1 [ RunTime:0.000196s ]
[ sql ] [ SQL ] SELECT `id`,`name`,`read_account`,`label_id`,`author_id`,`create_time` FROM `lib_label_article` WHERE  `label_id` IN (1,2) ORDER BY `create_time` DESC LIMIT 0,5 [ RunTime:0.000180s ]
[ sql ] [ SQL ] SELECT `name` FROM `lib_label_list` WHERE  `id` = 1 LIMIT 1 [ RunTime:0.000183s ]
[ sql ] [ SQL ] SHOW COLUMNS FROM `lib_admin_user` [ RunTime:0.000586s ]
[ sql ] [ SQL ] SELECT `account` FROM `lib_admin_user` WHERE  `id` = 1 LIMIT 1 [ RunTime:0.000161s ]
[ sql ] [ SQL ] SELECT `name` FROM `lib_label_list` WHERE  `id` = 2 LIMIT 1 [ RunTime:0.000163s ]
[ sql ] [ SQL ] SELECT `account` FROM `lib_admin_user` WHERE  `id` = 1 LIMIT 1 [ RunTime:0.000158s ]
[ sql ] [ SQL ] SELECT `name` FROM `lib_label_list` WHERE  `id` = 2 LIMIT 1 [ RunTime:0.000176s ]
[ sql ] [ SQL ] SELECT `account` FROM `lib_admin_user` WHERE  `id` = 1 LIMIT 1 [ RunTime:0.000156s ]
[ sql ] [ SQL ] SELECT `name` FROM `lib_label_list` WHERE  `id` = 1 LIMIT 1 [ RunTime:0.000155s ]
[ sql ] [ SQL ] SELECT `account` FROM `lib_admin_user` WHERE  `id` = 1 LIMIT 1 [ RunTime:0.000175s ]
[ sql ] [ SQL ] SELECT `name` FROM `lib_label_list` WHERE  `id` = 2 LIMIT 1 [ RunTime:0.000167s ]
[ sql ] [ SQL ] SELECT `account` FROM `lib_admin_user` WHERE  `id` = 1 LIMIT 1 [ RunTime:0.000154s ]
---------------------------------------------------------------
[ 2018-09-27T14:23:46+08:00 ] 190.94.149.28 GET /
[ sql ] [ DB ] CONNECT:[ UseTime:0.000636s ] mysql:host=127.0.0.1;dbname=lib;charset=utf8
[ sql ] [ SQL ] SHOW COLUMNS FROM `lib_label_list` [ RunTime:0.001331s ]
[ sql ] [ SQL ] SELECT `id`,`name` FROM `lib_label_list` WHERE  `status` = 1  AND `isdelete` = 0 [ RunTime:0.000216s ]
[ sql ] [ SQL ] SHOW COLUMNS FROM `lib_label_article` [ RunTime:0.000588s ]
[ sql ] [ SQL ] SELECT `id`,`name`,`read_account` FROM `lib_label_article` WHERE  `status` = 1  AND `isdelete` = 0 ORDER BY `read_account` DESC,`id` LIMIT 5 [ RunTime:0.000188s ]
[ sql ] [ SQL ] SELECT `id` FROM `lib_label_list` WHERE  `status` = 1  AND `isdelete` = 0 [ RunTime:0.000157s ]
[ sql ] [ SQL ] SELECT COUNT(*) AS tp_count FROM `lib_label_article` WHERE  `label_id` IN (1,2) LIMIT 1 [ RunTime:0.000201s ]
[ sql ] [ SQL ] SELECT `id`,`name`,`read_account`,`label_id`,`author_id`,`create_time` FROM `lib_label_article` WHERE  `label_id` IN (1,2) ORDER BY `create_time` DESC LIMIT 0,5 [ RunTime:0.000171s ]
[ sql ] [ SQL ] SELECT `name` FROM `lib_label_list` WHERE  `id` = 1 LIMIT 1 [ RunTime:0.000172s ]
[ sql ] [ SQL ] SHOW COLUMNS FROM `lib_admin_user` [ RunTime:0.000578s ]
[ sql ] [ SQL ] SELECT `account` FROM `lib_admin_user` WHERE  `id` = 1 LIMIT 1 [ RunTime:0.000175s ]
[ sql ] [ SQL ] SELECT `name` FROM `lib_label_list` WHERE  `id` = 2 LIMIT 1 [ RunTime:0.000156s ]
[ sql ] [ SQL ] SELECT `account` FROM `lib_admin_user` WHERE  `id` = 1 LIMIT 1 [ RunTime:0.000150s ]
[ sql ] [ SQL ] SELECT `name` FROM `lib_label_list` WHERE  `id` = 2 LIMIT 1 [ RunTime:0.000170s ]
[ sql ] [ SQL ] SELECT `account` FROM `lib_admin_user` WHERE  `id` = 1 LIMIT 1 [ RunTime:0.000150s ]
[ sql ] [ SQL ] SELECT `name` FROM `lib_label_list` WHERE  `id` = 1 LIMIT 1 [ RunTime:0.000149s ]
[ sql ] [ SQL ] SELECT `account` FROM `lib_admin_user` WHERE  `id` = 1 LIMIT 1 [ RunTime:0.000168s ]
[ sql ] [ SQL ] SELECT `name` FROM `lib_label_list` WHERE  `id` = 2 LIMIT 1 [ RunTime:0.000147s ]
[ sql ] [ SQL ] SELECT `account` FROM `lib_admin_user` WHERE  `id` = 1 LIMIT 1 [ RunTime:0.000147s ]
---------------------------------------------------------------
[ 2018-09-27T15:18:55+08:00 ] 168.253.232.128 GET /
[ sql ] [ DB ] CONNECT:[ UseTime:0.000715s ] mysql:host=127.0.0.1;dbname=lib;charset=utf8
[ sql ] [ SQL ] SHOW COLUMNS FROM `lib_label_list` [ RunTime:0.001371s ]
[ sql ] [ SQL ] SELECT `id`,`name` FROM `lib_label_list` WHERE  `status` = 1  AND `isdelete` = 0 [ RunTime:0.000228s ]
[ sql ] [ SQL ] SHOW COLUMNS FROM `lib_label_article` [ RunTime:0.000639s ]
[ sql ] [ SQL ] SELECT `id`,`name`,`read_account` FROM `lib_label_article` WHERE  `status` = 1  AND `isdelete` = 0 ORDER BY `read_account` DESC,`id` LIMIT 5 [ RunTime:0.000217s ]
[ sql ] [ SQL ] SELECT `id` FROM `lib_label_list` WHERE  `status` = 1  AND `isdelete` = 0 [ RunTime:0.000178s ]
[ sql ] [ SQL ] SELECT COUNT(*) AS tp_count FROM `lib_label_article` WHERE  `label_id` IN (1,2) LIMIT 1 [ RunTime:0.000208s ]
[ sql ] [ SQL ] SELECT `id`,`name`,`read_account`,`label_id`,`author_id`,`create_time` FROM `lib_label_article` WHERE  `label_id` IN (1,2) ORDER BY `create_time` DESC LIMIT 0,5 [ RunTime:0.000168s ]
[ sql ] [ SQL ] SELECT `name` FROM `lib_label_list` WHERE  `id` = 1 LIMIT 1 [ RunTime:0.000173s ]
[ sql ] [ SQL ] SHOW COLUMNS FROM `lib_admin_user` [ RunTime:0.000585s ]
[ sql ] [ SQL ] SELECT `account` FROM `lib_admin_user` WHERE  `id` = 1 LIMIT 1 [ RunTime:0.000203s ]
[ sql ] [ SQL ] SELECT `name` FROM `lib_label_list` WHERE  `id` = 2 LIMIT 1 [ RunTime:0.000177s ]
[ sql ] [ SQL ] SELECT `account` FROM `lib_admin_user` WHERE  `id` = 1 LIMIT 1 [ RunTime:0.000152s ]
[ sql ] [ SQL ] SELECT `name` FROM `lib_label_list` WHERE  `id` = 2 LIMIT 1 [ RunTime:0.000184s ]
[ sql ] [ SQL ] SELECT `account` FROM `lib_admin_user` WHERE  `id` = 1 LIMIT 1 [ RunTime:0.000170s ]
[ sql ] [ SQL ] SELECT `name` FROM `lib_label_list` WHERE  `id` = 1 LIMIT 1 [ RunTime:0.000149s ]
[ sql ] [ SQL ] SELECT `account` FROM `lib_admin_user` WHERE  `id` = 1 LIMIT 1 [ RunTime:0.000154s ]
[ sql ] [ SQL ] SELECT `name` FROM `lib_label_list` WHERE  `id` = 2 LIMIT 1 [ RunTime:0.000150s ]
[ sql ] [ SQL ] SELECT `account` FROM `lib_admin_user` WHERE  `id` = 1 LIMIT 1 [ RunTime:0.000149s ]
---------------------------------------------------------------
[ 2018-09-27T15:56:20+08:00 ] 164.215.204.131 GET /
[ sql ] [ DB ] CONNECT:[ UseTime:0.000657s ] mysql:host=127.0.0.1;dbname=lib;charset=utf8
[ sql ] [ SQL ] SHOW COLUMNS FROM `lib_label_list` [ RunTime:0.001359s ]
[ sql ] [ SQL ] SELECT `id`,`name` FROM `lib_label_list` WHERE  `status` = 1  AND `isdelete` = 0 [ RunTime:0.000233s ]
[ sql ] [ SQL ] SHOW COLUMNS FROM `lib_label_article` [ RunTime:0.000601s ]
[ sql ] [ SQL ] SELECT `id`,`name`,`read_account` FROM `lib_label_article` WHERE  `status` = 1  AND `isdelete` = 0 ORDER BY `read_account` DESC,`id` LIMIT 5 [ RunTime:0.000195s ]
[ sql ] [ SQL ] SELECT `id` FROM `lib_label_list` WHERE  `status` = 1  AND `isdelete` = 0 [ RunTime:0.000185s ]
[ sql ] [ SQL ] SELECT COUNT(*) AS tp_count FROM `lib_label_article` WHERE  `label_id` IN (1,2) LIMIT 1 [ RunTime:0.000197s ]
[ sql ] [ SQL ] SELECT `id`,`name`,`read_account`,`label_id`,`author_id`,`create_time` FROM `lib_label_article` WHERE  `label_id` IN (1,2) ORDER BY `create_time` DESC LIMIT 0,5 [ RunTime:0.000182s ]
[ sql ] [ SQL ] SELECT `name` FROM `lib_label_list` WHERE  `id` = 1 LIMIT 1 [ RunTime:0.000183s ]
[ sql ] [ SQL ] SHOW COLUMNS FROM `lib_admin_user` [ RunTime:0.000618s ]
[ sql ] [ SQL ] SELECT `account` FROM `lib_admin_user` WHERE  `id` = 1 LIMIT 1 [ RunTime:0.000163s ]
[ sql ] [ SQL ] SELECT `name` FROM `lib_label_list` WHERE  `id` = 2 LIMIT 1 [ RunTime:0.000162s ]
[ sql ] [ SQL ] SELECT `account` FROM `lib_admin_user` WHERE  `id` = 1 LIMIT 1 [ RunTime:0.000163s ]
[ sql ] [ SQL ] SELECT `name` FROM `lib_label_list` WHERE  `id` = 2 LIMIT 1 [ RunTime:0.000170s ]
[ sql ] [ SQL ] SELECT `account` FROM `lib_admin_user` WHERE  `id` = 1 LIMIT 1 [ RunTime:0.000181s ]
[ sql ] [ SQL ] SELECT `name` FROM `lib_label_list` WHERE  `id` = 1 LIMIT 1 [ RunTime:0.000157s ]
[ sql ] [ SQL ] SELECT `account` FROM `lib_admin_user` WHERE  `id` = 1 LIMIT 1 [ RunTime:0.000170s ]
[ sql ] [ SQL ] SELECT `name` FROM `lib_label_list` WHERE  `id` = 2 LIMIT 1 [ RunTime:0.000173s ]
[ sql ] [ SQL ] SELECT `account` FROM `lib_admin_user` WHERE  `id` = 1 LIMIT 1 [ RunTime:0.000157s ]
---------------------------------------------------------------
[ 2018-09-27T16:23:17+08:00 ] 24.179.235.246 GET /
[ sql ] [ DB ] CONNECT:[ UseTime:0.000621s ] mysql:host=127.0.0.1;dbname=lib;charset=utf8
[ sql ] [ SQL ] SHOW COLUMNS FROM `lib_label_list` [ RunTime:0.002240s ]
[ sql ] [ SQL ] SELECT `id`,`name` FROM `lib_label_list` WHERE  `status` = 1  AND `isdelete` = 0 [ RunTime:0.000220s ]
[ sql ] [ SQL ] SHOW COLUMNS FROM `lib_label_article` [ RunTime:0.000583s ]
[ sql ] [ SQL ] SELECT `id`,`name`,`read_account` FROM `lib_label_article` WHERE  `status` = 1  AND `isdelete` = 0 ORDER BY `read_account` DESC,`id` LIMIT 5 [ RunTime:0.000194s ]
[ sql ] [ SQL ] SELECT `id` FROM `lib_label_list` WHERE  `status` = 1  AND `isdelete` = 0 [ RunTime:0.000262s ]
[ sql ] [ SQL ] SELECT COUNT(*) AS tp_count FROM `lib_label_article` WHERE  `label_id` IN (1,2) LIMIT 1 [ RunTime:0.000193s ]
[ sql ] [ SQL ] SELECT `id`,`name`,`read_account`,`label_id`,`author_id`,`create_time` FROM `lib_label_article` WHERE  `label_id` IN (1,2) ORDER BY `create_time` DESC LIMIT 0,5 [ RunTime:0.000187s ]
[ sql ] [ SQL ] SELECT `name` FROM `lib_label_list` WHERE  `id` = 1 LIMIT 1 [ RunTime:0.000187s ]
[ sql ] [ SQL ] SHOW COLUMNS FROM `lib_admin_user` [ RunTime:0.000600s ]
[ sql ] [ SQL ] SELECT `account` FROM `lib_admin_user` WHERE  `id` = 1 LIMIT 1 [ RunTime:0.000157s ]
[ sql ] [ SQL ] SELECT `name` FROM `lib_label_list` WHERE  `id` = 2 LIMIT 1 [ RunTime:0.000157s ]
[ sql ] [ SQL ] SELECT `account` FROM `lib_admin_user` WHERE  `id` = 1 LIMIT 1 [ RunTime:0.000156s ]
[ sql ] [ SQL ] SELECT `name` FROM `lib_label_list` WHERE  `id` = 2 LIMIT 1 [ RunTime:0.000152s ]
[ sql ] [ SQL ] SELECT `account` FROM `lib_admin_user` WHERE  `id` = 1 LIMIT 1 [ RunTime:0.000156s ]
[ sql ] [ SQL ] SELECT `name` FROM `lib_label_list` WHERE  `id` = 1 LIMIT 1 [ RunTime:0.000163s ]
[ sql ] [ SQL ] SELECT `account` FROM `lib_admin_user` WHERE  `id` = 1 LIMIT 1 [ RunTime:0.000150s ]
[ sql ] [ SQL ] SELECT `name` FROM `lib_label_list` WHERE  `id` = 2 LIMIT 1 [ RunTime:0.000153s ]
[ sql ] [ SQL ] SELECT `account` FROM `lib_admin_user` WHERE  `id` = 1 LIMIT 1 [ RunTime:0.000162s ]
---------------------------------------------------------------
[ 2018-09-27T17:10:13+08:00 ] 46.148.133.210 GET /
[ sql ] [ DB ] CONNECT:[ UseTime:0.000643s ] mysql:host=127.0.0.1;dbname=lib;charset=utf8
[ sql ] [ SQL ] SHOW COLUMNS FROM `lib_label_list` [ RunTime:0.000757s ]
[ sql ] [ SQL ] SELECT `id`,`name` FROM `lib_label_list` WHERE  `status` = 1  AND `isdelete` = 0 [ RunTime:0.000227s ]
[ sql ] [ SQL ] SHOW COLUMNS FROM `lib_label_article` [ RunTime:0.000598s ]
[ sql ] [ SQL ] SELECT `id`,`name`,`read_account` FROM `lib_label_article` WHERE  `status` = 1  AND `isdelete` = 0 ORDER BY `read_account` DESC,`id` LIMIT 5 [ RunTime:0.000196s ]
[ sql ] [ SQL ] SELECT `id` FROM `lib_label_list` WHERE  `status` = 1  AND `isdelete` = 0 [ RunTime:0.000161s ]
[ sql ] [ SQL ] SELECT COUNT(*) AS tp_count FROM `lib_label_article` WHERE  `label_id` IN (1,2) LIMIT 1 [ RunTime:0.000196s ]
[ sql ] [ SQL ] SELECT `id`,`name`,`read_account`,`label_id`,`author_id`,`create_time` FROM `lib_label_article` WHERE  `label_id` IN (1,2) ORDER BY `create_time` DESC LIMIT 0,5 [ RunTime:0.000186s ]
[ sql ] [ SQL ] SELECT `name` FROM `lib_label_list` WHERE  `id` = 1 LIMIT 1 [ RunTime:0.000204s ]
[ sql ] [ SQL ] SHOW COLUMNS FROM `lib_admin_user` [ RunTime:0.000594s ]
[ sql ] [ SQL ] SELECT `account` FROM `lib_admin_user` WHERE  `id` = 1 LIMIT 1 [ RunTime:0.000165s ]
[ sql ] [ SQL ] SELECT `name` FROM `lib_label_list` WHERE  `id` = 2 LIMIT 1 [ RunTime:0.000162s ]
[ sql ] [ SQL ] SELECT `account` FROM `lib_admin_user` WHERE  `id` = 1 LIMIT 1 [ RunTime:0.000174s ]
[ sql ] [ SQL ] SELECT `name` FROM `lib_label_list` WHERE  `id` = 2 LIMIT 1 [ RunTime:0.000160s ]
[ sql ] [ SQL ] SELECT `account` FROM `lib_admin_user` WHERE  `id` = 1 LIMIT 1 [ RunTime:0.000156s ]
[ sql ] [ SQL ] SELECT `name` FROM `lib_label_list` WHERE  `id` = 1 LIMIT 1 [ RunTime:0.000175s ]
[ sql ] [ SQL ] SELECT `account` FROM `lib_admin_user` WHERE  `id` = 1 LIMIT 1 [ RunTime:0.000169s ]
[ sql ] [ SQL ] SELECT `name` FROM `lib_label_list` WHERE  `id` = 2 LIMIT 1 [ RunTime:0.000154s ]
[ sql ] [ SQL ] SELECT `account` FROM `lib_admin_user` WHERE  `id` = 1 LIMIT 1 [ RunTime:0.000171s ]
---------------------------------------------------------------
[ 2018-09-27T17:35:30+08:00 ] 64.74.215.1 GET /
[ sql ] [ DB ] CONNECT:[ UseTime:0.000628s ] mysql:host=127.0.0.1;dbname=lib;charset=utf8
[ sql ] [ SQL ] SHOW COLUMNS FROM `lib_label_list` [ RunTime:0.000743s ]
[ sql ] [ SQL ] SELECT `id`,`name` FROM `lib_label_list` WHERE  `status` = 1  AND `isdelete` = 0 [ RunTime:0.000201s ]
[ sql ] [ SQL ] SHOW COLUMNS FROM `lib_label_article` [ RunTime:0.000579s ]
[ sql ] [ SQL ] SELECT `id`,`name`,`read_account` FROM `lib_label_article` WHERE  `status` = 1  AND `isdelete` = 0 ORDER BY `read_account` DESC,`id` LIMIT 5 [ RunTime:0.000288s ]
[ sql ] [ SQL ] SELECT `id` FROM `lib_label_list` WHERE  `status` = 1  AND `isdelete` = 0 [ RunTime:0.000158s ]
[ sql ] [ SQL ] SELECT COUNT(*) AS tp_count FROM `lib_label_article` WHERE  `label_id` IN (1,2) LIMIT 1 [ RunTime:0.000223s ]
[ sql ] [ SQL ] SELECT `id`,`name`,`read_account`,`label_id`,`author_id`,`create_time` FROM `lib_label_article` WHERE  `label_id` IN (1,2) ORDER BY `create_time` DESC LIMIT 0,5 [ RunTime:0.000184s ]
[ sql ] [ SQL ] SELECT `name` FROM `lib_label_list` WHERE  `id` = 1 LIMIT 1 [ RunTime:0.000169s ]
[ sql ] [ SQL ] SHOW COLUMNS FROM `lib_admin_user` [ RunTime:0.000572s ]
[ sql ] [ SQL ] SELECT `account` FROM `lib_admin_user` WHERE  `id` = 1 LIMIT 1 [ RunTime:0.000163s ]
[ sql ] [ SQL ] SELECT `name` FROM `lib_label_list` WHERE  `id` = 2 LIMIT 1 [ RunTime:0.000151s ]
[ sql ] [ SQL ] SELECT `account` FROM `lib_admin_user` WHERE  `id` = 1 LIMIT 1 [ RunTime:0.000168s ]
[ sql ] [ SQL ] SELECT `name` FROM `lib_label_list` WHERE  `id` = 2 LIMIT 1 [ RunTime:0.000156s ]
[ sql ] [ SQL ] SELECT `account` FROM `lib_admin_user` WHERE  `id` = 1 LIMIT 1 [ RunTime:0.000145s ]
[ sql ] [ SQL ] SELECT `name` FROM `lib_label_list` WHERE  `id` = 1 LIMIT 1 [ RunTime:0.000163s ]
[ sql ] [ SQL ] SELECT `account` FROM `lib_admin_user` WHERE  `id` = 1 LIMIT 1 [ RunTime:0.000147s ]
[ sql ] [ SQL ] SELECT `name` FROM `lib_label_list` WHERE  `id` = 2 LIMIT 1 [ RunTime:0.000144s ]
[ sql ] [ SQL ] SELECT `account` FROM `lib_admin_user` WHERE  `id` = 1 LIMIT 1 [ RunTime:0.000160s ]
---------------------------------------------------------------
[ 2018-09-27T18:06:15+08:00 ] 209.95.143.254 GET /
[ sql ] [ DB ] CONNECT:[ UseTime:0.000647s ] mysql:host=127.0.0.1;dbname=lib;charset=utf8
[ sql ] [ SQL ] SHOW COLUMNS FROM `lib_label_list` [ RunTime:0.001336s ]
[ sql ] [ SQL ] SELECT `id`,`name` FROM `lib_label_list` WHERE  `status` = 1  AND `isdelete` = 0 [ RunTime:0.000224s ]
[ sql ] [ SQL ] SHOW COLUMNS FROM `lib_label_article` [ RunTime:0.000603s ]
[ sql ] [ SQL ] SELECT `id`,`name`,`read_account` FROM `lib_label_article` WHERE  `status` = 1  AND `isdelete` = 0 ORDER BY `read_account` DESC,`id` LIMIT 5 [ RunTime:0.000184s ]
[ sql ] [ SQL ] SELECT `id` FROM `lib_label_list` WHERE  `status` = 1  AND `isdelete` = 0 [ RunTime:0.000184s ]
[ sql ] [ SQL ] SELECT COUNT(*) AS tp_count FROM `lib_label_article` WHERE  `label_id` IN (1,2) LIMIT 1 [ RunTime:0.000217s ]
[ sql ] [ SQL ] SELECT `id`,`name`,`read_account`,`label_id`,`author_id`,`create_time` FROM `lib_label_article` WHERE  `label_id` IN (1,2) ORDER BY `create_time` DESC LIMIT 0,5 [ RunTime:0.000178s ]
[ sql ] [ SQL ] SELECT `name` FROM `lib_label_list` WHERE  `id` = 1 LIMIT 1 [ RunTime:0.000179s ]
[ sql ] [ SQL ] SHOW COLUMNS FROM `lib_admin_user` [ RunTime:0.000592s ]
[ sql ] [ SQL ] SELECT `account` FROM `lib_admin_user` WHERE  `id` = 1 LIMIT 1 [ RunTime:0.000174s ]
[ sql ] [ SQL ] SELECT `name` FROM `lib_label_list` WHERE  `id` = 2 LIMIT 1 [ RunTime:0.000159s ]
[ sql ] [ SQL ] SELECT `account` FROM `lib_admin_user` WHERE  `id` = 1 LIMIT 1 [ RunTime:0.000159s ]
[ sql ] [ SQL ] SELECT `name` FROM `lib_label_list` WHERE  `id` = 2 LIMIT 1 [ RunTime:0.000157s ]
[ sql ] [ SQL ] SELECT `account` FROM `lib_admin_user` WHERE  `id` = 1 LIMIT 1 [ RunTime:0.000177s ]
[ sql ] [ SQL ] SELECT `name` FROM `lib_label_list` WHERE  `id` = 1 LIMIT 1 [ RunTime:0.000154s ]
[ sql ] [ SQL ] SELECT `account` FROM `lib_admin_user` WHERE  `id` = 1 LIMIT 1 [ RunTime:0.000163s ]
[ sql ] [ SQL ] SELECT `name` FROM `lib_label_list` WHERE  `id` = 2 LIMIT 1 [ RunTime:0.000170s ]
[ sql ] [ SQL ] SELECT `account` FROM `lib_admin_user` WHERE  `id` = 1 LIMIT 1 [ RunTime:0.000167s ]
---------------------------------------------------------------
[ 2018-09-27T18:09:14+08:00 ] 121.196.193.201 OPTIONS /
[ sql ] [ DB ] CONNECT:[ UseTime:0.000644s ] mysql:host=127.0.0.1;dbname=lib;charset=utf8
[ sql ] [ SQL ] SHOW COLUMNS FROM `lib_label_list` [ RunTime:0.000774s ]
[ sql ] [ SQL ] SELECT `id`,`name` FROM `lib_label_list` WHERE  `status` = 1  AND `isdelete` = 0 [ RunTime:0.000214s ]
[ sql ] [ SQL ] SHOW COLUMNS FROM `lib_label_article` [ RunTime:0.000635s ]
[ sql ] [ SQL ] SELECT `id`,`name`,`read_account` FROM `lib_label_article` WHERE  `status` = 1  AND `isdelete` = 0 ORDER BY `read_account` DESC,`id` LIMIT 5 [ RunTime:0.000207s ]
[ sql ] [ SQL ] SELECT `id` FROM `lib_label_list` WHERE  `status` = 1  AND `isdelete` = 0 [ RunTime:0.000164s ]
[ sql ] [ SQL ] SELECT COUNT(*) AS tp_count FROM `lib_label_article` WHERE  `label_id` IN (1,2) LIMIT 1 [ RunTime:0.000213s ]
[ sql ] [ SQL ] SELECT `id`,`name`,`read_account`,`label_id`,`author_id`,`create_time` FROM `lib_label_article` WHERE  `label_id` IN (1,2) ORDER BY `create_time` DESC LIMIT 0,5 [ RunTime:0.000188s ]
[ sql ] [ SQL ] SELECT `name` FROM `lib_label_list` WHERE  `id` = 1 LIMIT 1 [ RunTime:0.000196s ]
[ sql ] [ SQL ] SHOW COLUMNS FROM `lib_admin_user` [ RunTime:0.000607s ]
[ sql ] [ SQL ] SELECT `account` FROM `lib_admin_user` WHERE  `id` = 1 LIMIT 1 [ RunTime:0.000163s ]
[ sql ] [ SQL ] SELECT `name` FROM `lib_label_list` WHERE  `id` = 2 LIMIT 1 [ RunTime:0.000186s ]
[ sql ] [ SQL ] SELECT `account` FROM `lib_admin_user` WHERE  `id` = 1 LIMIT 1 [ RunTime:0.000159s ]
[ sql ] [ SQL ] SELECT `name` FROM `lib_label_list` WHERE  `id` = 2 LIMIT 1 [ RunTime:0.000158s ]
[ sql ] [ SQL ] SELECT `account` FROM `lib_admin_user` WHERE  `id` = 1 LIMIT 1 [ RunTime:0.000161s ]
[ sql ] [ SQL ] SELECT `name` FROM `lib_label_list` WHERE  `id` = 1 LIMIT 1 [ RunTime:0.000168s ]
[ sql ] [ SQL ] SELECT `account` FROM `lib_admin_user` WHERE  `id` = 1 LIMIT 1 [ RunTime:0.000154s ]
[ sql ] [ SQL ] SELECT `name` FROM `lib_label_list` WHERE  `id` = 2 LIMIT 1 [ RunTime:0.000157s ]
[ sql ] [ SQL ] SELECT `account` FROM `lib_admin_user` WHERE  `id` = 1 LIMIT 1 [ RunTime:0.000169s ]
---------------------------------------------------------------
[ 2018-09-27T18:19:10+08:00 ] 116.236.146.21 GET /
[ sql ] [ DB ] CONNECT:[ UseTime:0.000707s ] mysql:host=127.0.0.1;dbname=lib;charset=utf8
[ sql ] [ SQL ] SHOW COLUMNS FROM `lib_label_list` [ RunTime:0.001377s ]
[ sql ] [ SQL ] SELECT `id`,`name` FROM `lib_label_list` WHERE  `status` = 1  AND `isdelete` = 0 [ RunTime:0.000242s ]
[ sql ] [ SQL ] SHOW COLUMNS FROM `lib_label_article` [ RunTime:0.000823s ]
[ sql ] [ SQL ] SELECT `id`,`name`,`read_account` FROM `lib_label_article` WHERE  `status` = 1  AND `isdelete` = 0 ORDER BY `read_account` DESC,`id` LIMIT 5 [ RunTime:0.000250s ]
[ sql ] [ SQL ] SELECT `id` FROM `lib_label_list` WHERE  `status` = 1  AND `isdelete` = 0 [ RunTime:0.000205s ]
[ sql ] [ SQL ] SELECT COUNT(*) AS tp_count FROM `lib_label_article` WHERE  `label_id` IN (1,2) LIMIT 1 [ RunTime:0.000222s ]
[ sql ] [ SQL ] SELECT `id`,`name`,`read_account`,`label_id`,`author_id`,`create_time` FROM `lib_label_article` WHERE  `label_id` IN (1,2) ORDER BY `create_time` DESC LIMIT 0,5 [ RunTime:0.000175s ]
[ sql ] [ SQL ] SELECT `name` FROM `lib_label_list` WHERE  `id` = 1 LIMIT 1 [ RunTime:0.000192s ]
[ sql ] [ SQL ] SHOW COLUMNS FROM `lib_admin_user` [ RunTime:0.001289s ]
[ sql ] [ SQL ] SELECT `account` FROM `lib_admin_user` WHERE  `id` = 1 LIMIT 1 [ RunTime:0.000192s ]
[ sql ] [ SQL ] SELECT `name` FROM `lib_label_list` WHERE  `id` = 2 LIMIT 1 [ RunTime:0.000212s ]
[ sql ] [ SQL ] SELECT `account` FROM `lib_admin_user` WHERE  `id` = 1 LIMIT 1 [ RunTime:0.000179s ]
[ sql ] [ SQL ] SELECT `name` FROM `lib_label_list` WHERE  `id` = 2 LIMIT 1 [ RunTime:0.000152s ]
[ sql ] [ SQL ] SELECT `account` FROM `lib_admin_user` WHERE  `id` = 1 LIMIT 1 [ RunTime:0.000170s ]
[ sql ] [ SQL ] SELECT `name` FROM `lib_label_list` WHERE  `id` = 1 LIMIT 1 [ RunTime:0.000160s ]
[ sql ] [ SQL ] SELECT `account` FROM `lib_admin_user` WHERE  `id` = 1 LIMIT 1 [ RunTime:0.000151s ]
[ sql ] [ SQL ] SELECT `name` FROM `lib_label_list` WHERE  `id` = 2 LIMIT 1 [ RunTime:0.000157s ]
[ sql ] [ SQL ] SELECT `account` FROM `lib_admin_user` WHERE  `id` = 1 LIMIT 1 [ RunTime:0.000164s ]
---------------------------------------------------------------
[ 2018-09-27T18:28:16+08:00 ] 151.234.168.235 GET /
[ sql ] [ DB ] CONNECT:[ UseTime:0.000649s ] mysql:host=127.0.0.1;dbname=lib;charset=utf8
[ sql ] [ SQL ] SHOW COLUMNS FROM `lib_label_list` [ RunTime:0.001332s ]
[ sql ] [ SQL ] SELECT `id`,`name` FROM `lib_label_list` WHERE  `status` = 1  AND `isdelete` = 0 [ RunTime:0.000329s ]
[ sql ] [ SQL ] SHOW COLUMNS FROM `lib_label_article` [ RunTime:0.000567s ]
[ sql ] [ SQL ] SELECT `id`,`name`,`read_account` FROM `lib_label_article` WHERE  `status` = 1  AND `isdelete` = 0 ORDER BY `read_account` DESC,`id` LIMIT 5 [ RunTime:0.000179s ]
[ sql ] [ SQL ] SELECT `id` FROM `lib_label_list` WHERE  `status` = 1  AND `isdelete` = 0 [ RunTime:0.000154s ]
[ sql ] [ SQL ] SELECT COUNT(*) AS tp_count FROM `lib_label_article` WHERE  `label_id` IN (1,2) LIMIT 1 [ RunTime:0.000186s ]
[ sql ] [ SQL ] SELECT `id`,`name`,`read_account`,`label_id`,`author_id`,`create_time` FROM `lib_label_article` WHERE  `label_id` IN (1,2) ORDER BY `create_time` DESC LIMIT 0,5 [ RunTime:0.000171s ]
[ sql ] [ SQL ] SELECT `name` FROM `lib_label_list` WHERE  `id` = 1 LIMIT 1 [ RunTime:0.000211s ]
[ sql ] [ SQL ] SHOW COLUMNS FROM `lib_admin_user` [ RunTime:0.000621s ]
[ sql ] [ SQL ] SELECT `account` FROM `lib_admin_user` WHERE  `id` = 1 LIMIT 1 [ RunTime:0.000181s ]
[ sql ] [ SQL ] SELECT `name` FROM `lib_label_list` WHERE  `id` = 2 LIMIT 1 [ RunTime:0.000172s ]
[ sql ] [ SQL ] SELECT `account` FROM `lib_admin_user` WHERE  `id` = 1 LIMIT 1 [ RunTime:0.000164s ]
[ sql ] [ SQL ] SELECT `name` FROM `lib_label_list` WHERE  `id` = 2 LIMIT 1 [ RunTime:0.000171s ]
[ sql ] [ SQL ] SELECT `account` FROM `lib_admin_user` WHERE  `id` = 1 LIMIT 1 [ RunTime:0.000151s ]
[ sql ] [ SQL ] SELECT `name` FROM `lib_label_list` WHERE  `id` = 1 LIMIT 1 [ RunTime:0.000186s ]
[ sql ] [ SQL ] SELECT `account` FROM `lib_admin_user` WHERE  `id` = 1 LIMIT 1 [ RunTime:0.000152s ]
[ sql ] [ SQL ] SELECT `name` FROM `lib_label_list` WHERE  `id` = 2 LIMIT 1 [ RunTime:0.000147s ]
[ sql ] [ SQL ] SELECT `account` FROM `lib_admin_user` WHERE  `id` = 1 LIMIT 1 [ RunTime:0.000150s ]
---------------------------------------------------------------
[ 2018-09-27T19:21:26+08:00 ] 87.228.49.9 GET /
[ sql ] [ DB ] CONNECT:[ UseTime:0.000641s ] mysql:host=127.0.0.1;dbname=lib;charset=utf8
[ sql ] [ SQL ] SHOW COLUMNS FROM `lib_label_list` [ RunTime:0.001341s ]
[ sql ] [ SQL ] SELECT `id`,`name` FROM `lib_label_list` WHERE  `status` = 1  AND `isdelete` = 0 [ RunTime:0.000242s ]
[ sql ] [ SQL ] SHOW COLUMNS FROM `lib_label_article` [ RunTime:0.000590s ]
[ sql ] [ SQL ] SELECT `id`,`name`,`read_account` FROM `lib_label_article` WHERE  `status` = 1  AND `isdelete` = 0 ORDER BY `read_account` DESC,`id` LIMIT 5 [ RunTime:0.000186s ]
[ sql ] [ SQL ] SELECT `id` FROM `lib_label_list` WHERE  `status` = 1  AND `isdelete` = 0 [ RunTime:0.000163s ]
[ sql ] [ SQL ] SELECT COUNT(*) AS tp_count FROM `lib_label_article` WHERE  `label_id` IN (1,2) LIMIT 1 [ RunTime:0.000256s ]
[ sql ] [ SQL ] SELECT `id`,`name`,`read_account`,`label_id`,`author_id`,`create_time` FROM `lib_label_article` WHERE  `label_id` IN (1,2) ORDER BY `create_time` DESC LIMIT 0,5 [ RunTime:0.000176s ]
[ sql ] [ SQL ] SELECT `name` FROM `lib_label_list` WHERE  `id` = 1 LIMIT 1 [ RunTime:0.000257s ]
[ sql ] [ SQL ] SHOW COLUMNS FROM `lib_admin_user` [ RunTime:0.000581s ]
[ sql ] [ SQL ] SELECT `account` FROM `lib_admin_user` WHERE  `id` = 1 LIMIT 1 [ RunTime:0.000184s ]
[ sql ] [ SQL ] SELECT `name` FROM `lib_label_list` WHERE  `id` = 2 LIMIT 1 [ RunTime:0.000160s ]
[ sql ] [ SQL ] SELECT `account` FROM `lib_admin_user` WHERE  `id` = 1 LIMIT 1 [ RunTime:0.000158s ]
[ sql ] [ SQL ] SELECT `name` FROM `lib_label_list` WHERE  `id` = 2 LIMIT 1 [ RunTime:0.000159s ]
[ sql ] [ SQL ] SELECT `account` FROM `lib_admin_user` WHERE  `id` = 1 LIMIT 1 [ RunTime:0.000156s ]
[ sql ] [ SQL ] SELECT `name` FROM `lib_label_list` WHERE  `id` = 1 LIMIT 1 [ RunTime:0.000163s ]
[ sql ] [ SQL ] SELECT `account` FROM `lib_admin_user` WHERE  `id` = 1 LIMIT 1 [ RunTime:0.000159s ]
[ sql ] [ SQL ] SELECT `name` FROM `lib_label_list` WHERE  `id` = 2 LIMIT 1 [ RunTime:0.000154s ]
[ sql ] [ SQL ] SELECT `account` FROM `lib_admin_user` WHERE  `id` = 1 LIMIT 1 [ RunTime:0.000168s ]
---------------------------------------------------------------
[ 2018-09-27T22:13:27+08:00 ] 219.234.81.11 GET /
[ sql ] [ DB ] CONNECT:[ UseTime:0.000648s ] mysql:host=127.0.0.1;dbname=lib;charset=utf8
[ sql ] [ SQL ] SHOW COLUMNS FROM `lib_label_list` [ RunTime:0.000786s ]
[ sql ] [ SQL ] SELECT `id`,`name` FROM `lib_label_list` WHERE  `status` = 1  AND `isdelete` = 0 [ RunTime:0.000212s ]
[ sql ] [ SQL ] SHOW COLUMNS FROM `lib_label_article` [ RunTime:0.000591s ]
[ sql ] [ SQL ] SELECT `id`,`name`,`read_account` FROM `lib_label_article` WHERE  `status` = 1  AND `isdelete` = 0 ORDER BY `read_account` DESC,`id` LIMIT 5 [ RunTime:0.000193s ]
[ sql ] [ SQL ] SELECT `id` FROM `lib_label_list` WHERE  `status` = 1  AND `isdelete` = 0 [ RunTime:0.000167s ]
[ sql ] [ SQL ] SELECT COUNT(*) AS tp_count FROM `lib_label_article` WHERE  `label_id` IN (1,2) LIMIT 1 [ RunTime:0.000240s ]
[ sql ] [ SQL ] SELECT `id`,`name`,`read_account`,`label_id`,`author_id`,`create_time` FROM `lib_label_article` WHERE  `label_id` IN (1,2) ORDER BY `create_time` DESC LIMIT 0,5 [ RunTime:0.000180s ]
[ sql ] [ SQL ] SELECT `name` FROM `lib_label_list` WHERE  `id` = 1 LIMIT 1 [ RunTime:0.000182s ]
[ sql ] [ SQL ] SHOW COLUMNS FROM `lib_admin_user` [ RunTime:0.000632s ]
[ sql ] [ SQL ] SELECT `account` FROM `lib_admin_user` WHERE  `id` = 1 LIMIT 1 [ RunTime:0.000161s ]
[ sql ] [ SQL ] SELECT `name` FROM `lib_label_list` WHERE  `id` = 2 LIMIT 1 [ RunTime:0.000176s ]
[ sql ] [ SQL ] SELECT `account` FROM `lib_admin_user` WHERE  `id` = 1 LIMIT 1 [ RunTime:0.000163s ]
[ sql ] [ SQL ] SELECT `name` FROM `lib_label_list` WHERE  `id` = 2 LIMIT 1 [ RunTime:0.000157s ]
[ sql ] [ SQL ] SELECT `account` FROM `lib_admin_user` WHERE  `id` = 1 LIMIT 1 [ RunTime:0.000180s ]
[ sql ] [ SQL ] SELECT `name` FROM `lib_label_list` WHERE  `id` = 1 LIMIT 1 [ RunTime:0.000155s ]
[ sql ] [ SQL ] SELECT `account` FROM `lib_admin_user` WHERE  `id` = 1 LIMIT 1 [ RunTime:0.000156s ]
[ sql ] [ SQL ] SELECT `name` FROM `lib_label_list` WHERE  `id` = 2 LIMIT 1 [ RunTime:0.000172s ]
[ sql ] [ SQL ] SELECT `account` FROM `lib_admin_user` WHERE  `id` = 1 LIMIT 1 [ RunTime:0.000157s ]
---------------------------------------------------------------
[ 2018-09-27T22:18:56+08:00 ] 78.186.139.222 GET /
[ sql ] [ DB ] CONNECT:[ UseTime:0.000614s ] mysql:host=127.0.0.1;dbname=lib;charset=utf8
[ sql ] [ SQL ] SHOW COLUMNS FROM `lib_label_list` [ RunTime:0.000732s ]
[ sql ] [ SQL ] SELECT `id`,`name` FROM `lib_label_list` WHERE  `status` = 1  AND `isdelete` = 0 [ RunTime:0.000227s ]
[ sql ] [ SQL ] SHOW COLUMNS FROM `lib_label_article` [ RunTime:0.000574s ]
[ sql ] [ SQL ] SELECT `id`,`name`,`read_account` FROM `lib_label_article` WHERE  `status` = 1  AND `isdelete` = 0 ORDER BY `read_account` DESC,`id` LIMIT 5 [ RunTime:0.000187s ]
[ sql ] [ SQL ] SELECT `id` FROM `lib_label_list` WHERE  `status` = 1  AND `isdelete` = 0 [ RunTime:0.000173s ]
[ sql ] [ SQL ] SELECT COUNT(*) AS tp_count FROM `lib_label_article` WHERE  `label_id` IN (1,2) LIMIT 1 [ RunTime:0.000217s ]
[ sql ] [ SQL ] SELECT `id`,`name`,`read_account`,`label_id`,`author_id`,`create_time` FROM `lib_label_article` WHERE  `label_id` IN (1,2) ORDER BY `create_time` DESC LIMIT 0,5 [ RunTime:0.000190s ]
[ sql ] [ SQL ] SELECT `name` FROM `lib_label_list` WHERE  `id` = 1 LIMIT 1 [ RunTime:0.000190s ]
[ sql ] [ SQL ] SHOW COLUMNS FROM `lib_admin_user` [ RunTime:0.000571s ]
[ sql ] [ SQL ] SELECT `account` FROM `lib_admin_user` WHERE  `id` = 1 LIMIT 1 [ RunTime:0.000155s ]
[ sql ] [ SQL ] SELECT `name` FROM `lib_label_list` WHERE  `id` = 2 LIMIT 1 [ RunTime:0.000150s ]
[ sql ] [ SQL ] SELECT `account` FROM `lib_admin_user` WHERE  `id` = 1 LIMIT 1 [ RunTime:0.000150s ]
[ sql ] [ SQL ] SELECT `name` FROM `lib_label_list` WHERE  `id` = 2 LIMIT 1 [ RunTime:0.000149s ]
[ sql ] [ SQL ] SELECT `account` FROM `lib_admin_user` WHERE  `id` = 1 LIMIT 1 [ RunTime:0.000148s ]
[ sql ] [ SQL ] SELECT `name` FROM `lib_label_list` WHERE  `id` = 1 LIMIT 1 [ RunTime:0.000165s ]
[ sql ] [ SQL ] SELECT `account` FROM `lib_admin_user` WHERE  `id` = 1 LIMIT 1 [ RunTime:0.000150s ]
[ sql ] [ SQL ] SELECT `name` FROM `lib_label_list` WHERE  `id` = 2 LIMIT 1 [ RunTime:0.000145s ]
[ sql ] [ SQL ] SELECT `account` FROM `lib_admin_user` WHERE  `id` = 1 LIMIT 1 [ RunTime:0.000147s ]
---------------------------------------------------------------
[ 2018-09-27T23:22:10+08:00 ] 18.136.124.166 GET /
[ sql ] [ DB ] CONNECT:[ UseTime:0.000621s ] mysql:host=127.0.0.1;dbname=lib;charset=utf8
[ sql ] [ SQL ] SHOW COLUMNS FROM `lib_label_list` [ RunTime:0.001625s ]
[ sql ] [ SQL ] SELECT `id`,`name` FROM `lib_label_list` WHERE  `status` = 1  AND `isdelete` = 0 [ RunTime:0.000243s ]
[ sql ] [ SQL ] SHOW COLUMNS FROM `lib_label_article` [ RunTime:0.000587s ]
[ sql ] [ SQL ] SELECT `id`,`name`,`read_account` FROM `lib_label_article` WHERE  `status` = 1  AND `isdelete` = 0 ORDER BY `read_account` DESC,`id` LIMIT 5 [ RunTime:0.000204s ]
[ sql ] [ SQL ] SELECT `id` FROM `lib_label_list` WHERE  `status` = 1  AND `isdelete` = 0 [ RunTime:0.000162s ]
[ sql ] [ SQL ] SELECT COUNT(*) AS tp_count FROM `lib_label_article` WHERE  `label_id` IN (1,2) LIMIT 1 [ RunTime:0.000274s ]
[ sql ] [ SQL ] SELECT `id`,`name`,`read_account`,`label_id`,`author_id`,`create_time` FROM `lib_label_article` WHERE  `label_id` IN (1,2) ORDER BY `create_time` DESC LIMIT 0,5 [ RunTime:0.000178s ]
[ sql ] [ SQL ] SELECT `name` FROM `lib_label_list` WHERE  `id` = 1 LIMIT 1 [ RunTime:0.000181s ]
[ sql ] [ SQL ] SHOW COLUMNS FROM `lib_admin_user` [ RunTime:0.000597s ]
[ sql ] [ SQL ] SELECT `account` FROM `lib_admin_user` WHERE  `id` = 1 LIMIT 1 [ RunTime:0.000176s ]
[ sql ] [ SQL ] SELECT `name` FROM `lib_label_list` WHERE  `id` = 2 LIMIT 1 [ RunTime:0.000163s ]
[ sql ] [ SQL ] SELECT `account` FROM `lib_admin_user` WHERE  `id` = 1 LIMIT 1 [ RunTime:0.000157s ]
[ sql ] [ SQL ] SELECT `name` FROM `lib_label_list` WHERE  `id` = 2 LIMIT 1 [ RunTime:0.000156s ]
[ sql ] [ SQL ] SELECT `account` FROM `lib_admin_user` WHERE  `id` = 1 LIMIT 1 [ RunTime:0.000160s ]
[ sql ] [ SQL ] SELECT `name` FROM `lib_label_list` WHERE  `id` = 1 LIMIT 1 [ RunTime:0.000154s ]
[ sql ] [ SQL ] SELECT `account` FROM `lib_admin_user` WHERE  `id` = 1 LIMIT 1 [ RunTime:0.000178s ]
[ sql ] [ SQL ] SELECT `name` FROM `lib_label_list` WHERE  `id` = 2 LIMIT 1 [ RunTime:0.000155s ]
[ sql ] [ SQL ] SELECT `account` FROM `lib_admin_user` WHERE  `id` = 1 LIMIT 1 [ RunTime:0.000169s ]
---------------------------------------------------------------
[ 2018-09-27T23:43:22+08:00 ] 121.196.193.201 OPTIONS /
[ sql ] [ DB ] CONNECT:[ UseTime:0.000584s ] mysql:host=127.0.0.1;dbname=lib;charset=utf8
[ sql ] [ SQL ] SHOW COLUMNS FROM `lib_label_list` [ RunTime:0.001309s ]
[ sql ] [ SQL ] SELECT `id`,`name` FROM `lib_label_list` WHERE  `status` = 1  AND `isdelete` = 0 [ RunTime:0.000212s ]
[ sql ] [ SQL ] SHOW COLUMNS FROM `lib_label_article` [ RunTime:0.000575s ]
[ sql ] [ SQL ] SELECT `id`,`name`,`read_account` FROM `lib_label_article` WHERE  `status` = 1  AND `isdelete` = 0 ORDER BY `read_account` DESC,`id` LIMIT 5 [ RunTime:0.000173s ]
[ sql ] [ SQL ] SELECT `id` FROM `lib_label_list` WHERE  `status` = 1  AND `isdelete` = 0 [ RunTime:0.000175s ]
[ sql ] [ SQL ] SELECT COUNT(*) AS tp_count FROM `lib_label_article` WHERE  `label_id` IN (1,2) LIMIT 1 [ RunTime:0.000214s ]
[ sql ] [ SQL ] SELECT `id`,`name`,`read_account`,`label_id`,`author_id`,`create_time` FROM `lib_label_article` WHERE  `label_id` IN (1,2) ORDER BY `create_time` DESC LIMIT 0,5 [ RunTime:0.000172s ]
[ sql ] [ SQL ] SELECT `name` FROM `lib_label_list` WHERE  `id` = 1 LIMIT 1 [ RunTime:0.000229s ]
[ sql ] [ SQL ] SHOW COLUMNS FROM `lib_admin_user` [ RunTime:0.000817s ]
[ sql ] [ SQL ] SELECT `account` FROM `lib_admin_user` WHERE  `id` = 1 LIMIT 1 [ RunTime:0.000207s ]
[ sql ] [ SQL ] SELECT `name` FROM `lib_label_list` WHERE  `id` = 2 LIMIT 1 [ RunTime:0.000210s ]
[ sql ] [ SQL ] SELECT `account` FROM `lib_admin_user` WHERE  `id` = 1 LIMIT 1 [ RunTime:0.000206s ]
[ sql ] [ SQL ] SELECT `name` FROM `lib_label_list` WHERE  `id` = 2 LIMIT 1 [ RunTime:0.000153s ]
[ sql ] [ SQL ] SELECT `account` FROM `lib_admin_user` WHERE  `id` = 1 LIMIT 1 [ RunTime:0.000148s ]
[ sql ] [ SQL ] SELECT `name` FROM `lib_label_list` WHERE  `id` = 1 LIMIT 1 [ RunTime:0.000157s ]
[ sql ] [ SQL ] SELECT `account` FROM `lib_admin_user` WHERE  `id` = 1 LIMIT 1 [ RunTime:0.000149s ]
[ sql ] [ SQL ] SELECT `name` FROM `lib_label_list` WHERE  `id` = 2 LIMIT 1 [ RunTime:0.000146s ]
[ sql ] [ SQL ] SELECT `account` FROM `lib_admin_user` WHERE  `id` = 1 LIMIT 1 [ RunTime:0.000158s ]
---------------------------------------------------------------
[ 2018-09-27T23:55:05+08:00 ] 122.14.218.149 GET /
[ sql ] [ DB ] CONNECT:[ UseTime:0.000646s ] mysql:host=127.0.0.1;dbname=lib;charset=utf8
[ sql ] [ SQL ] SHOW COLUMNS FROM `lib_label_list` [ RunTime:0.000743s ]
[ sql ] [ SQL ] SELECT `id`,`name` FROM `lib_label_list` WHERE  `status` = 1  AND `isdelete` = 0 [ RunTime:0.000201s ]
[ sql ] [ SQL ] SHOW COLUMNS FROM `lib_label_article` [ RunTime:0.000588s ]
[ sql ] [ SQL ] SELECT `id`,`name`,`read_account` FROM `lib_label_article` WHERE  `status` = 1  AND `isdelete` = 0 ORDER BY `read_account` DESC,`id` LIMIT 5 [ RunTime:0.000174s ]
[ sql ] [ SQL ] SELECT `id` FROM `lib_label_list` WHERE  `status` = 1  AND `isdelete` = 0 [ RunTime:0.000153s ]
[ sql ] [ SQL ] SELECT COUNT(*) AS tp_count FROM `lib_label_article` WHERE  `label_id` IN (1,2) LIMIT 1 [ RunTime:0.000188s ]
[ sql ] [ SQL ] SELECT `id`,`name`,`read_account`,`label_id`,`author_id`,`create_time` FROM `lib_label_article` WHERE  `label_id` IN (1,2) ORDER BY `create_time` DESC LIMIT 0,5 [ RunTime:0.000186s ]
[ sql ] [ SQL ] SELECT `name` FROM `lib_label_list` WHERE  `id` = 1 LIMIT 1 [ RunTime:0.000226s ]
[ sql ] [ SQL ] SHOW COLUMNS FROM `lib_admin_user` [ RunTime:0.000559s ]
[ sql ] [ SQL ] SELECT `account` FROM `lib_admin_user` WHERE  `id` = 1 LIMIT 1 [ RunTime:0.000169s ]
[ sql ] [ SQL ] SELECT `name` FROM `lib_label_list` WHERE  `id` = 2 LIMIT 1 [ RunTime:0.000151s ]
[ sql ] [ SQL ] SELECT `account` FROM `lib_admin_user` WHERE  `id` = 1 LIMIT 1 [ RunTime:0.000148s ]
[ sql ] [ SQL ] SELECT `name` FROM `lib_label_list` WHERE  `id` = 2 LIMIT 1 [ RunTime:0.000151s ]
[ sql ] [ SQL ] SELECT `account` FROM `lib_admin_user` WHERE  `id` = 1 LIMIT 1 [ RunTime:0.000148s ]
[ sql ] [ SQL ] SELECT `name` FROM `lib_label_list` WHERE  `id` = 1 LIMIT 1 [ RunTime:0.000145s ]
[ sql ] [ SQL ] SELECT `account` FROM `lib_admin_user` WHERE  `id` = 1 LIMIT 1 [ RunTime:0.000151s ]
[ sql ] [ SQL ] SELECT `name` FROM `lib_label_list` WHERE  `id` = 2 LIMIT 1 [ RunTime:0.000146s ]
[ sql ] [ SQL ] SELECT `account` FROM `lib_admin_user` WHERE  `id` = 1 LIMIT 1 [ RunTime:0.000147s ]
